2018-04-23 08:42:52.660 [main] INFO  org.com.coolfish.Application -Starting Application on DESKTOP-KQUPCBR with PID 4984 (D:\DevelopTools\GitHub\coolfish-master\coolfish-telprovider\target\classes started by LINGHUI in D:\DevelopTools\GitHub\coolfish-master\coolfish-telprovider)
2018-04-23 08:42:52.660 [main] INFO  org.com.coolfish.Application -The following profiles are active: dev
2018-04-23 08:42:52.690 [main] INFO  o.s.b.c.e.AnnotationConfigEmbeddedWebApplicationContext -Refreshing org.springframework.boot.context.embedded.AnnotationConfigEmbeddedWebApplicationContext@41fecb8b: startup date [Mon Apr 23 08:42:52 CST 2018]; root of context hierarchy
2018-04-23 08:42:53.141 [main] INFO  o.s.d.r.c.RepositoryConfigurationDelegate -Multiple Spring Data modules found, entering strict repository configuration mode!
2018-04-23 08:42:53.179 [main] INFO  o.s.d.r.c.RepositoryConfigurationDelegate -Multiple Spring Data modules found, entering strict repository configuration mode!
2018-04-23 08:42:53.199 [main] INFO  o.s.d.r.c.RepositoryConfigurationExtensionSupport -Spring Data Redis - Could not safely identify store assignment for repository candidate interface org.com.coolfish.repository.KuyuCardRepository.
2018-04-23 08:42:53.199 [main] INFO  o.s.d.r.c.RepositoryConfigurationExtensionSupport -Spring Data Redis - Could not safely identify store assignment for repository candidate interface org.com.coolfish.repository.KuyuAddPackageRepository.
2018-04-23 08:42:53.389 [main] INFO  o.s.c.s.PostProcessorRegistrationDelegate$BeanPostProcessorChecker -Bean 'taskExecutorConfig' of type [org.com.coolfish.config.TaskExecutorConfig$$EnhancerBySpringCGLIB$$e0304ba] is not eligible for getting processed by all BeanPostProcessors (for example: not eligible for auto-proxying)
2018-04-23 08:42:53.389 [main] INFO  o.s.s.c.ThreadPoolTaskExecutor -Initializing ExecutorService 
2018-04-23 08:42:53.429 [main] INFO  o.s.c.s.PostProcessorRegistrationDelegate$BeanPostProcessorChecker -Bean 'org.springframework.amqp.rabbit.annotation.RabbitBootstrapConfiguration' of type [org.springframework.amqp.rabbit.annotation.RabbitBootstrapConfiguration$$EnhancerBySpringCGLIB$$44c60113] is not eligible for getting processed by all BeanPostProcessors (for example: not eligible for auto-proxying)
2018-04-23 08:42:53.790 [main] INFO  o.s.b.c.e.t.TomcatEmbeddedServletContainer -Tomcat initialized with port(s): 8081 (http)
2018-04-23 08:42:53.800 [main] INFO  o.a.catalina.core.StandardService -Starting service [Tomcat]
2018-04-23 08:42:53.800 [main] INFO  o.a.catalina.core.StandardEngine -Starting Servlet Engine: Apache Tomcat/8.5.23
2018-04-23 08:42:53.880 [localhost-startStop-1] INFO  o.a.c.c.C.[Tomcat].[localhost].[/] -Initializing Spring embedded WebApplicationContext
2018-04-23 08:42:53.880 [localhost-startStop-1] INFO  o.s.web.context.ContextLoader -Root WebApplicationContext: initialization completed in 1190 ms
2018-04-23 08:42:54.010 [localhost-startStop-1] INFO  o.s.b.w.s.ServletRegistrationBean -Mapping servlet: 'dispatcherServlet' to [/]
2018-04-23 08:42:54.010 [localhost-startStop-1] INFO  o.s.b.w.s.FilterRegistrationBean -Mapping filter: 'characterEncodingFilter' to: [/*]
2018-04-23 08:42:54.010 [localhost-startStop-1] INFO  o.s.b.w.s.FilterRegistrationBean -Mapping filter: 'hiddenHttpMethodFilter' to: [/*]
2018-04-23 08:42:54.010 [localhost-startStop-1] INFO  o.s.b.w.s.FilterRegistrationBean -Mapping filter: 'httpPutFormContentFilter' to: [/*]
2018-04-23 08:42:54.010 [localhost-startStop-1] INFO  o.s.b.w.s.FilterRegistrationBean -Mapping filter: 'requestContextFilter' to: [/*]
2018-04-23 08:42:54.180 [main] INFO  o.s.o.j.LocalContainerEntityManagerFactoryBean -Building JPA container EntityManagerFactory for persistence unit 'default'
2018-04-23 08:42:54.189 [main] INFO  o.h.jpa.internal.util.LogHelper -HHH000204: Processing PersistenceUnitInfo [
	name: default
	...]
2018-04-23 08:42:54.249 [main] INFO  org.hibernate.Version -HHH000412: Hibernate Core {5.0.12.Final}
2018-04-23 08:42:54.259 [main] INFO  org.hibernate.cfg.Environment -HHH000206: hibernate.properties not found
2018-04-23 08:42:54.259 [main] INFO  org.hibernate.cfg.Environment -HHH000021: Bytecode provider name : javassist
2018-04-23 08:42:54.289 [main] INFO  o.h.annotations.common.Version -HCANN000001: Hibernate Commons Annotations {5.0.1.Final}
2018-04-23 08:42:54.419 [main] INFO  c.alibaba.druid.pool.DruidDataSource -{dataSource-1} inited
2018-04-23 08:42:54.549 [main] INFO  org.hibernate.dialect.Dialect -HHH000400: Using dialect: org.hibernate.dialect.MySQL5Dialect
2018-04-23 08:42:54.889 [main] INFO  org.hibernate.tuple.PojoInstantiator -HHH000182: No default (no-argument) constructor for class: org.com.coolfish.entity.KuyuCard (class must be instantiated by Interceptor)
2018-04-23 08:42:54.939 [main] INFO  o.h.tool.hbm2ddl.SchemaUpdate -HHH000228: Running hbm2ddl schema update
2018-04-23 08:42:55.099 [main] INFO  o.s.o.j.LocalContainerEntityManagerFactoryBean -Initialized JPA EntityManagerFactory for persistence unit 'default'
2018-04-23 08:42:55.269 [main] INFO  o.h.h.i.QueryTranslatorFactoryInitiator -HHH000397: Using ASTQueryTranslatorFactory
2018-04-23 08:42:55.844 [main] INFO  o.s.w.s.m.m.a.RequestMappingHandlerAdapter -Looking for @ControllerAdvice: org.springframework.boot.context.embedded.AnnotationConfigEmbeddedWebApplicationContext@41fecb8b: startup date [Mon Apr 23 08:42:52 CST 2018]; root of context hierarchy
2018-04-23 08:42:55.894 [main] INFO  o.s.w.s.m.m.a.RequestMappingHandlerMapping -Mapped "{[/error]}" onto public org.springframework.http.ResponseEntity<java.util.Map<java.lang.String, java.lang.Object>> org.springframework.boot.autoconfigure.web.BasicErrorController.error(javax.servlet.http.HttpServletRequest)
2018-04-23 08:42:55.894 [main] INFO  o.s.w.s.m.m.a.RequestMappingHandlerMapping -Mapped "{[/error],produces=[text/html]}" onto public org.springframework.web.servlet.ModelAndView org.springframework.boot.autoconfigure.web.BasicErrorController.errorHtml(javax.servlet.http.HttpServletRequest,javax.servlet.http.HttpServletResponse)
2018-04-23 08:42:55.924 [main] INFO  o.s.w.s.h.SimpleUrlHandlerMapping -Mapped URL path [/webjars/**] onto handler of type [class org.springframework.web.servlet.resource.ResourceHttpRequestHandler]
2018-04-23 08:42:55.924 [main] INFO  o.s.w.s.h.SimpleUrlHandlerMapping -Mapped URL path [/**] onto handler of type [class org.springframework.web.servlet.resource.ResourceHttpRequestHandler]
2018-04-23 08:42:55.954 [main] INFO  o.s.w.s.h.SimpleUrlHandlerMapping -Mapped URL path [/**/favicon.ico] onto handler of type [class org.springframework.web.servlet.resource.ResourceHttpRequestHandler]
2018-04-23 08:42:56.344 [main] INFO  o.s.j.e.a.AnnotationMBeanExporter -Registering beans for JMX exposure on startup
2018-04-23 08:42:56.348 [main] INFO  o.s.j.e.a.AnnotationMBeanExporter -Bean with name 'dataSource' has been autodetected for JMX exposure
2018-04-23 08:42:56.348 [main] INFO  o.s.j.e.a.AnnotationMBeanExporter -Bean with name 'rabbitConnectionFactory' has been autodetected for JMX exposure
2018-04-23 08:42:56.348 [main] INFO  o.s.j.e.a.AnnotationMBeanExporter -Located MBean 'dataSource': registering with JMX server as MBean [com.alibaba.druid.pool:name=dataSource,type=DruidDataSource]
2018-04-23 08:42:56.348 [main] INFO  o.s.j.e.a.AnnotationMBeanExporter -Located managed bean 'rabbitConnectionFactory': registering with JMX server as MBean [org.springframework.amqp.rabbit.connection:name=rabbitConnectionFactory,type=CachingConnectionFactory]
2018-04-23 08:42:56.358 [main] INFO  o.s.c.s.DefaultLifecycleProcessor -Starting beans in phase 2147483647
2018-04-23 08:42:56.408 [main] INFO  o.s.b.c.e.t.TomcatEmbeddedServletContainer -Tomcat started on port(s): 8081 (http)
2018-04-23 08:42:56.458 [main] INFO  o.c.c.s.MsisdnMonitorScheduler -已订购月套餐的所有号码数量：28
2018-04-23 08:42:56.558 [main] INFO  o.s.a.r.c.CachingConnectionFactory -Created new connection: rabbitConnectionFactory#2026fbff:0/SimpleConnection@6136e1fc [delegate=amqp://cf-m2m@39.108.19.148:5672/, localPort= 50417]
2018-04-23 08:42:56.588 [main] INFO  o.c.c.s.MsisdnMonitorScheduler -加入移动月套餐队列(cmcc-monthly),封装的message为：{"cardid":492420,"operatorid":169,"per":"0.50","retry":0,"slient":0,"store":0,"sumflow":"50331648","tel":"1064619120126","useflow":"0.00","zid":0}
2018-04-23 08:42:56.588 [main] INFO  o.c.c.s.MsisdnMonitorScheduler -加入移动月套餐队列(cmcc-monthly),封装的message为：{"cardid":523796,"operatorid":202,"per":"1.00","retry":0,"slient":0,"store":0,"sumflow":"94371840","tel":"1064710455227","useflow":"0.00","zid":0}
2018-04-23 08:42:56.588 [main] INFO  o.c.c.s.MsisdnMonitorScheduler -加入电信月套餐队列(ctcc-monthly),封装的message为：{"cardid":527482,"operatorid":142,"per":"0.10","retry":0,"slient":0,"store":0,"sumflow":"2097152","tel":"1064790131648","useflow":"0.00","zid":0}
2018-04-23 08:42:56.588 [main] INFO  o.c.c.s.MsisdnMonitorScheduler -加入移动月套餐队列(cmcc-monthly),封装的message为：{"cardid":519200,"operatorid":185,"per":"1.00","retry":0,"slient":0,"store":0,"sumflow":"20971520","tel":"1064790138749","useflow":"0.00","zid":0}
2018-04-23 08:42:56.588 [main] INFO  o.c.c.s.MsisdnMonitorScheduler -加入移动月套餐队列(cmcc-monthly),封装的message为：{"cardid":520399,"operatorid":177,"per":"1.00","retry":0,"slient":0,"store":0,"sumflow":"685768704","tel":"1064935478285","useflow":"10313016.59","zid":0}
2018-04-23 08:42:56.588 [main] INFO  o.c.c.s.MsisdnMonitorScheduler -加入移动月套餐队列(cmcc-monthly),封装的message为：{"cardid":533591,"operatorid":189,"per":"1.00","retry":0,"slient":0,"store":0,"sumflow":"41943040","tel":"1064935483271","useflow":"0.00","zid":0}
2018-04-23 08:42:56.588 [main] INFO  o.c.c.s.MsisdnMonitorScheduler -加入移动月套餐队列(cmcc-monthly),封装的message为：{"cardid":427178,"operatorid":153,"per":"1.00","retry":0,"slient":0,"store":0,"sumflow":"80740352","tel":"1064958309839","useflow":"0.00","zid":0}
2018-04-23 08:42:56.588 [main] INFO  o.c.c.s.MsisdnMonitorScheduler -加入电信月套餐队列(ctcc-monthly),封装的message为：{"cardid":484071,"operatorid":154,"per":"1.00","retry":0,"slient":0,"store":0,"sumflow":"9437184","tel":"1064958336680","useflow":"0.00","zid":0}
2018-04-23 08:42:56.588 [main] INFO  o.c.c.s.MsisdnMonitorScheduler -加入电信月套餐队列(ctcc-monthly),封装的message为：{"cardid":527490,"operatorid":141,"per":"0.50","retry":0,"slient":0,"store":0,"sumflow":"15728640","tel":"1064961581246","useflow":"4238174.32","zid":0}
2018-04-23 08:42:56.588 [main] INFO  o.c.c.s.MsisdnMonitorScheduler -加入电信月套餐队列(ctcc-monthly),封装的message为：{"cardid":527489,"operatorid":141,"per":"1.00","retry":0,"slient":0,"store":0,"sumflow":"131072000","tel":"1064961585471","useflow":"5118965.22","zid":0}
2018-04-23 08:42:56.588 [main] INFO  o.c.c.s.MsisdnMonitorScheduler -加入移动月套餐队列(cmcc-monthly),封装的message为：{"cardid":528992,"operatorid":140,"per":"1.00","retry":0,"slient":0,"store":0,"sumflow":"52428800","tel":"1410308894976","useflow":"0.00","zid":0}
2018-04-23 08:42:56.588 [main] INFO  o.c.c.s.MsisdnMonitorScheduler -加入移动月套餐队列(cmcc-monthly),封装的message为：{"cardid":534165,"operatorid":187,"per":"1.00","retry":0,"slient":0,"store":0,"sumflow":"176160768","tel":"1410308996543","useflow":"7548744.76","zid":0}
2018-04-23 08:42:56.588 [main] INFO  o.c.c.s.MsisdnMonitorScheduler -加入移动月套餐队列(cmcc-monthly),封装的message为：{"cardid":534162,"operatorid":187,"per":"1.00","retry":0,"slient":0,"store":0,"sumflow":"67108864","tel":"1410308996843","useflow":"11821077.56","zid":0}
2018-04-23 08:42:56.588 [main] INFO  o.c.c.s.MsisdnMonitorScheduler -加入移动月套餐队列(cmcc-monthly),封装的message为：{"cardid":534160,"operatorid":187,"per":"1.00","retry":0,"slient":0,"store":0,"sumflow":"125829120","tel":"1410308996903","useflow":"0.00","zid":0}
2018-04-23 08:42:56.588 [main] INFO  o.c.c.s.MsisdnMonitorScheduler -加入移动月套餐队列(cmcc-monthly),封装的message为：{"cardid":534126,"operatorid":187,"per":"1.00","retry":0,"slient":0,"store":0,"sumflow":"134217728","tel":"1410308999027","useflow":"0.00","zid":0}
2018-04-23 08:42:56.588 [main] INFO  o.c.c.s.MsisdnMonitorScheduler -加入移动月套餐队列(cmcc-monthly),封装的message为：{"cardid":534150,"operatorid":187,"per":"1.00","retry":0,"slient":0,"store":0,"sumflow":"83886080","tel":"1410309005787","useflow":"8858871.92","zid":0}
2018-04-23 08:42:56.588 [main] INFO  o.c.c.s.MsisdnMonitorScheduler -加入电信月套餐队列(ctcc-monthly),封装的message为：{"cardid":527484,"operatorid":142,"per":"1.00","retry":0,"slient":0,"store":0,"sumflow":"3145728","tel":"17241863345","useflow":"0.00","zid":0}
2018-04-23 08:42:56.588 [main] INFO  o.c.c.s.MsisdnMonitorScheduler -加入移动月套餐队列(cmcc-monthly),封装的message为：{"cardid":501271,"operatorid":182,"per":"1.00","retry":0,"slient":0,"store":0,"sumflow":"36700160","tel":"17241863466","useflow":"0.00","zid":0}
2018-04-23 08:42:56.588 [main] INFO  o.c.c.s.MsisdnMonitorScheduler -加入移动月套餐队列(cmcc-monthly),封装的message为：{"cardid":501278,"operatorid":182,"per":"1.00","retry":0,"slient":0,"store":0,"sumflow":"63963136","tel":"17241863473","useflow":"1677597.89","zid":0}
2018-04-23 08:42:56.588 [main] INFO  o.c.c.s.MsisdnMonitorScheduler -加入移动月套餐队列(cmcc-monthly),封装的message为：{"cardid":501279,"operatorid":182,"per":"1.00","retry":0,"slient":0,"store":0,"sumflow":"1048576","tel":"17241863474","useflow":"3035138.95","zid":0}
2018-04-23 08:42:56.588 [main] INFO  o.c.c.s.MsisdnMonitorScheduler -加入移动月套餐队列(cmcc-monthly),封装的message为：{"cardid":526444,"operatorid":182,"per":"1.00","retry":0,"slient":0,"store":0,"sumflow":"45088768","tel":"17241866995","useflow":"0.00","zid":0}
2018-04-23 08:42:56.588 [main] INFO  o.c.c.s.MsisdnMonitorScheduler -加入电信月套餐队列(ctcc-monthly),封装的message为：{"cardid":491002,"operatorid":142,"per":"0.50","retry":0,"slient":0,"store":0,"sumflow":"7340032","tel":"17241972063","useflow":"266235.79","zid":0}
2018-04-23 08:42:56.588 [main] INFO  o.c.c.s.MsisdnMonitorScheduler -加入移动月套餐队列(cmcc-monthly),封装的message为：{"cardid":491323,"operatorid":203,"per":"1.00","retry":0,"slient":0,"store":0,"sumflow":"83886080","tel":"17892116287","useflow":"0.00","zid":0}
2018-04-23 08:42:56.588 [main] INFO  o.c.c.s.MsisdnMonitorScheduler -加入移动月套餐队列(cmcc-monthly),封装的message为：{"cardid":491328,"operatorid":203,"per":"1.00","retry":0,"slient":0,"store":0,"sumflow":"83886080","tel":"17892116292","useflow":"0.00","zid":0}
2018-04-23 08:42:56.588 [main] INFO  o.c.c.s.MsisdnMonitorScheduler -加入移动月套餐队列(cmcc-monthly),封装的message为：{"cardid":527443,"operatorid":210,"per":"1.00","retry":0,"slient":0,"store":0,"sumflow":"188743680","tel":"17892118109","useflow":"0.00","zid":0}
2018-04-23 08:42:56.588 [main] INFO  o.c.c.s.MsisdnMonitorScheduler -加入移动月套餐队列(cmcc-monthly),封装的message为：{"cardid":527468,"operatorid":211,"per":"1.00","retry":0,"slient":0,"store":0,"sumflow":"335544320","tel":"17892118134","useflow":"0.00","zid":0}
2018-04-23 08:42:56.588 [main] INFO  o.c.c.s.MsisdnMonitorScheduler -加入移动月套餐队列(cmcc-monthly),封装的message为：{"cardid":526654,"operatorid":210,"per":"1.00","retry":0,"slient":0,"store":0,"sumflow":"41943040","tel":"17892118247","useflow":"10545178.95","zid":0}
2018-04-23 08:42:56.588 [main] INFO  o.c.c.s.MsisdnMonitorScheduler -加入移动月套餐队列(cmcc-monthly),封装的message为：{"cardid":432884,"operatorid":182,"per":"1.00","retry":0,"slient":0,"store":0,"sumflow":"18874368","tel":"18492408556","useflow":"0.00","zid":0}
2018-04-23 08:42:56.588 [main] INFO  org.com.coolfish.Application -Started Application in 4.138 seconds (JVM running for 4.625)
2018-04-23 08:51:59.699 [RMI TCP Connection(2)-127.0.0.1] INFO  o.s.b.a.SpringApplicationAdminMXBeanRegistrar$SpringApplicationAdmin -Application shutdown requested.
2018-04-23 08:51:59.704 [RMI TCP Connection(2)-127.0.0.1] INFO  o.s.b.c.e.AnnotationConfigEmbeddedWebApplicationContext -Closing org.springframework.boot.context.embedded.AnnotationConfigEmbeddedWebApplicationContext@41fecb8b: startup date [Mon Apr 23 08:42:52 CST 2018]; root of context hierarchy
2018-04-23 08:51:59.706 [RMI TCP Connection(2)-127.0.0.1] INFO  o.s.c.s.DefaultLifecycleProcessor -Stopping beans in phase 2147483647
2018-04-23 08:51:59.706 [RMI TCP Connection(2)-127.0.0.1] INFO  o.s.j.e.a.AnnotationMBeanExporter -Unregistering JMX-exposed beans on shutdown
2018-04-23 08:51:59.706 [RMI TCP Connection(2)-127.0.0.1] INFO  o.s.j.e.a.AnnotationMBeanExporter -Unregistering JMX-exposed beans
2018-04-23 08:51:59.726 [RMI TCP Connection(2)-127.0.0.1] INFO  o.s.o.j.LocalContainerEntityManagerFactoryBean -Closing JPA EntityManagerFactory for persistence unit 'default'
2018-04-23 08:51:59.726 [RMI TCP Connection(2)-127.0.0.1] INFO  c.alibaba.druid.pool.DruidDataSource -{dataSource-1} closed
2018-04-23 08:55:26.729 [main] INFO  org.com.coolfish.Application -Starting Application on DESKTOP-KQUPCBR with PID 8592 (D:\DevelopTools\GitHub\coolfish-master\coolfish-telprovider\target\classes started by LINGHUI in D:\DevelopTools\GitHub\coolfish-master\coolfish-telprovider)
2018-04-23 08:55:26.729 [main] INFO  org.com.coolfish.Application -The following profiles are active: dev
2018-04-23 08:55:26.749 [main] INFO  o.s.b.c.e.AnnotationConfigEmbeddedWebApplicationContext -Refreshing org.springframework.boot.context.embedded.AnnotationConfigEmbeddedWebApplicationContext@41fecb8b: startup date [Mon Apr 23 08:55:26 CST 2018]; root of context hierarchy
2018-04-23 08:55:27.139 [main] INFO  o.s.d.r.c.RepositoryConfigurationDelegate -Multiple Spring Data modules found, entering strict repository configuration mode!
2018-04-23 08:55:27.168 [main] INFO  o.s.d.r.c.RepositoryConfigurationDelegate -Multiple Spring Data modules found, entering strict repository configuration mode!
2018-04-23 08:55:27.188 [main] INFO  o.s.d.r.c.RepositoryConfigurationExtensionSupport -Spring Data Redis - Could not safely identify store assignment for repository candidate interface org.com.coolfish.repository.KuyuCardRepository.
2018-04-23 08:55:27.188 [main] INFO  o.s.d.r.c.RepositoryConfigurationExtensionSupport -Spring Data Redis - Could not safely identify store assignment for repository candidate interface org.com.coolfish.repository.KuyuAddPackageRepository.
2018-04-23 08:55:27.381 [main] INFO  o.s.c.s.PostProcessorRegistrationDelegate$BeanPostProcessorChecker -Bean 'taskExecutorConfig' of type [org.com.coolfish.config.TaskExecutorConfig$$EnhancerBySpringCGLIB$$b35b3072] is not eligible for getting processed by all BeanPostProcessors (for example: not eligible for auto-proxying)
2018-04-23 08:55:27.381 [main] INFO  o.s.s.c.ThreadPoolTaskExecutor -Initializing ExecutorService 
2018-04-23 08:55:27.421 [main] INFO  o.s.c.s.PostProcessorRegistrationDelegate$BeanPostProcessorChecker -Bean 'org.springframework.amqp.rabbit.annotation.RabbitBootstrapConfiguration' of type [org.springframework.amqp.rabbit.annotation.RabbitBootstrapConfiguration$$EnhancerBySpringCGLIB$$ea1e2ccb] is not eligible for getting processed by all BeanPostProcessors (for example: not eligible for auto-proxying)
2018-04-23 08:55:27.691 [main] INFO  o.s.b.c.e.t.TomcatEmbeddedServletContainer -Tomcat initialized with port(s): 8081 (http)
2018-04-23 08:55:27.691 [main] INFO  o.a.catalina.core.StandardService -Starting service [Tomcat]
2018-04-23 08:55:27.691 [main] INFO  o.a.catalina.core.StandardEngine -Starting Servlet Engine: Apache Tomcat/8.5.23
2018-04-23 08:55:27.771 [localhost-startStop-1] INFO  o.a.c.c.C.[Tomcat].[localhost].[/] -Initializing Spring embedded WebApplicationContext
2018-04-23 08:55:27.771 [localhost-startStop-1] INFO  o.s.web.context.ContextLoader -Root WebApplicationContext: initialization completed in 1022 ms
2018-04-23 08:55:27.901 [localhost-startStop-1] INFO  o.s.b.w.s.ServletRegistrationBean -Mapping servlet: 'dispatcherServlet' to [/]
2018-04-23 08:55:27.901 [localhost-startStop-1] INFO  o.s.b.w.s.FilterRegistrationBean -Mapping filter: 'characterEncodingFilter' to: [/*]
2018-04-23 08:55:27.901 [localhost-startStop-1] INFO  o.s.b.w.s.FilterRegistrationBean -Mapping filter: 'hiddenHttpMethodFilter' to: [/*]
2018-04-23 08:55:27.901 [localhost-startStop-1] INFO  o.s.b.w.s.FilterRegistrationBean -Mapping filter: 'httpPutFormContentFilter' to: [/*]
2018-04-23 08:55:27.901 [localhost-startStop-1] INFO  o.s.b.w.s.FilterRegistrationBean -Mapping filter: 'requestContextFilter' to: [/*]
2018-04-23 08:55:28.051 [main] INFO  o.s.o.j.LocalContainerEntityManagerFactoryBean -Building JPA container EntityManagerFactory for persistence unit 'default'
2018-04-23 08:55:28.061 [main] INFO  o.h.jpa.internal.util.LogHelper -HHH000204: Processing PersistenceUnitInfo [
	name: default
	...]
2018-04-23 08:55:28.101 [main] INFO  org.hibernate.Version -HHH000412: Hibernate Core {5.0.12.Final}
2018-04-23 08:55:28.101 [main] INFO  org.hibernate.cfg.Environment -HHH000206: hibernate.properties not found
2018-04-23 08:55:28.101 [main] INFO  org.hibernate.cfg.Environment -HHH000021: Bytecode provider name : javassist
2018-04-23 08:55:28.121 [main] INFO  o.h.annotations.common.Version -HCANN000001: Hibernate Commons Annotations {5.0.1.Final}
2018-04-23 08:55:28.202 [main] INFO  c.alibaba.druid.pool.DruidDataSource -{dataSource-1} inited
2018-04-23 08:55:28.321 [main] INFO  org.hibernate.dialect.Dialect -HHH000400: Using dialect: org.hibernate.dialect.MySQL5Dialect
2018-04-23 08:55:28.602 [main] INFO  org.hibernate.tuple.PojoInstantiator -HHH000182: No default (no-argument) constructor for class: org.com.coolfish.entity.KuyuCard (class must be instantiated by Interceptor)
2018-04-23 08:55:28.642 [main] INFO  o.h.tool.hbm2ddl.SchemaUpdate -HHH000228: Running hbm2ddl schema update
2018-04-23 08:55:28.792 [main] INFO  o.s.o.j.LocalContainerEntityManagerFactoryBean -Initialized JPA EntityManagerFactory for persistence unit 'default'
2018-04-23 08:55:28.922 [main] INFO  o.h.h.i.QueryTranslatorFactoryInitiator -HHH000397: Using ASTQueryTranslatorFactory
2018-04-23 08:55:29.431 [main] INFO  o.s.w.s.m.m.a.RequestMappingHandlerAdapter -Looking for @ControllerAdvice: org.springframework.boot.context.embedded.AnnotationConfigEmbeddedWebApplicationContext@41fecb8b: startup date [Mon Apr 23 08:55:26 CST 2018]; root of context hierarchy
2018-04-23 08:55:29.467 [main] INFO  o.s.w.s.m.m.a.RequestMappingHandlerMapping -Mapped "{[/error]}" onto public org.springframework.http.ResponseEntity<java.util.Map<java.lang.String, java.lang.Object>> org.springframework.boot.autoconfigure.web.BasicErrorController.error(javax.servlet.http.HttpServletRequest)
2018-04-23 08:55:29.467 [main] INFO  o.s.w.s.m.m.a.RequestMappingHandlerMapping -Mapped "{[/error],produces=[text/html]}" onto public org.springframework.web.servlet.ModelAndView org.springframework.boot.autoconfigure.web.BasicErrorController.errorHtml(javax.servlet.http.HttpServletRequest,javax.servlet.http.HttpServletResponse)
2018-04-23 08:55:29.497 [main] INFO  o.s.w.s.h.SimpleUrlHandlerMapping -Mapped URL path [/webjars/**] onto handler of type [class org.springframework.web.servlet.resource.ResourceHttpRequestHandler]
2018-04-23 08:55:29.497 [main] INFO  o.s.w.s.h.SimpleUrlHandlerMapping -Mapped URL path [/**] onto handler of type [class org.springframework.web.servlet.resource.ResourceHttpRequestHandler]
2018-04-23 08:55:29.527 [main] INFO  o.s.w.s.h.SimpleUrlHandlerMapping -Mapped URL path [/**/favicon.ico] onto handler of type [class org.springframework.web.servlet.resource.ResourceHttpRequestHandler]
2018-04-23 08:55:29.867 [main] INFO  o.s.j.e.a.AnnotationMBeanExporter -Registering beans for JMX exposure on startup
2018-04-23 08:55:29.867 [main] INFO  o.s.j.e.a.AnnotationMBeanExporter -Bean with name 'dataSource' has been autodetected for JMX exposure
2018-04-23 08:55:29.867 [main] INFO  o.s.j.e.a.AnnotationMBeanExporter -Bean with name 'rabbitConnectionFactory' has been autodetected for JMX exposure
2018-04-23 08:55:29.867 [main] INFO  o.s.j.e.a.AnnotationMBeanExporter -Located MBean 'dataSource': registering with JMX server as MBean [com.alibaba.druid.pool:name=dataSource,type=DruidDataSource]
2018-04-23 08:55:29.867 [main] INFO  o.s.j.e.a.AnnotationMBeanExporter -Located managed bean 'rabbitConnectionFactory': registering with JMX server as MBean [org.springframework.amqp.rabbit.connection:name=rabbitConnectionFactory,type=CachingConnectionFactory]
2018-04-23 08:55:29.887 [main] INFO  o.s.c.s.DefaultLifecycleProcessor -Starting beans in phase 2147483647
2018-04-23 08:55:29.907 [main] INFO  o.s.b.c.e.t.TomcatEmbeddedServletContainer -Tomcat started on port(s): 8081 (http)
2018-04-23 08:55:29.937 [main] INFO  o.c.c.s.MsisdnMonitorScheduler -已订购月套餐的所有号码数量：28
2018-04-23 08:55:30.017 [main] INFO  o.s.a.r.c.CachingConnectionFactory -Created new connection: rabbitConnectionFactory#507049f2:0/SimpleConnection@6658f08a [delegate=amqp://cf-m2m@39.108.19.148:5672/, localPort= 51347]
2018-04-23 08:55:30.037 [main] INFO  o.c.c.s.MsisdnMonitorScheduler -加入移动月套餐队列(cmcc-monthly),封装的message为：{"cardid":492420,"operatorid":169,"per":"0.50","retry":0,"slient":0,"store":0,"sumflow":"50331648","tel":"1064619120126","useflow":"0.00","zid":0}
2018-04-23 08:55:30.037 [main] INFO  o.c.c.s.MsisdnMonitorScheduler -加入移动月套餐队列(cmcc-monthly),封装的message为：{"cardid":523796,"operatorid":202,"per":"1.00","retry":0,"slient":0,"store":0,"sumflow":"94371840","tel":"1064710455227","useflow":"0.00","zid":0}
2018-04-23 08:55:30.047 [main] INFO  o.c.c.s.MsisdnMonitorScheduler -加入电信月套餐队列(ctcc-monthly),封装的message为：{"cardid":527482,"operatorid":142,"per":"0.10","retry":0,"slient":0,"store":0,"sumflow":"2097152","tel":"1064790131648","useflow":"0.00","zid":0}
2018-04-23 08:55:30.047 [main] INFO  o.c.c.s.MsisdnMonitorScheduler -加入移动月套餐队列(cmcc-monthly),封装的message为：{"cardid":519200,"operatorid":185,"per":"1.00","retry":0,"slient":0,"store":0,"sumflow":"20971520","tel":"1064790138749","useflow":"0.00","zid":0}
2018-04-23 08:55:30.047 [main] INFO  o.c.c.s.MsisdnMonitorScheduler -加入移动月套餐队列(cmcc-monthly),封装的message为：{"cardid":520399,"operatorid":177,"per":"1.00","retry":0,"slient":0,"store":0,"sumflow":"685768704","tel":"1064935478285","useflow":"10313016.59","zid":0}
2018-04-23 08:55:30.047 [main] INFO  o.c.c.s.MsisdnMonitorScheduler -加入移动月套餐队列(cmcc-monthly),封装的message为：{"cardid":533591,"operatorid":189,"per":"1.00","retry":0,"slient":0,"store":0,"sumflow":"41943040","tel":"1064935483271","useflow":"0.00","zid":0}
2018-04-23 08:55:30.047 [main] INFO  o.c.c.s.MsisdnMonitorScheduler -加入移动月套餐队列(cmcc-monthly),封装的message为：{"cardid":427178,"operatorid":153,"per":"1.00","retry":0,"slient":0,"store":0,"sumflow":"80740352","tel":"1064958309839","useflow":"0.00","zid":0}
2018-04-23 08:55:30.047 [main] INFO  o.c.c.s.MsisdnMonitorScheduler -加入电信月套餐队列(ctcc-monthly),封装的message为：{"cardid":484071,"operatorid":154,"per":"1.00","retry":0,"slient":0,"store":0,"sumflow":"9437184","tel":"1064958336680","useflow":"0.00","zid":0}
2018-04-23 08:55:30.047 [main] INFO  o.c.c.s.MsisdnMonitorScheduler -加入电信月套餐队列(ctcc-monthly),封装的message为：{"cardid":527490,"operatorid":141,"per":"0.50","retry":0,"slient":0,"store":0,"sumflow":"15728640","tel":"1064961581246","useflow":"4238174.32","zid":0}
2018-04-23 08:55:30.047 [main] INFO  o.c.c.s.MsisdnMonitorScheduler -加入电信月套餐队列(ctcc-monthly),封装的message为：{"cardid":527489,"operatorid":141,"per":"1.00","retry":0,"slient":0,"store":0,"sumflow":"131072000","tel":"1064961585471","useflow":"5118965.22","zid":0}
2018-04-23 08:55:30.047 [main] INFO  o.c.c.s.MsisdnMonitorScheduler -加入移动月套餐队列(cmcc-monthly),封装的message为：{"cardid":528992,"operatorid":140,"per":"1.00","retry":0,"slient":0,"store":0,"sumflow":"52428800","tel":"1410308894976","useflow":"0.00","zid":0}
2018-04-23 08:55:30.047 [main] INFO  o.c.c.s.MsisdnMonitorScheduler -加入移动月套餐队列(cmcc-monthly),封装的message为：{"cardid":534165,"operatorid":187,"per":"1.00","retry":0,"slient":0,"store":0,"sumflow":"176160768","tel":"1410308996543","useflow":"7548744.76","zid":0}
2018-04-23 08:55:30.047 [main] INFO  o.c.c.s.MsisdnMonitorScheduler -加入移动月套餐队列(cmcc-monthly),封装的message为：{"cardid":534162,"operatorid":187,"per":"1.00","retry":0,"slient":0,"store":0,"sumflow":"67108864","tel":"1410308996843","useflow":"11821077.56","zid":0}
2018-04-23 08:55:30.047 [main] INFO  o.c.c.s.MsisdnMonitorScheduler -加入移动月套餐队列(cmcc-monthly),封装的message为：{"cardid":534160,"operatorid":187,"per":"1.00","retry":0,"slient":0,"store":0,"sumflow":"125829120","tel":"1410308996903","useflow":"0.00","zid":0}
2018-04-23 08:55:30.047 [main] INFO  o.c.c.s.MsisdnMonitorScheduler -加入移动月套餐队列(cmcc-monthly),封装的message为：{"cardid":534126,"operatorid":187,"per":"1.00","retry":0,"slient":0,"store":0,"sumflow":"134217728","tel":"1410308999027","useflow":"0.00","zid":0}
2018-04-23 08:55:30.047 [main] INFO  o.c.c.s.MsisdnMonitorScheduler -加入移动月套餐队列(cmcc-monthly),封装的message为：{"cardid":534150,"operatorid":187,"per":"1.00","retry":0,"slient":0,"store":0,"sumflow":"83886080","tel":"1410309005787","useflow":"8858871.92","zid":0}
2018-04-23 08:55:30.047 [main] INFO  o.c.c.s.MsisdnMonitorScheduler -加入电信月套餐队列(ctcc-monthly),封装的message为：{"cardid":527484,"operatorid":142,"per":"1.00","retry":0,"slient":0,"store":0,"sumflow":"3145728","tel":"17241863345","useflow":"0.00","zid":0}
2018-04-23 08:55:30.047 [main] INFO  o.c.c.s.MsisdnMonitorScheduler -加入移动月套餐队列(cmcc-monthly),封装的message为：{"cardid":501271,"operatorid":182,"per":"1.00","retry":0,"slient":0,"store":0,"sumflow":"36700160","tel":"17241863466","useflow":"0.00","zid":0}
2018-04-23 08:55:30.047 [main] INFO  o.c.c.s.MsisdnMonitorScheduler -加入移动月套餐队列(cmcc-monthly),封装的message为：{"cardid":501278,"operatorid":182,"per":"1.00","retry":0,"slient":0,"store":0,"sumflow":"63963136","tel":"17241863473","useflow":"1677597.89","zid":0}
2018-04-23 08:55:30.047 [main] INFO  o.c.c.s.MsisdnMonitorScheduler -加入移动月套餐队列(cmcc-monthly),封装的message为：{"cardid":501279,"operatorid":182,"per":"1.00","retry":0,"slient":0,"store":0,"sumflow":"1048576","tel":"17241863474","useflow":"3035138.95","zid":0}
2018-04-23 08:55:30.047 [main] INFO  o.c.c.s.MsisdnMonitorScheduler -加入移动月套餐队列(cmcc-monthly),封装的message为：{"cardid":526444,"operatorid":182,"per":"1.00","retry":0,"slient":0,"store":0,"sumflow":"45088768","tel":"17241866995","useflow":"0.00","zid":0}
2018-04-23 08:55:30.047 [main] INFO  o.c.c.s.MsisdnMonitorScheduler -加入电信月套餐队列(ctcc-monthly),封装的message为：{"cardid":491002,"operatorid":142,"per":"0.50","retry":0,"slient":0,"store":0,"sumflow":"7340032","tel":"17241972063","useflow":"266235.79","zid":0}
2018-04-23 08:55:30.047 [main] INFO  o.c.c.s.MsisdnMonitorScheduler -加入移动月套餐队列(cmcc-monthly),封装的message为：{"cardid":491323,"operatorid":203,"per":"1.00","retry":0,"slient":0,"store":0,"sumflow":"83886080","tel":"17892116287","useflow":"0.00","zid":0}
2018-04-23 08:55:30.047 [main] INFO  o.c.c.s.MsisdnMonitorScheduler -加入移动月套餐队列(cmcc-monthly),封装的message为：{"cardid":491328,"operatorid":203,"per":"1.00","retry":0,"slient":0,"store":0,"sumflow":"83886080","tel":"17892116292","useflow":"0.00","zid":0}
2018-04-23 08:55:30.047 [main] INFO  o.c.c.s.MsisdnMonitorScheduler -加入移动月套餐队列(cmcc-monthly),封装的message为：{"cardid":527443,"operatorid":210,"per":"1.00","retry":0,"slient":0,"store":0,"sumflow":"188743680","tel":"17892118109","useflow":"0.00","zid":0}
2018-04-23 08:55:30.047 [main] INFO  o.c.c.s.MsisdnMonitorScheduler -加入移动月套餐队列(cmcc-monthly),封装的message为：{"cardid":527468,"operatorid":211,"per":"1.00","retry":0,"slient":0,"store":0,"sumflow":"335544320","tel":"17892118134","useflow":"0.00","zid":0}
2018-04-23 08:55:30.047 [main] INFO  o.c.c.s.MsisdnMonitorScheduler -加入移动月套餐队列(cmcc-monthly),封装的message为：{"cardid":526654,"operatorid":210,"per":"1.00","retry":0,"slient":0,"store":0,"sumflow":"41943040","tel":"17892118247","useflow":"10545178.95","zid":0}
2018-04-23 08:55:30.047 [main] INFO  o.c.c.s.MsisdnMonitorScheduler -加入移动月套餐队列(cmcc-monthly),封装的message为：{"cardid":432884,"operatorid":182,"per":"1.00","retry":0,"slient":0,"store":0,"sumflow":"18874368","tel":"18492408556","useflow":"0.00","zid":0}
2018-04-23 08:55:30.047 [main] INFO  org.com.coolfish.Application -Started Application in 3.538 seconds (JVM running for 4.068)
2018-04-23 08:55:39.462 [RMI TCP Connection(2)-127.0.0.1] INFO  o.s.b.a.SpringApplicationAdminMXBeanRegistrar$SpringApplicationAdmin -Application shutdown requested.
2018-04-23 08:55:39.468 [RMI TCP Connection(2)-127.0.0.1] INFO  o.s.b.c.e.AnnotationConfigEmbeddedWebApplicationContext -Closing org.springframework.boot.context.embedded.AnnotationConfigEmbeddedWebApplicationContext@41fecb8b: startup date [Mon Apr 23 08:55:26 CST 2018]; root of context hierarchy
2018-04-23 08:55:39.469 [RMI TCP Connection(2)-127.0.0.1] INFO  o.s.c.s.DefaultLifecycleProcessor -Stopping beans in phase 2147483647
2018-04-23 08:55:39.469 [RMI TCP Connection(2)-127.0.0.1] INFO  o.s.j.e.a.AnnotationMBeanExporter -Unregistering JMX-exposed beans on shutdown
2018-04-23 08:55:39.469 [RMI TCP Connection(2)-127.0.0.1] INFO  o.s.j.e.a.AnnotationMBeanExporter -Unregistering JMX-exposed beans
2018-04-23 08:55:39.479 [RMI TCP Connection(2)-127.0.0.1] INFO  o.s.o.j.LocalContainerEntityManagerFactoryBean -Closing JPA EntityManagerFactory for persistence unit 'default'
2018-04-23 08:55:39.479 [RMI TCP Connection(2)-127.0.0.1] INFO  c.alibaba.druid.pool.DruidDataSource -{dataSource-1} closed
2018-04-23 08:58:21.211 [main] INFO  org.com.coolfish.Application -Starting Application on DESKTOP-KQUPCBR with PID 11780 (D:\DevelopTools\GitHub\coolfish-master\coolfish-telprovider\target\classes started by LINGHUI in D:\DevelopTools\GitHub\coolfish-master\coolfish-telprovider)
2018-04-23 08:58:21.221 [main] INFO  org.com.coolfish.Application -The following profiles are active: dev
2018-04-23 08:58:21.241 [main] INFO  o.s.b.c.e.AnnotationConfigEmbeddedWebApplicationContext -Refreshing org.springframework.boot.context.embedded.AnnotationConfigEmbeddedWebApplicationContext@41fecb8b: startup date [Mon Apr 23 08:58:21 CST 2018]; root of context hierarchy
2018-04-23 08:58:21.636 [main] INFO  o.s.d.r.c.RepositoryConfigurationDelegate -Multiple Spring Data modules found, entering strict repository configuration mode!
2018-04-23 08:58:21.666 [main] INFO  o.s.d.r.c.RepositoryConfigurationDelegate -Multiple Spring Data modules found, entering strict repository configuration mode!
2018-04-23 08:58:21.676 [main] INFO  o.s.d.r.c.RepositoryConfigurationExtensionSupport -Spring Data Redis - Could not safely identify store assignment for repository candidate interface org.com.coolfish.repository.KuyuCardRepository.
2018-04-23 08:58:21.686 [main] INFO  o.s.d.r.c.RepositoryConfigurationExtensionSupport -Spring Data Redis - Could not safely identify store assignment for repository candidate interface org.com.coolfish.repository.KuyuAddPackageRepository.
2018-04-23 08:58:21.856 [main] INFO  o.s.c.s.PostProcessorRegistrationDelegate$BeanPostProcessorChecker -Bean 'taskExecutorConfig' of type [org.com.coolfish.config.TaskExecutorConfig$$EnhancerBySpringCGLIB$$2be2c93b] is not eligible for getting processed by all BeanPostProcessors (for example: not eligible for auto-proxying)
2018-04-23 08:58:21.856 [main] INFO  o.s.s.c.ThreadPoolTaskExecutor -Initializing ExecutorService 
2018-04-23 08:58:21.896 [main] INFO  o.s.c.s.PostProcessorRegistrationDelegate$BeanPostProcessorChecker -Bean 'org.springframework.amqp.rabbit.annotation.RabbitBootstrapConfiguration' of type [org.springframework.amqp.rabbit.annotation.RabbitBootstrapConfiguration$$EnhancerBySpringCGLIB$$62a5c594] is not eligible for getting processed by all BeanPostProcessors (for example: not eligible for auto-proxying)
2018-04-23 08:58:22.165 [main] INFO  o.s.b.c.e.t.TomcatEmbeddedServletContainer -Tomcat initialized with port(s): 8081 (http)
2018-04-23 08:58:22.165 [main] INFO  o.a.catalina.core.StandardService -Starting service [Tomcat]
2018-04-23 08:58:22.165 [main] INFO  o.a.catalina.core.StandardEngine -Starting Servlet Engine: Apache Tomcat/8.5.23
2018-04-23 08:58:22.235 [localhost-startStop-1] INFO  o.a.c.c.C.[Tomcat].[localhost].[/] -Initializing Spring embedded WebApplicationContext
2018-04-23 08:58:22.235 [localhost-startStop-1] INFO  o.s.web.context.ContextLoader -Root WebApplicationContext: initialization completed in 994 ms
2018-04-23 08:58:22.375 [localhost-startStop-1] INFO  o.s.b.w.s.ServletRegistrationBean -Mapping servlet: 'dispatcherServlet' to [/]
2018-04-23 08:58:22.375 [localhost-startStop-1] INFO  o.s.b.w.s.FilterRegistrationBean -Mapping filter: 'characterEncodingFilter' to: [/*]
2018-04-23 08:58:22.375 [localhost-startStop-1] INFO  o.s.b.w.s.FilterRegistrationBean -Mapping filter: 'hiddenHttpMethodFilter' to: [/*]
2018-04-23 08:58:22.375 [localhost-startStop-1] INFO  o.s.b.w.s.FilterRegistrationBean -Mapping filter: 'httpPutFormContentFilter' to: [/*]
2018-04-23 08:58:22.375 [localhost-startStop-1] INFO  o.s.b.w.s.FilterRegistrationBean -Mapping filter: 'requestContextFilter' to: [/*]
2018-04-23 08:58:22.535 [main] INFO  o.s.o.j.LocalContainerEntityManagerFactoryBean -Building JPA container EntityManagerFactory for persistence unit 'default'
2018-04-23 08:58:22.545 [main] INFO  o.h.jpa.internal.util.LogHelper -HHH000204: Processing PersistenceUnitInfo [
	name: default
	...]
2018-04-23 08:58:22.595 [main] INFO  org.hibernate.Version -HHH000412: Hibernate Core {5.0.12.Final}
2018-04-23 08:58:22.595 [main] INFO  org.hibernate.cfg.Environment -HHH000206: hibernate.properties not found
2018-04-23 08:58:22.595 [main] INFO  org.hibernate.cfg.Environment -HHH000021: Bytecode provider name : javassist
2018-04-23 08:58:22.615 [main] INFO  o.h.annotations.common.Version -HCANN000001: Hibernate Commons Annotations {5.0.1.Final}
2018-04-23 08:58:22.695 [main] INFO  c.alibaba.druid.pool.DruidDataSource -{dataSource-1} inited
2018-04-23 08:58:22.821 [main] INFO  org.hibernate.dialect.Dialect -HHH000400: Using dialect: org.hibernate.dialect.MySQL5Dialect
2018-04-23 08:58:23.101 [main] INFO  org.hibernate.tuple.PojoInstantiator -HHH000182: No default (no-argument) constructor for class: org.com.coolfish.entity.KuyuCard (class must be instantiated by Interceptor)
2018-04-23 08:58:23.146 [main] INFO  o.h.tool.hbm2ddl.SchemaUpdate -HHH000228: Running hbm2ddl schema update
2018-04-23 08:58:23.296 [main] INFO  o.s.o.j.LocalContainerEntityManagerFactoryBean -Initialized JPA EntityManagerFactory for persistence unit 'default'
2018-04-23 08:58:23.430 [main] INFO  o.h.h.i.QueryTranslatorFactoryInitiator -HHH000397: Using ASTQueryTranslatorFactory
2018-04-23 08:58:23.903 [main] INFO  o.s.w.s.m.m.a.RequestMappingHandlerAdapter -Looking for @ControllerAdvice: org.springframework.boot.context.embedded.AnnotationConfigEmbeddedWebApplicationContext@41fecb8b: startup date [Mon Apr 23 08:58:21 CST 2018]; root of context hierarchy
2018-04-23 08:58:23.943 [main] INFO  o.s.w.s.m.m.a.RequestMappingHandlerMapping -Mapped "{[/error]}" onto public org.springframework.http.ResponseEntity<java.util.Map<java.lang.String, java.lang.Object>> org.springframework.boot.autoconfigure.web.BasicErrorController.error(javax.servlet.http.HttpServletRequest)
2018-04-23 08:58:23.943 [main] INFO  o.s.w.s.m.m.a.RequestMappingHandlerMapping -Mapped "{[/error],produces=[text/html]}" onto public org.springframework.web.servlet.ModelAndView org.springframework.boot.autoconfigure.web.BasicErrorController.errorHtml(javax.servlet.http.HttpServletRequest,javax.servlet.http.HttpServletResponse)
2018-04-23 08:58:23.973 [main] INFO  o.s.w.s.h.SimpleUrlHandlerMapping -Mapped URL path [/webjars/**] onto handler of type [class org.springframework.web.servlet.resource.ResourceHttpRequestHandler]
2018-04-23 08:58:23.973 [main] INFO  o.s.w.s.h.SimpleUrlHandlerMapping -Mapped URL path [/**] onto handler of type [class org.springframework.web.servlet.resource.ResourceHttpRequestHandler]
2018-04-23 08:58:23.993 [main] INFO  o.s.w.s.h.SimpleUrlHandlerMapping -Mapped URL path [/**/favicon.ico] onto handler of type [class org.springframework.web.servlet.resource.ResourceHttpRequestHandler]
2018-04-23 08:58:24.332 [main] INFO  o.s.j.e.a.AnnotationMBeanExporter -Registering beans for JMX exposure on startup
2018-04-23 08:58:24.332 [main] INFO  o.s.j.e.a.AnnotationMBeanExporter -Bean with name 'dataSource' has been autodetected for JMX exposure
2018-04-23 08:58:24.332 [main] INFO  o.s.j.e.a.AnnotationMBeanExporter -Bean with name 'rabbitConnectionFactory' has been autodetected for JMX exposure
2018-04-23 08:58:24.342 [main] INFO  o.s.j.e.a.AnnotationMBeanExporter -Located MBean 'dataSource': registering with JMX server as MBean [com.alibaba.druid.pool:name=dataSource,type=DruidDataSource]
2018-04-23 08:58:24.342 [main] INFO  o.s.j.e.a.AnnotationMBeanExporter -Located managed bean 'rabbitConnectionFactory': registering with JMX server as MBean [org.springframework.amqp.rabbit.connection:name=rabbitConnectionFactory,type=CachingConnectionFactory]
2018-04-23 08:58:24.352 [main] INFO  o.s.c.s.DefaultLifecycleProcessor -Starting beans in phase 2147483647
2018-04-23 08:58:24.382 [main] INFO  o.s.b.c.e.t.TomcatEmbeddedServletContainer -Tomcat started on port(s): 8081 (http)
2018-04-23 08:58:24.412 [main] INFO  o.c.c.s.MsisdnMonitorScheduler -已订购月套餐的所有号码数量：28
2018-04-23 08:58:24.492 [main] INFO  o.s.a.r.c.CachingConnectionFactory -Created new connection: rabbitConnectionFactory#2864f887:0/SimpleConnection@52ca0ad4 [delegate=amqp://cf-m2m@39.108.19.148:5672/, localPort= 51491]
2018-04-23 08:58:24.523 [main] INFO  o.c.c.s.MsisdnMonitorScheduler -加入移动月套餐队列(cmcc-monthly),封装的message为：{"cardid":492420,"operatorid":169,"per":"0.50","retry":0,"slient":0,"store":0,"sumflow":"50331648","tel":"1064619120126","useflow":"0.00","zid":0}
2018-04-23 08:58:24.523 [main] INFO  o.c.c.s.MsisdnMonitorScheduler -加入移动月套餐队列(cmcc-monthly),封装的message为：{"cardid":523796,"operatorid":202,"per":"1.00","retry":0,"slient":0,"store":0,"sumflow":"94371840","tel":"1064710455227","useflow":"0.00","zid":0}
2018-04-23 08:58:24.523 [main] INFO  o.c.c.s.MsisdnMonitorScheduler -加入电信月套餐队列(ctcc-monthly),封装的message为：{"cardid":527482,"operatorid":142,"per":"0.10","retry":0,"slient":0,"store":0,"sumflow":"2097152","tel":"1064790131648","useflow":"0.00","zid":0}
2018-04-23 08:58:24.523 [main] INFO  o.c.c.s.MsisdnMonitorScheduler -加入移动月套餐队列(cmcc-monthly),封装的message为：{"cardid":519200,"operatorid":185,"per":"1.00","retry":0,"slient":0,"store":0,"sumflow":"20971520","tel":"1064790138749","useflow":"0.00","zid":0}
2018-04-23 08:58:24.523 [main] INFO  o.c.c.s.MsisdnMonitorScheduler -加入移动月套餐队列(cmcc-monthly),封装的message为：{"cardid":520399,"operatorid":177,"per":"1.00","retry":0,"slient":0,"store":0,"sumflow":"685768704","tel":"1064935478285","useflow":"10313016.59","zid":0}
2018-04-23 08:58:24.523 [main] INFO  o.c.c.s.MsisdnMonitorScheduler -加入移动月套餐队列(cmcc-monthly),封装的message为：{"cardid":533591,"operatorid":189,"per":"1.00","retry":0,"slient":0,"store":0,"sumflow":"41943040","tel":"1064935483271","useflow":"0.00","zid":0}
2018-04-23 08:58:24.523 [main] INFO  o.c.c.s.MsisdnMonitorScheduler -加入移动月套餐队列(cmcc-monthly),封装的message为：{"cardid":427178,"operatorid":153,"per":"1.00","retry":0,"slient":0,"store":0,"sumflow":"80740352","tel":"1064958309839","useflow":"0.00","zid":0}
2018-04-23 08:58:24.527 [main] INFO  o.c.c.s.MsisdnMonitorScheduler -加入电信月套餐队列(ctcc-monthly),封装的message为：{"cardid":484071,"operatorid":154,"per":"1.00","retry":0,"slient":0,"store":0,"sumflow":"9437184","tel":"1064958336680","useflow":"0.00","zid":0}
2018-04-23 08:58:24.527 [main] INFO  o.c.c.s.MsisdnMonitorScheduler -加入电信月套餐队列(ctcc-monthly),封装的message为：{"cardid":527490,"operatorid":141,"per":"0.50","retry":0,"slient":0,"store":0,"sumflow":"15728640","tel":"1064961581246","useflow":"4238174.32","zid":0}
2018-04-23 08:58:24.527 [main] INFO  o.c.c.s.MsisdnMonitorScheduler -加入电信月套餐队列(ctcc-monthly),封装的message为：{"cardid":527489,"operatorid":141,"per":"1.00","retry":0,"slient":0,"store":0,"sumflow":"131072000","tel":"1064961585471","useflow":"5118965.22","zid":0}
2018-04-23 08:58:24.527 [main] INFO  o.c.c.s.MsisdnMonitorScheduler -加入移动月套餐队列(cmcc-monthly),封装的message为：{"cardid":528992,"operatorid":140,"per":"1.00","retry":0,"slient":0,"store":0,"sumflow":"52428800","tel":"1410308894976","useflow":"0.00","zid":0}
2018-04-23 08:58:24.527 [main] INFO  o.c.c.s.MsisdnMonitorScheduler -加入移动月套餐队列(cmcc-monthly),封装的message为：{"cardid":534165,"operatorid":187,"per":"1.00","retry":0,"slient":0,"store":0,"sumflow":"176160768","tel":"1410308996543","useflow":"7548744.76","zid":0}
2018-04-23 08:58:24.527 [main] INFO  o.c.c.s.MsisdnMonitorScheduler -加入移动月套餐队列(cmcc-monthly),封装的message为：{"cardid":534162,"operatorid":187,"per":"1.00","retry":0,"slient":0,"store":0,"sumflow":"67108864","tel":"1410308996843","useflow":"11821077.56","zid":0}
2018-04-23 08:58:24.527 [main] INFO  o.c.c.s.MsisdnMonitorScheduler -加入移动月套餐队列(cmcc-monthly),封装的message为：{"cardid":534160,"operatorid":187,"per":"1.00","retry":0,"slient":0,"store":0,"sumflow":"125829120","tel":"1410308996903","useflow":"0.00","zid":0}
2018-04-23 08:58:24.527 [main] INFO  o.c.c.s.MsisdnMonitorScheduler -加入移动月套餐队列(cmcc-monthly),封装的message为：{"cardid":534126,"operatorid":187,"per":"1.00","retry":0,"slient":0,"store":0,"sumflow":"134217728","tel":"1410308999027","useflow":"0.00","zid":0}
2018-04-23 08:58:24.527 [main] INFO  o.c.c.s.MsisdnMonitorScheduler -加入移动月套餐队列(cmcc-monthly),封装的message为：{"cardid":534150,"operatorid":187,"per":"1.00","retry":0,"slient":0,"store":0,"sumflow":"83886080","tel":"1410309005787","useflow":"8858871.92","zid":0}
2018-04-23 08:58:24.527 [main] INFO  o.c.c.s.MsisdnMonitorScheduler -加入电信月套餐队列(ctcc-monthly),封装的message为：{"cardid":527484,"operatorid":142,"per":"1.00","retry":0,"slient":0,"store":0,"sumflow":"3145728","tel":"17241863345","useflow":"0.00","zid":0}
2018-04-23 08:58:24.527 [main] INFO  o.c.c.s.MsisdnMonitorScheduler -加入移动月套餐队列(cmcc-monthly),封装的message为：{"cardid":501271,"operatorid":182,"per":"1.00","retry":0,"slient":0,"store":0,"sumflow":"36700160","tel":"17241863466","useflow":"0.00","zid":0}
2018-04-23 08:58:24.527 [main] INFO  o.c.c.s.MsisdnMonitorScheduler -加入移动月套餐队列(cmcc-monthly),封装的message为：{"cardid":501278,"operatorid":182,"per":"1.00","retry":0,"slient":0,"store":0,"sumflow":"63963136","tel":"17241863473","useflow":"1677597.89","zid":0}
2018-04-23 08:58:24.527 [main] INFO  o.c.c.s.MsisdnMonitorScheduler -加入移动月套餐队列(cmcc-monthly),封装的message为：{"cardid":501279,"operatorid":182,"per":"1.00","retry":0,"slient":0,"store":0,"sumflow":"1048576","tel":"17241863474","useflow":"3035138.95","zid":0}
2018-04-23 08:58:24.527 [main] INFO  o.c.c.s.MsisdnMonitorScheduler -加入移动月套餐队列(cmcc-monthly),封装的message为：{"cardid":526444,"operatorid":182,"per":"1.00","retry":0,"slient":0,"store":0,"sumflow":"45088768","tel":"17241866995","useflow":"0.00","zid":0}
2018-04-23 08:58:24.527 [main] INFO  o.c.c.s.MsisdnMonitorScheduler -加入电信月套餐队列(ctcc-monthly),封装的message为：{"cardid":491002,"operatorid":142,"per":"0.50","retry":0,"slient":0,"store":0,"sumflow":"7340032","tel":"17241972063","useflow":"266235.79","zid":0}
2018-04-23 08:58:24.531 [main] INFO  o.c.c.s.MsisdnMonitorScheduler -加入移动月套餐队列(cmcc-monthly),封装的message为：{"cardid":491323,"operatorid":203,"per":"1.00","retry":0,"slient":0,"store":0,"sumflow":"83886080","tel":"17892116287","useflow":"0.00","zid":0}
2018-04-23 08:58:24.531 [main] INFO  o.c.c.s.MsisdnMonitorScheduler -加入移动月套餐队列(cmcc-monthly),封装的message为：{"cardid":491328,"operatorid":203,"per":"1.00","retry":0,"slient":0,"store":0,"sumflow":"83886080","tel":"17892116292","useflow":"0.00","zid":0}
2018-04-23 08:58:24.531 [main] INFO  o.c.c.s.MsisdnMonitorScheduler -加入移动月套餐队列(cmcc-monthly),封装的message为：{"cardid":527443,"operatorid":210,"per":"1.00","retry":0,"slient":0,"store":0,"sumflow":"188743680","tel":"17892118109","useflow":"0.00","zid":0}
2018-04-23 08:58:24.531 [main] INFO  o.c.c.s.MsisdnMonitorScheduler -加入移动月套餐队列(cmcc-monthly),封装的message为：{"cardid":527468,"operatorid":211,"per":"1.00","retry":0,"slient":0,"store":0,"sumflow":"335544320","tel":"17892118134","useflow":"0.00","zid":0}
2018-04-23 08:58:24.531 [main] INFO  o.c.c.s.MsisdnMonitorScheduler -加入移动月套餐队列(cmcc-monthly),封装的message为：{"cardid":526654,"operatorid":210,"per":"1.00","retry":0,"slient":0,"store":0,"sumflow":"41943040","tel":"17892118247","useflow":"10545178.95","zid":0}
2018-04-23 08:58:24.531 [main] INFO  o.c.c.s.MsisdnMonitorScheduler -加入移动月套餐队列(cmcc-monthly),封装的message为：{"cardid":432884,"operatorid":182,"per":"1.00","retry":0,"slient":0,"store":0,"sumflow":"18874368","tel":"18492408556","useflow":"0.00","zid":0}
2018-04-23 08:58:24.531 [main] INFO  org.com.coolfish.Application -Started Application in 3.529 seconds (JVM running for 4.007)
2018-04-23 08:58:29.091 [RMI TCP Connection(2)-127.0.0.1] INFO  o.s.b.a.SpringApplicationAdminMXBeanRegistrar$SpringApplicationAdmin -Application shutdown requested.
2018-04-23 08:58:29.092 [RMI TCP Connection(2)-127.0.0.1] INFO  o.s.b.c.e.AnnotationConfigEmbeddedWebApplicationContext -Closing org.springframework.boot.context.embedded.AnnotationConfigEmbeddedWebApplicationContext@41fecb8b: startup date [Mon Apr 23 08:58:21 CST 2018]; root of context hierarchy
2018-04-23 08:58:29.093 [RMI TCP Connection(2)-127.0.0.1] INFO  o.s.c.s.DefaultLifecycleProcessor -Stopping beans in phase 2147483647
2018-04-23 08:58:29.094 [RMI TCP Connection(2)-127.0.0.1] INFO  o.s.j.e.a.AnnotationMBeanExporter -Unregistering JMX-exposed beans on shutdown
2018-04-23 08:58:29.094 [RMI TCP Connection(2)-127.0.0.1] INFO  o.s.j.e.a.AnnotationMBeanExporter -Unregistering JMX-exposed beans
2018-04-23 08:58:29.110 [RMI TCP Connection(2)-127.0.0.1] INFO  o.s.o.j.LocalContainerEntityManagerFactoryBean -Closing JPA EntityManagerFactory for persistence unit 'default'
2018-04-23 08:58:29.110 [RMI TCP Connection(2)-127.0.0.1] INFO  c.alibaba.druid.pool.DruidDataSource -{dataSource-1} closed
2018-04-23 09:00:20.913 [main] INFO  org.com.coolfish.Application -Starting Application on DESKTOP-KQUPCBR with PID 8220 (D:\DevelopTools\GitHub\coolfish-master\coolfish-telprovider\target\classes started by LINGHUI in D:\DevelopTools\GitHub\coolfish-master\coolfish-telprovider)
2018-04-23 09:00:20.923 [main] INFO  org.com.coolfish.Application -The following profiles are active: dev
2018-04-23 09:00:20.943 [main] INFO  o.s.b.c.e.AnnotationConfigEmbeddedWebApplicationContext -Refreshing org.springframework.boot.context.embedded.AnnotationConfigEmbeddedWebApplicationContext@41fecb8b: startup date [Mon Apr 23 09:00:20 CST 2018]; root of context hierarchy
2018-04-23 09:00:21.334 [main] INFO  o.s.d.r.c.RepositoryConfigurationDelegate -Multiple Spring Data modules found, entering strict repository configuration mode!
2018-04-23 09:00:21.358 [main] INFO  o.s.d.r.c.RepositoryConfigurationDelegate -Multiple Spring Data modules found, entering strict repository configuration mode!
2018-04-23 09:00:21.368 [main] INFO  o.s.d.r.c.RepositoryConfigurationExtensionSupport -Spring Data Redis - Could not safely identify store assignment for repository candidate interface org.com.coolfish.repository.KuyuCardRepository.
2018-04-23 09:00:21.368 [main] INFO  o.s.d.r.c.RepositoryConfigurationExtensionSupport -Spring Data Redis - Could not safely identify store assignment for repository candidate interface org.com.coolfish.repository.KuyuAddPackageRepository.
2018-04-23 09:00:21.538 [main] INFO  o.s.c.s.PostProcessorRegistrationDelegate$BeanPostProcessorChecker -Bean 'taskExecutorConfig' of type [org.com.coolfish.config.TaskExecutorConfig$$EnhancerBySpringCGLIB$$12a79f1f] is not eligible for getting processed by all BeanPostProcessors (for example: not eligible for auto-proxying)
2018-04-23 09:00:21.548 [main] INFO  o.s.s.c.ThreadPoolTaskExecutor -Initializing ExecutorService 
2018-04-23 09:00:21.578 [main] INFO  o.s.c.s.PostProcessorRegistrationDelegate$BeanPostProcessorChecker -Bean 'org.springframework.amqp.rabbit.annotation.RabbitBootstrapConfiguration' of type [org.springframework.amqp.rabbit.annotation.RabbitBootstrapConfiguration$$EnhancerBySpringCGLIB$$496a9b78] is not eligible for getting processed by all BeanPostProcessors (for example: not eligible for auto-proxying)
2018-04-23 09:00:21.848 [main] INFO  o.s.b.c.e.t.TomcatEmbeddedServletContainer -Tomcat initialized with port(s): 8081 (http)
2018-04-23 09:00:21.848 [main] INFO  o.a.catalina.core.StandardService -Starting service [Tomcat]
2018-04-23 09:00:21.858 [main] INFO  o.a.catalina.core.StandardEngine -Starting Servlet Engine: Apache Tomcat/8.5.23
2018-04-23 09:00:21.938 [localhost-startStop-1] INFO  o.a.c.c.C.[Tomcat].[localhost].[/] -Initializing Spring embedded WebApplicationContext
2018-04-23 09:00:21.938 [localhost-startStop-1] INFO  o.s.web.context.ContextLoader -Root WebApplicationContext: initialization completed in 995 ms
2018-04-23 09:00:22.078 [localhost-startStop-1] INFO  o.s.b.w.s.ServletRegistrationBean -Mapping servlet: 'dispatcherServlet' to [/]
2018-04-23 09:00:22.078 [localhost-startStop-1] INFO  o.s.b.w.s.FilterRegistrationBean -Mapping filter: 'characterEncodingFilter' to: [/*]
2018-04-23 09:00:22.078 [localhost-startStop-1] INFO  o.s.b.w.s.FilterRegistrationBean -Mapping filter: 'hiddenHttpMethodFilter' to: [/*]
2018-04-23 09:00:22.078 [localhost-startStop-1] INFO  o.s.b.w.s.FilterRegistrationBean -Mapping filter: 'httpPutFormContentFilter' to: [/*]
2018-04-23 09:00:22.078 [localhost-startStop-1] INFO  o.s.b.w.s.FilterRegistrationBean -Mapping filter: 'requestContextFilter' to: [/*]
2018-04-23 09:00:22.248 [main] INFO  o.s.o.j.LocalContainerEntityManagerFactoryBean -Building JPA container EntityManagerFactory for persistence unit 'default'
2018-04-23 09:00:22.258 [main] INFO  o.h.jpa.internal.util.LogHelper -HHH000204: Processing PersistenceUnitInfo [
	name: default
	...]
2018-04-23 09:00:22.301 [main] INFO  org.hibernate.Version -HHH000412: Hibernate Core {5.0.12.Final}
2018-04-23 09:00:22.301 [main] INFO  org.hibernate.cfg.Environment -HHH000206: hibernate.properties not found
2018-04-23 09:00:22.301 [main] INFO  org.hibernate.cfg.Environment -HHH000021: Bytecode provider name : javassist
2018-04-23 09:00:22.329 [main] INFO  o.h.annotations.common.Version -HCANN000001: Hibernate Commons Annotations {5.0.1.Final}
2018-04-23 09:00:22.409 [main] INFO  c.alibaba.druid.pool.DruidDataSource -{dataSource-1} inited
2018-04-23 09:00:22.523 [main] INFO  org.hibernate.dialect.Dialect -HHH000400: Using dialect: org.hibernate.dialect.MySQL5Dialect
2018-04-23 09:00:22.803 [main] INFO  org.hibernate.tuple.PojoInstantiator -HHH000182: No default (no-argument) constructor for class: org.com.coolfish.entity.KuyuCard (class must be instantiated by Interceptor)
2018-04-23 09:00:22.853 [main] INFO  o.h.tool.hbm2ddl.SchemaUpdate -HHH000228: Running hbm2ddl schema update
2018-04-23 09:00:23.004 [main] INFO  o.s.o.j.LocalContainerEntityManagerFactoryBean -Initialized JPA EntityManagerFactory for persistence unit 'default'
2018-04-23 09:00:23.154 [main] INFO  o.h.h.i.QueryTranslatorFactoryInitiator -HHH000397: Using ASTQueryTranslatorFactory
2018-04-23 09:00:23.641 [main] INFO  o.s.w.s.m.m.a.RequestMappingHandlerAdapter -Looking for @ControllerAdvice: org.springframework.boot.context.embedded.AnnotationConfigEmbeddedWebApplicationContext@41fecb8b: startup date [Mon Apr 23 09:00:20 CST 2018]; root of context hierarchy
2018-04-23 09:00:23.681 [main] INFO  o.s.w.s.m.m.a.RequestMappingHandlerMapping -Mapped "{[/error]}" onto public org.springframework.http.ResponseEntity<java.util.Map<java.lang.String, java.lang.Object>> org.springframework.boot.autoconfigure.web.BasicErrorController.error(javax.servlet.http.HttpServletRequest)
2018-04-23 09:00:23.691 [main] INFO  o.s.w.s.m.m.a.RequestMappingHandlerMapping -Mapped "{[/error],produces=[text/html]}" onto public org.springframework.web.servlet.ModelAndView org.springframework.boot.autoconfigure.web.BasicErrorController.errorHtml(javax.servlet.http.HttpServletRequest,javax.servlet.http.HttpServletResponse)
2018-04-23 09:00:23.711 [main] INFO  o.s.w.s.h.SimpleUrlHandlerMapping -Mapped URL path [/webjars/**] onto handler of type [class org.springframework.web.servlet.resource.ResourceHttpRequestHandler]
2018-04-23 09:00:23.711 [main] INFO  o.s.w.s.h.SimpleUrlHandlerMapping -Mapped URL path [/**] onto handler of type [class org.springframework.web.servlet.resource.ResourceHttpRequestHandler]
2018-04-23 09:00:23.741 [main] INFO  o.s.w.s.h.SimpleUrlHandlerMapping -Mapped URL path [/**/favicon.ico] onto handler of type [class org.springframework.web.servlet.resource.ResourceHttpRequestHandler]
2018-04-23 09:00:24.084 [main] INFO  o.s.j.e.a.AnnotationMBeanExporter -Registering beans for JMX exposure on startup
2018-04-23 09:00:24.084 [main] INFO  o.s.j.e.a.AnnotationMBeanExporter -Bean with name 'dataSource' has been autodetected for JMX exposure
2018-04-23 09:00:24.084 [main] INFO  o.s.j.e.a.AnnotationMBeanExporter -Bean with name 'rabbitConnectionFactory' has been autodetected for JMX exposure
2018-04-23 09:00:24.084 [main] INFO  o.s.j.e.a.AnnotationMBeanExporter -Located MBean 'dataSource': registering with JMX server as MBean [com.alibaba.druid.pool:name=dataSource,type=DruidDataSource]
2018-04-23 09:00:24.094 [main] INFO  o.s.j.e.a.AnnotationMBeanExporter -Located managed bean 'rabbitConnectionFactory': registering with JMX server as MBean [org.springframework.amqp.rabbit.connection:name=rabbitConnectionFactory,type=CachingConnectionFactory]
2018-04-23 09:00:24.102 [main] INFO  o.s.c.s.DefaultLifecycleProcessor -Starting beans in phase 2147483647
2018-04-23 09:00:24.129 [main] INFO  o.s.b.c.e.t.TomcatEmbeddedServletContainer -Tomcat started on port(s): 8081 (http)
2018-04-23 09:00:24.169 [main] INFO  o.c.c.s.MsisdnMonitorScheduler -已订购月套餐的所有号码数量：28
2018-04-23 09:00:24.264 [main] INFO  o.s.a.r.c.CachingConnectionFactory -Created new connection: rabbitConnectionFactory#66f2ec1c:0/SimpleConnection@64dfb31d [delegate=amqp://cf-m2m@39.108.19.148:5672/, localPort= 51579]
2018-04-23 09:00:24.288 [main] INFO  o.c.c.s.MsisdnMonitorScheduler -加入移动月套餐队列(cmcc-monthly),封装的message为：{"cardid":492420,"operatorid":169,"per":"0.50","retry":0,"slient":0,"store":0,"sumflow":"50331648","tel":"1064619120126","useflow":"0.00","zid":0}
2018-04-23 09:00:24.288 [main] INFO  o.c.c.s.MsisdnMonitorScheduler -加入移动月套餐队列(cmcc-monthly),封装的message为：{"cardid":523796,"operatorid":202,"per":"1.00","retry":0,"slient":0,"store":0,"sumflow":"94371840","tel":"1064710455227","useflow":"0.00","zid":0}
2018-04-23 09:00:24.288 [main] INFO  o.c.c.s.MsisdnMonitorScheduler -加入电信月套餐队列(ctcc-monthly),封装的message为：{"cardid":527482,"operatorid":142,"per":"0.10","retry":0,"slient":0,"store":0,"sumflow":"2097152","tel":"1064790131648","useflow":"0.00","zid":0}
2018-04-23 09:00:24.288 [main] INFO  o.c.c.s.MsisdnMonitorScheduler -加入移动月套餐队列(cmcc-monthly),封装的message为：{"cardid":519200,"operatorid":185,"per":"1.00","retry":0,"slient":0,"store":0,"sumflow":"20971520","tel":"1064790138749","useflow":"0.00","zid":0}
2018-04-23 09:00:24.288 [main] INFO  o.c.c.s.MsisdnMonitorScheduler -加入移动月套餐队列(cmcc-monthly),封装的message为：{"cardid":520399,"operatorid":177,"per":"1.00","retry":0,"slient":0,"store":0,"sumflow":"685768704","tel":"1064935478285","useflow":"10313016.59","zid":0}
2018-04-23 09:00:24.288 [main] INFO  o.c.c.s.MsisdnMonitorScheduler -加入移动月套餐队列(cmcc-monthly),封装的message为：{"cardid":533591,"operatorid":189,"per":"1.00","retry":0,"slient":0,"store":0,"sumflow":"41943040","tel":"1064935483271","useflow":"0.00","zid":0}
2018-04-23 09:00:24.288 [main] INFO  o.c.c.s.MsisdnMonitorScheduler -加入移动月套餐队列(cmcc-monthly),封装的message为：{"cardid":427178,"operatorid":153,"per":"1.00","retry":0,"slient":0,"store":0,"sumflow":"80740352","tel":"1064958309839","useflow":"0.00","zid":0}
2018-04-23 09:00:24.288 [main] INFO  o.c.c.s.MsisdnMonitorScheduler -加入电信月套餐队列(ctcc-monthly),封装的message为：{"cardid":484071,"operatorid":154,"per":"1.00","retry":0,"slient":0,"store":0,"sumflow":"9437184","tel":"1064958336680","useflow":"0.00","zid":0}
2018-04-23 09:00:24.292 [main] INFO  o.c.c.s.MsisdnMonitorScheduler -加入电信月套餐队列(ctcc-monthly),封装的message为：{"cardid":527490,"operatorid":141,"per":"0.50","retry":0,"slient":0,"store":0,"sumflow":"15728640","tel":"1064961581246","useflow":"4238174.32","zid":0}
2018-04-23 09:00:24.292 [main] INFO  o.c.c.s.MsisdnMonitorScheduler -加入电信月套餐队列(ctcc-monthly),封装的message为：{"cardid":527489,"operatorid":141,"per":"1.00","retry":0,"slient":0,"store":0,"sumflow":"131072000","tel":"1064961585471","useflow":"5118965.22","zid":0}
2018-04-23 09:00:24.292 [main] INFO  o.c.c.s.MsisdnMonitorScheduler -加入移动月套餐队列(cmcc-monthly),封装的message为：{"cardid":528992,"operatorid":140,"per":"1.00","retry":0,"slient":0,"store":0,"sumflow":"52428800","tel":"1410308894976","useflow":"0.00","zid":0}
2018-04-23 09:00:24.292 [main] INFO  o.c.c.s.MsisdnMonitorScheduler -加入移动月套餐队列(cmcc-monthly),封装的message为：{"cardid":534165,"operatorid":187,"per":"1.00","retry":0,"slient":0,"store":0,"sumflow":"176160768","tel":"1410308996543","useflow":"7548744.76","zid":0}
2018-04-23 09:00:24.292 [main] INFO  o.c.c.s.MsisdnMonitorScheduler -加入移动月套餐队列(cmcc-monthly),封装的message为：{"cardid":534162,"operatorid":187,"per":"1.00","retry":0,"slient":0,"store":0,"sumflow":"67108864","tel":"1410308996843","useflow":"11821077.56","zid":0}
2018-04-23 09:00:24.292 [main] INFO  o.c.c.s.MsisdnMonitorScheduler -加入移动月套餐队列(cmcc-monthly),封装的message为：{"cardid":534160,"operatorid":187,"per":"1.00","retry":0,"slient":0,"store":0,"sumflow":"125829120","tel":"1410308996903","useflow":"0.00","zid":0}
2018-04-23 09:00:24.292 [main] INFO  o.c.c.s.MsisdnMonitorScheduler -加入移动月套餐队列(cmcc-monthly),封装的message为：{"cardid":534126,"operatorid":187,"per":"1.00","retry":0,"slient":0,"store":0,"sumflow":"134217728","tel":"1410308999027","useflow":"0.00","zid":0}
2018-04-23 09:00:24.292 [main] INFO  o.c.c.s.MsisdnMonitorScheduler -加入移动月套餐队列(cmcc-monthly),封装的message为：{"cardid":534150,"operatorid":187,"per":"1.00","retry":0,"slient":0,"store":0,"sumflow":"83886080","tel":"1410309005787","useflow":"8858871.92","zid":0}
2018-04-23 09:00:24.292 [main] INFO  o.c.c.s.MsisdnMonitorScheduler -加入电信月套餐队列(ctcc-monthly),封装的message为：{"cardid":527484,"operatorid":142,"per":"1.00","retry":0,"slient":0,"store":0,"sumflow":"3145728","tel":"17241863345","useflow":"0.00","zid":0}
2018-04-23 09:00:24.292 [main] INFO  o.c.c.s.MsisdnMonitorScheduler -加入移动月套餐队列(cmcc-monthly),封装的message为：{"cardid":501271,"operatorid":182,"per":"1.00","retry":0,"slient":0,"store":0,"sumflow":"36700160","tel":"17241863466","useflow":"0.00","zid":0}
2018-04-23 09:00:24.292 [main] INFO  o.c.c.s.MsisdnMonitorScheduler -加入移动月套餐队列(cmcc-monthly),封装的message为：{"cardid":501278,"operatorid":182,"per":"1.00","retry":0,"slient":0,"store":0,"sumflow":"63963136","tel":"17241863473","useflow":"1677597.89","zid":0}
2018-04-23 09:00:24.292 [main] INFO  o.c.c.s.MsisdnMonitorScheduler -加入移动月套餐队列(cmcc-monthly),封装的message为：{"cardid":501279,"operatorid":182,"per":"1.00","retry":0,"slient":0,"store":0,"sumflow":"1048576","tel":"17241863474","useflow":"3035138.95","zid":0}
2018-04-23 09:00:24.292 [main] INFO  o.c.c.s.MsisdnMonitorScheduler -加入移动月套餐队列(cmcc-monthly),封装的message为：{"cardid":526444,"operatorid":182,"per":"1.00","retry":0,"slient":0,"store":0,"sumflow":"45088768","tel":"17241866995","useflow":"0.00","zid":0}
2018-04-23 09:00:24.292 [main] INFO  o.c.c.s.MsisdnMonitorScheduler -加入电信月套餐队列(ctcc-monthly),封装的message为：{"cardid":491002,"operatorid":142,"per":"0.50","retry":0,"slient":0,"store":0,"sumflow":"7340032","tel":"17241972063","useflow":"266235.79","zid":0}
2018-04-23 09:00:24.296 [main] INFO  o.c.c.s.MsisdnMonitorScheduler -加入移动月套餐队列(cmcc-monthly),封装的message为：{"cardid":491323,"operatorid":203,"per":"1.00","retry":0,"slient":0,"store":0,"sumflow":"83886080","tel":"17892116287","useflow":"0.00","zid":0}
2018-04-23 09:00:24.296 [main] INFO  o.c.c.s.MsisdnMonitorScheduler -加入移动月套餐队列(cmcc-monthly),封装的message为：{"cardid":491328,"operatorid":203,"per":"1.00","retry":0,"slient":0,"store":0,"sumflow":"83886080","tel":"17892116292","useflow":"0.00","zid":0}
2018-04-23 09:00:24.296 [main] INFO  o.c.c.s.MsisdnMonitorScheduler -加入移动月套餐队列(cmcc-monthly),封装的message为：{"cardid":527443,"operatorid":210,"per":"1.00","retry":0,"slient":0,"store":0,"sumflow":"188743680","tel":"17892118109","useflow":"0.00","zid":0}
2018-04-23 09:00:24.297 [main] INFO  o.c.c.s.MsisdnMonitorScheduler -加入移动月套餐队列(cmcc-monthly),封装的message为：{"cardid":527468,"operatorid":211,"per":"1.00","retry":0,"slient":0,"store":0,"sumflow":"335544320","tel":"17892118134","useflow":"0.00","zid":0}
2018-04-23 09:00:24.297 [main] INFO  o.c.c.s.MsisdnMonitorScheduler -加入移动月套餐队列(cmcc-monthly),封装的message为：{"cardid":526654,"operatorid":210,"per":"1.00","retry":0,"slient":0,"store":0,"sumflow":"41943040","tel":"17892118247","useflow":"10545178.95","zid":0}
2018-04-23 09:00:24.297 [main] INFO  o.c.c.s.MsisdnMonitorScheduler -加入移动月套餐队列(cmcc-monthly),封装的message为：{"cardid":432884,"operatorid":182,"per":"1.00","retry":0,"slient":0,"store":0,"sumflow":"18874368","tel":"18492408556","useflow":"0.00","zid":0}
2018-04-23 09:00:24.298 [main] INFO  org.com.coolfish.Application -Started Application in 3.595 seconds (JVM running for 4.063)
2018-04-23 09:00:30.091 [RMI TCP Connection(2)-127.0.0.1] INFO  o.s.b.a.SpringApplicationAdminMXBeanRegistrar$SpringApplicationAdmin -Application shutdown requested.
2018-04-23 09:00:30.094 [RMI TCP Connection(2)-127.0.0.1] INFO  o.s.b.c.e.AnnotationConfigEmbeddedWebApplicationContext -Closing org.springframework.boot.context.embedded.AnnotationConfigEmbeddedWebApplicationContext@41fecb8b: startup date [Mon Apr 23 09:00:20 CST 2018]; root of context hierarchy
2018-04-23 09:00:30.095 [RMI TCP Connection(2)-127.0.0.1] INFO  o.s.c.s.DefaultLifecycleProcessor -Stopping beans in phase 2147483647
2018-04-23 09:00:30.095 [RMI TCP Connection(2)-127.0.0.1] INFO  o.s.j.e.a.AnnotationMBeanExporter -Unregistering JMX-exposed beans on shutdown
2018-04-23 09:00:30.095 [RMI TCP Connection(2)-127.0.0.1] INFO  o.s.j.e.a.AnnotationMBeanExporter -Unregistering JMX-exposed beans
2018-04-23 09:00:30.113 [RMI TCP Connection(2)-127.0.0.1] INFO  o.s.o.j.LocalContainerEntityManagerFactoryBean -Closing JPA EntityManagerFactory for persistence unit 'default'
2018-04-23 09:00:30.113 [RMI TCP Connection(2)-127.0.0.1] INFO  c.alibaba.druid.pool.DruidDataSource -{dataSource-1} closed
2018-04-23 09:01:53.637 [main] INFO  org.com.coolfish.Application -Starting Application on DESKTOP-KQUPCBR with PID 5764 (D:\DevelopTools\GitHub\coolfish-master\coolfish-telprovider\target\classes started by LINGHUI in D:\DevelopTools\GitHub\coolfish-master\coolfish-telprovider)
2018-04-23 09:01:53.637 [main] INFO  org.com.coolfish.Application -The following profiles are active: dev
2018-04-23 09:01:53.657 [main] INFO  o.s.b.c.e.AnnotationConfigEmbeddedWebApplicationContext -Refreshing org.springframework.boot.context.embedded.AnnotationConfigEmbeddedWebApplicationContext@41fecb8b: startup date [Mon Apr 23 09:01:53 CST 2018]; root of context hierarchy
2018-04-23 09:01:54.048 [main] INFO  o.s.d.r.c.RepositoryConfigurationDelegate -Multiple Spring Data modules found, entering strict repository configuration mode!
2018-04-23 09:01:54.070 [main] INFO  o.s.d.r.c.RepositoryConfigurationDelegate -Multiple Spring Data modules found, entering strict repository configuration mode!
2018-04-23 09:01:54.080 [main] INFO  o.s.d.r.c.RepositoryConfigurationExtensionSupport -Spring Data Redis - Could not safely identify store assignment for repository candidate interface org.com.coolfish.repository.KuyuCardRepository.
2018-04-23 09:01:54.080 [main] INFO  o.s.d.r.c.RepositoryConfigurationExtensionSupport -Spring Data Redis - Could not safely identify store assignment for repository candidate interface org.com.coolfish.repository.KuyuAddPackageRepository.
2018-04-23 09:01:54.260 [main] INFO  o.s.c.s.PostProcessorRegistrationDelegate$BeanPostProcessorChecker -Bean 'taskExecutorConfig' of type [org.com.coolfish.config.TaskExecutorConfig$$EnhancerBySpringCGLIB$$ce6359f3] is not eligible for getting processed by all BeanPostProcessors (for example: not eligible for auto-proxying)
2018-04-23 09:01:54.260 [main] INFO  o.s.s.c.ThreadPoolTaskExecutor -Initializing ExecutorService 
2018-04-23 09:01:54.300 [main] INFO  o.s.c.s.PostProcessorRegistrationDelegate$BeanPostProcessorChecker -Bean 'org.springframework.amqp.rabbit.annotation.RabbitBootstrapConfiguration' of type [org.springframework.amqp.rabbit.annotation.RabbitBootstrapConfiguration$$EnhancerBySpringCGLIB$$526564c] is not eligible for getting processed by all BeanPostProcessors (for example: not eligible for auto-proxying)
2018-04-23 09:01:54.570 [main] INFO  o.s.b.c.e.t.TomcatEmbeddedServletContainer -Tomcat initialized with port(s): 8081 (http)
2018-04-23 09:01:54.570 [main] INFO  o.a.catalina.core.StandardService -Starting service [Tomcat]
2018-04-23 09:01:54.570 [main] INFO  o.a.catalina.core.StandardEngine -Starting Servlet Engine: Apache Tomcat/8.5.23
2018-04-23 09:01:54.640 [localhost-startStop-1] INFO  o.a.c.c.C.[Tomcat].[localhost].[/] -Initializing Spring embedded WebApplicationContext
2018-04-23 09:01:54.640 [localhost-startStop-1] INFO  o.s.web.context.ContextLoader -Root WebApplicationContext: initialization completed in 983 ms
2018-04-23 09:01:54.770 [localhost-startStop-1] INFO  o.s.b.w.s.ServletRegistrationBean -Mapping servlet: 'dispatcherServlet' to [/]
2018-04-23 09:01:54.770 [localhost-startStop-1] INFO  o.s.b.w.s.FilterRegistrationBean -Mapping filter: 'characterEncodingFilter' to: [/*]
2018-04-23 09:01:54.770 [localhost-startStop-1] INFO  o.s.b.w.s.FilterRegistrationBean -Mapping filter: 'hiddenHttpMethodFilter' to: [/*]
2018-04-23 09:01:54.770 [localhost-startStop-1] INFO  o.s.b.w.s.FilterRegistrationBean -Mapping filter: 'httpPutFormContentFilter' to: [/*]
2018-04-23 09:01:54.770 [localhost-startStop-1] INFO  o.s.b.w.s.FilterRegistrationBean -Mapping filter: 'requestContextFilter' to: [/*]
2018-04-23 09:01:54.920 [main] INFO  o.s.o.j.LocalContainerEntityManagerFactoryBean -Building JPA container EntityManagerFactory for persistence unit 'default'
2018-04-23 09:01:54.930 [main] INFO  o.h.jpa.internal.util.LogHelper -HHH000204: Processing PersistenceUnitInfo [
	name: default
	...]
2018-04-23 09:01:54.970 [main] INFO  org.hibernate.Version -HHH000412: Hibernate Core {5.0.12.Final}
2018-04-23 09:01:54.970 [main] INFO  org.hibernate.cfg.Environment -HHH000206: hibernate.properties not found
2018-04-23 09:01:54.970 [main] INFO  org.hibernate.cfg.Environment -HHH000021: Bytecode provider name : javassist
2018-04-23 09:01:54.990 [main] INFO  o.h.annotations.common.Version -HCANN000001: Hibernate Commons Annotations {5.0.1.Final}
2018-04-23 09:01:55.070 [main] INFO  c.alibaba.druid.pool.DruidDataSource -{dataSource-1} inited
2018-04-23 09:01:55.182 [main] INFO  org.hibernate.dialect.Dialect -HHH000400: Using dialect: org.hibernate.dialect.MySQL5Dialect
2018-04-23 09:01:55.458 [main] INFO  org.hibernate.tuple.PojoInstantiator -HHH000182: No default (no-argument) constructor for class: org.com.coolfish.entity.KuyuCard (class must be instantiated by Interceptor)
2018-04-23 09:01:55.498 [main] INFO  o.h.tool.hbm2ddl.SchemaUpdate -HHH000228: Running hbm2ddl schema update
2018-04-23 09:01:55.658 [main] INFO  o.s.o.j.LocalContainerEntityManagerFactoryBean -Initialized JPA EntityManagerFactory for persistence unit 'default'
2018-04-23 09:01:55.798 [main] INFO  o.h.h.i.QueryTranslatorFactoryInitiator -HHH000397: Using ASTQueryTranslatorFactory
2018-04-23 09:01:56.297 [main] INFO  o.s.w.s.m.m.a.RequestMappingHandlerAdapter -Looking for @ControllerAdvice: org.springframework.boot.context.embedded.AnnotationConfigEmbeddedWebApplicationContext@41fecb8b: startup date [Mon Apr 23 09:01:53 CST 2018]; root of context hierarchy
2018-04-23 09:01:56.341 [main] INFO  o.s.w.s.m.m.a.RequestMappingHandlerMapping -Mapped "{[/error]}" onto public org.springframework.http.ResponseEntity<java.util.Map<java.lang.String, java.lang.Object>> org.springframework.boot.autoconfigure.web.BasicErrorController.error(javax.servlet.http.HttpServletRequest)
2018-04-23 09:01:56.341 [main] INFO  o.s.w.s.m.m.a.RequestMappingHandlerMapping -Mapped "{[/error],produces=[text/html]}" onto public org.springframework.web.servlet.ModelAndView org.springframework.boot.autoconfigure.web.BasicErrorController.errorHtml(javax.servlet.http.HttpServletRequest,javax.servlet.http.HttpServletResponse)
2018-04-23 09:01:56.361 [main] INFO  o.s.w.s.h.SimpleUrlHandlerMapping -Mapped URL path [/webjars/**] onto handler of type [class org.springframework.web.servlet.resource.ResourceHttpRequestHandler]
2018-04-23 09:01:56.361 [main] INFO  o.s.w.s.h.SimpleUrlHandlerMapping -Mapped URL path [/**] onto handler of type [class org.springframework.web.servlet.resource.ResourceHttpRequestHandler]
2018-04-23 09:01:56.391 [main] INFO  o.s.w.s.h.SimpleUrlHandlerMapping -Mapped URL path [/**/favicon.ico] onto handler of type [class org.springframework.web.servlet.resource.ResourceHttpRequestHandler]
2018-04-23 09:01:56.744 [main] INFO  o.s.j.e.a.AnnotationMBeanExporter -Registering beans for JMX exposure on startup
2018-04-23 09:01:56.748 [main] INFO  o.s.j.e.a.AnnotationMBeanExporter -Bean with name 'dataSource' has been autodetected for JMX exposure
2018-04-23 09:01:56.752 [main] INFO  o.s.j.e.a.AnnotationMBeanExporter -Bean with name 'rabbitConnectionFactory' has been autodetected for JMX exposure
2018-04-23 09:01:56.752 [main] INFO  o.s.j.e.a.AnnotationMBeanExporter -Located MBean 'dataSource': registering with JMX server as MBean [com.alibaba.druid.pool:name=dataSource,type=DruidDataSource]
2018-04-23 09:01:56.756 [main] INFO  o.s.j.e.a.AnnotationMBeanExporter -Located managed bean 'rabbitConnectionFactory': registering with JMX server as MBean [org.springframework.amqp.rabbit.connection:name=rabbitConnectionFactory,type=CachingConnectionFactory]
2018-04-23 09:01:56.764 [main] INFO  o.s.c.s.DefaultLifecycleProcessor -Starting beans in phase 2147483647
2018-04-23 09:01:56.795 [main] INFO  o.s.b.c.e.t.TomcatEmbeddedServletContainer -Tomcat started on port(s): 8081 (http)
2018-04-23 09:01:56.823 [main] INFO  o.c.c.s.MsisdnMonitorScheduler -已订购月套餐的所有号码数量：28
2018-04-23 09:01:56.903 [main] INFO  o.s.a.r.c.CachingConnectionFactory -Created new connection: rabbitConnectionFactory#12e5d3e1:0/SimpleConnection@17b6ad97 [delegate=amqp://cf-m2m@39.108.19.148:5672/, localPort= 51814]
2018-04-23 09:01:56.922 [main] INFO  o.c.c.s.MsisdnMonitorScheduler -加入移动月套餐队列(cmcc-monthly),封装的message为：{"cardid":492420,"operatorid":169,"per":"0.50","retry":0,"slient":0,"store":0,"sumflow":"50331648","tel":"1064619120126","useflow":"0.00","zid":0}
2018-04-23 09:01:56.922 [main] INFO  o.c.c.s.MsisdnMonitorScheduler -加入移动月套餐队列(cmcc-monthly),封装的message为：{"cardid":523796,"operatorid":202,"per":"1.00","retry":0,"slient":0,"store":0,"sumflow":"94371840","tel":"1064710455227","useflow":"0.00","zid":0}
2018-04-23 09:01:56.922 [main] INFO  o.c.c.s.MsisdnMonitorScheduler -加入电信月套餐队列(ctcc-monthly),封装的message为：{"cardid":527482,"operatorid":142,"per":"0.10","retry":0,"slient":0,"store":0,"sumflow":"2097152","tel":"1064790131648","useflow":"0.00","zid":0}
2018-04-23 09:01:56.922 [main] INFO  o.c.c.s.MsisdnMonitorScheduler -加入移动月套餐队列(cmcc-monthly),封装的message为：{"cardid":519200,"operatorid":185,"per":"1.00","retry":0,"slient":0,"store":0,"sumflow":"20971520","tel":"1064790138749","useflow":"0.00","zid":0}
2018-04-23 09:01:56.922 [main] INFO  o.c.c.s.MsisdnMonitorScheduler -加入移动月套餐队列(cmcc-monthly),封装的message为：{"cardid":520399,"operatorid":177,"per":"1.00","retry":0,"slient":0,"store":0,"sumflow":"685768704","tel":"1064935478285","useflow":"10313016.59","zid":0}
2018-04-23 09:01:56.922 [main] INFO  o.c.c.s.MsisdnMonitorScheduler -加入移动月套餐队列(cmcc-monthly),封装的message为：{"cardid":533591,"operatorid":189,"per":"1.00","retry":0,"slient":0,"store":0,"sumflow":"41943040","tel":"1064935483271","useflow":"0.00","zid":0}
2018-04-23 09:01:56.922 [main] INFO  o.c.c.s.MsisdnMonitorScheduler -加入移动月套餐队列(cmcc-monthly),封装的message为：{"cardid":427178,"operatorid":153,"per":"1.00","retry":0,"slient":0,"store":0,"sumflow":"80740352","tel":"1064958309839","useflow":"0.00","zid":0}
2018-04-23 09:01:56.922 [main] INFO  o.c.c.s.MsisdnMonitorScheduler -加入电信月套餐队列(ctcc-monthly),封装的message为：{"cardid":484071,"operatorid":154,"per":"1.00","retry":0,"slient":0,"store":0,"sumflow":"9437184","tel":"1064958336680","useflow":"0.00","zid":0}
2018-04-23 09:01:56.932 [main] INFO  o.c.c.s.MsisdnMonitorScheduler -加入电信月套餐队列(ctcc-monthly),封装的message为：{"cardid":527490,"operatorid":141,"per":"0.50","retry":0,"slient":0,"store":0,"sumflow":"15728640","tel":"1064961581246","useflow":"4238174.32","zid":0}
2018-04-23 09:01:56.932 [main] INFO  o.c.c.s.MsisdnMonitorScheduler -加入电信月套餐队列(ctcc-monthly),封装的message为：{"cardid":527489,"operatorid":141,"per":"1.00","retry":0,"slient":0,"store":0,"sumflow":"131072000","tel":"1064961585471","useflow":"5118965.22","zid":0}
2018-04-23 09:01:56.932 [main] INFO  o.c.c.s.MsisdnMonitorScheduler -加入移动月套餐队列(cmcc-monthly),封装的message为：{"cardid":528992,"operatorid":140,"per":"1.00","retry":0,"slient":0,"store":0,"sumflow":"52428800","tel":"1410308894976","useflow":"0.00","zid":0}
2018-04-23 09:01:56.932 [main] INFO  o.c.c.s.MsisdnMonitorScheduler -加入移动月套餐队列(cmcc-monthly),封装的message为：{"cardid":534165,"operatorid":187,"per":"1.00","retry":0,"slient":0,"store":0,"sumflow":"176160768","tel":"1410308996543","useflow":"7548744.76","zid":0}
2018-04-23 09:01:56.932 [main] INFO  o.c.c.s.MsisdnMonitorScheduler -加入移动月套餐队列(cmcc-monthly),封装的message为：{"cardid":534162,"operatorid":187,"per":"1.00","retry":0,"slient":0,"store":0,"sumflow":"67108864","tel":"1410308996843","useflow":"11821077.56","zid":0}
2018-04-23 09:01:56.932 [main] INFO  o.c.c.s.MsisdnMonitorScheduler -加入移动月套餐队列(cmcc-monthly),封装的message为：{"cardid":534160,"operatorid":187,"per":"1.00","retry":0,"slient":0,"store":0,"sumflow":"125829120","tel":"1410308996903","useflow":"0.00","zid":0}
2018-04-23 09:01:56.932 [main] INFO  o.c.c.s.MsisdnMonitorScheduler -加入移动月套餐队列(cmcc-monthly),封装的message为：{"cardid":534126,"operatorid":187,"per":"1.00","retry":0,"slient":0,"store":0,"sumflow":"134217728","tel":"1410308999027","useflow":"0.00","zid":0}
2018-04-23 09:01:56.932 [main] INFO  o.c.c.s.MsisdnMonitorScheduler -加入移动月套餐队列(cmcc-monthly),封装的message为：{"cardid":534150,"operatorid":187,"per":"1.00","retry":0,"slient":0,"store":0,"sumflow":"83886080","tel":"1410309005787","useflow":"8858871.92","zid":0}
2018-04-23 09:01:56.932 [main] INFO  o.c.c.s.MsisdnMonitorScheduler -加入电信月套餐队列(ctcc-monthly),封装的message为：{"cardid":527484,"operatorid":142,"per":"1.00","retry":0,"slient":0,"store":0,"sumflow":"3145728","tel":"17241863345","useflow":"0.00","zid":0}
2018-04-23 09:01:56.932 [main] INFO  o.c.c.s.MsisdnMonitorScheduler -加入移动月套餐队列(cmcc-monthly),封装的message为：{"cardid":501271,"operatorid":182,"per":"1.00","retry":0,"slient":0,"store":0,"sumflow":"36700160","tel":"17241863466","useflow":"0.00","zid":0}
2018-04-23 09:01:56.932 [main] INFO  o.c.c.s.MsisdnMonitorScheduler -加入移动月套餐队列(cmcc-monthly),封装的message为：{"cardid":501278,"operatorid":182,"per":"1.00","retry":0,"slient":0,"store":0,"sumflow":"63963136","tel":"17241863473","useflow":"1677597.89","zid":0}
2018-04-23 09:01:56.932 [main] INFO  o.c.c.s.MsisdnMonitorScheduler -加入移动月套餐队列(cmcc-monthly),封装的message为：{"cardid":501279,"operatorid":182,"per":"1.00","retry":0,"slient":0,"store":0,"sumflow":"1048576","tel":"17241863474","useflow":"3035138.95","zid":0}
2018-04-23 09:01:56.932 [main] INFO  o.c.c.s.MsisdnMonitorScheduler -加入移动月套餐队列(cmcc-monthly),封装的message为：{"cardid":526444,"operatorid":182,"per":"1.00","retry":0,"slient":0,"store":0,"sumflow":"45088768","tel":"17241866995","useflow":"0.00","zid":0}
2018-04-23 09:01:56.932 [main] INFO  o.c.c.s.MsisdnMonitorScheduler -加入电信月套餐队列(ctcc-monthly),封装的message为：{"cardid":491002,"operatorid":142,"per":"0.50","retry":0,"slient":0,"store":0,"sumflow":"7340032","tel":"17241972063","useflow":"266235.79","zid":0}
2018-04-23 09:01:56.932 [main] INFO  o.c.c.s.MsisdnMonitorScheduler -加入移动月套餐队列(cmcc-monthly),封装的message为：{"cardid":491323,"operatorid":203,"per":"1.00","retry":0,"slient":0,"store":0,"sumflow":"83886080","tel":"17892116287","useflow":"0.00","zid":0}
2018-04-23 09:01:56.932 [main] INFO  o.c.c.s.MsisdnMonitorScheduler -加入移动月套餐队列(cmcc-monthly),封装的message为：{"cardid":491328,"operatorid":203,"per":"1.00","retry":0,"slient":0,"store":0,"sumflow":"83886080","tel":"17892116292","useflow":"0.00","zid":0}
2018-04-23 09:01:56.932 [main] INFO  o.c.c.s.MsisdnMonitorScheduler -加入移动月套餐队列(cmcc-monthly),封装的message为：{"cardid":527443,"operatorid":210,"per":"1.00","retry":0,"slient":0,"store":0,"sumflow":"188743680","tel":"17892118109","useflow":"0.00","zid":0}
2018-04-23 09:01:56.932 [main] INFO  o.c.c.s.MsisdnMonitorScheduler -加入移动月套餐队列(cmcc-monthly),封装的message为：{"cardid":527468,"operatorid":211,"per":"1.00","retry":0,"slient":0,"store":0,"sumflow":"335544320","tel":"17892118134","useflow":"0.00","zid":0}
2018-04-23 09:01:56.932 [main] INFO  o.c.c.s.MsisdnMonitorScheduler -加入移动月套餐队列(cmcc-monthly),封装的message为：{"cardid":526654,"operatorid":210,"per":"1.00","retry":0,"slient":0,"store":0,"sumflow":"41943040","tel":"17892118247","useflow":"10545178.95","zid":0}
2018-04-23 09:01:56.932 [main] INFO  o.c.c.s.MsisdnMonitorScheduler -加入移动月套餐队列(cmcc-monthly),封装的message为：{"cardid":432884,"operatorid":182,"per":"1.00","retry":0,"slient":0,"store":0,"sumflow":"18874368","tel":"18492408556","useflow":"0.00","zid":0}
2018-04-23 09:01:56.932 [main] INFO  org.com.coolfish.Application -Started Application in 3.505 seconds (JVM running for 3.999)
2018-04-23 09:01:59.934 [RMI TCP Connection(2)-127.0.0.1] INFO  o.s.b.a.SpringApplicationAdminMXBeanRegistrar$SpringApplicationAdmin -Application shutdown requested.
2018-04-23 09:01:59.939 [RMI TCP Connection(2)-127.0.0.1] INFO  o.s.b.c.e.AnnotationConfigEmbeddedWebApplicationContext -Closing org.springframework.boot.context.embedded.AnnotationConfigEmbeddedWebApplicationContext@41fecb8b: startup date [Mon Apr 23 09:01:53 CST 2018]; root of context hierarchy
2018-04-23 09:01:59.940 [RMI TCP Connection(2)-127.0.0.1] INFO  o.s.c.s.DefaultLifecycleProcessor -Stopping beans in phase 2147483647
2018-04-23 09:01:59.940 [RMI TCP Connection(2)-127.0.0.1] INFO  o.s.j.e.a.AnnotationMBeanExporter -Unregistering JMX-exposed beans on shutdown
2018-04-23 09:01:59.940 [RMI TCP Connection(2)-127.0.0.1] INFO  o.s.j.e.a.AnnotationMBeanExporter -Unregistering JMX-exposed beans
2018-04-23 09:01:59.950 [RMI TCP Connection(2)-127.0.0.1] INFO  o.s.o.j.LocalContainerEntityManagerFactoryBean -Closing JPA EntityManagerFactory for persistence unit 'default'
2018-04-23 09:01:59.950 [RMI TCP Connection(2)-127.0.0.1] INFO  c.alibaba.druid.pool.DruidDataSource -{dataSource-1} closed
