2018-04-24 10:07:41.945 [main] INFO  org.com.coolfish.Application -Starting Application on DESKTOP-KQUPCBR with PID 3372 (D:\DevelopTools\GitHub\coolfish-master\coolfish-telprovider\target\classes started by LINGHUI in D:\DevelopTools\GitHub\coolfish-master\coolfish-telprovider)
2018-04-24 10:07:41.955 [main] INFO  org.com.coolfish.Application -The following profiles are active: dev
2018-04-24 10:07:41.985 [main] INFO  o.s.c.a.AnnotationConfigApplicationContext -Refreshing org.springframework.context.annotation.AnnotationConfigApplicationContext@5609159b: startup date [Tue Apr 24 10:07:41 CST 2018]; root of context hierarchy
2018-04-24 10:07:42.325 [main] INFO  o.s.d.r.c.RepositoryConfigurationDelegate -Multiple Spring Data modules found, entering strict repository configuration mode!
2018-04-24 10:07:42.360 [main] INFO  o.s.d.r.c.RepositoryConfigurationDelegate -Multiple Spring Data modules found, entering strict repository configuration mode!
2018-04-24 10:07:42.370 [main] INFO  o.s.d.r.c.RepositoryConfigurationExtensionSupport -Spring Data Redis - Could not safely identify store assignment for repository candidate interface org.com.coolfish.repository.KuyuCardRepository.
2018-04-24 10:07:42.380 [main] INFO  o.s.d.r.c.RepositoryConfigurationExtensionSupport -Spring Data Redis - Could not safely identify store assignment for repository candidate interface org.com.coolfish.repository.KuyuAddPackageRepository.
2018-04-24 10:07:42.630 [main] INFO  o.s.c.s.PostProcessorRegistrationDelegate$BeanPostProcessorChecker -Bean 'taskExecutorConfig' of type [org.com.coolfish.config.TaskExecutorConfig$$EnhancerBySpringCGLIB$$516335d1] is not eligible for getting processed by all BeanPostProcessors (for example: not eligible for auto-proxying)
2018-04-24 10:07:42.630 [main] INFO  o.s.s.c.ThreadPoolTaskExecutor -Initializing ExecutorService 
2018-04-24 10:07:42.650 [main] INFO  o.s.c.s.PostProcessorRegistrationDelegate$BeanPostProcessorChecker -Bean 'org.springframework.amqp.rabbit.annotation.RabbitBootstrapConfiguration' of type [org.springframework.amqp.rabbit.annotation.RabbitBootstrapConfiguration$$EnhancerBySpringCGLIB$$8826322a] is not eligible for getting processed by all BeanPostProcessors (for example: not eligible for auto-proxying)
2018-04-24 10:07:42.891 [main] INFO  o.s.o.j.LocalContainerEntityManagerFactoryBean -Building JPA container EntityManagerFactory for persistence unit 'default'
2018-04-24 10:07:42.901 [main] INFO  o.h.jpa.internal.util.LogHelper -HHH000204: Processing PersistenceUnitInfo [
	name: default
	...]
2018-04-24 10:07:42.931 [main] INFO  org.hibernate.Version -HHH000412: Hibernate Core {5.0.12.Final}
2018-04-24 10:07:42.931 [main] INFO  org.hibernate.cfg.Environment -HHH000206: hibernate.properties not found
2018-04-24 10:07:42.941 [main] INFO  org.hibernate.cfg.Environment -HHH000021: Bytecode provider name : javassist
2018-04-24 10:07:42.961 [main] INFO  o.h.annotations.common.Version -HCANN000001: Hibernate Commons Annotations {5.0.1.Final}
2018-04-24 10:07:43.031 [main] INFO  c.alibaba.druid.pool.DruidDataSource -{dataSource-1} inited
2018-04-24 10:07:43.151 [main] INFO  org.hibernate.dialect.Dialect -HHH000400: Using dialect: org.hibernate.dialect.MySQL5Dialect
2018-04-24 10:07:43.341 [main] INFO  org.hibernate.tuple.PojoInstantiator -HHH000182: No default (no-argument) constructor for class: org.com.coolfish.entity.KuyuCard (class must be instantiated by Interceptor)
2018-04-24 10:07:43.383 [main] INFO  o.h.tool.hbm2ddl.SchemaUpdate -HHH000228: Running hbm2ddl schema update
2018-04-24 10:07:43.533 [main] INFO  o.s.o.j.LocalContainerEntityManagerFactoryBean -Initialized JPA EntityManagerFactory for persistence unit 'default'
2018-04-24 10:07:43.673 [main] INFO  o.h.h.i.QueryTranslatorFactoryInitiator -HHH000397: Using ASTQueryTranslatorFactory
2018-04-24 10:07:44.422 [main] INFO  o.s.j.e.a.AnnotationMBeanExporter -Registering beans for JMX exposure on startup
2018-04-24 10:07:44.430 [main] INFO  o.s.j.e.a.AnnotationMBeanExporter -Bean with name 'dataSource' has been autodetected for JMX exposure
2018-04-24 10:07:44.430 [main] INFO  o.s.j.e.a.AnnotationMBeanExporter -Bean with name 'rabbitConnectionFactory' has been autodetected for JMX exposure
2018-04-24 10:07:44.430 [main] INFO  o.s.j.e.a.AnnotationMBeanExporter -Located MBean 'dataSource': registering with JMX server as MBean [com.alibaba.druid.pool:name=dataSource,type=DruidDataSource]
2018-04-24 10:07:44.430 [main] INFO  o.s.j.e.a.AnnotationMBeanExporter -Located managed bean 'rabbitConnectionFactory': registering with JMX server as MBean [org.springframework.amqp.rabbit.connection:name=rabbitConnectionFactory,type=CachingConnectionFactory]
2018-04-24 10:07:44.450 [main] INFO  o.s.c.s.DefaultLifecycleProcessor -Starting beans in phase 2147483647
2018-04-24 10:07:44.450 [main] INFO  o.s.s.a.ScheduledAnnotationBeanPostProcessor -No TaskScheduler/ScheduledExecutorService bean found for scheduled processing
2018-04-24 10:07:44.490 [main] INFO  o.c.c.s.MsisdnMonitorScheduler -已订购月套餐的所有号码数量：26
2018-04-24 10:07:44.590 [main] INFO  o.s.a.r.c.CachingConnectionFactory -Created new connection: rabbitConnectionFactory#125d47c4:0/SimpleConnection@19e21f89 [delegate=amqp://cf-m2m@39.108.19.148:5672/, localPort= 63925]
2018-04-24 10:07:44.610 [main] INFO  o.c.c.s.MsisdnMonitorScheduler -加入移动月套餐队列(cmcc-monthly),封装的message为：{"cardid":523796,"operatorid":202,"per":"1.00","retry":0,"slient":0,"store":0,"sumflow":"94371840","tel":"1064710455227","useflow":"0.00","zid":0}
2018-04-24 10:07:44.610 [main] INFO  o.c.c.s.MsisdnMonitorScheduler -加入移动月套餐队列(cmcc-monthly),封装的message为：{"cardid":519200,"operatorid":185,"per":"1.00","retry":0,"slient":0,"store":0,"sumflow":"20971520","tel":"1064790138749","useflow":"0.00","zid":0}
2018-04-24 10:07:44.610 [main] INFO  o.c.c.s.MsisdnMonitorScheduler -加入电信月套餐队列(ctcc-monthly),封装的message为：{"cardid":520399,"operatorid":177,"per":"1.00","retry":0,"slient":0,"store":0,"sumflow":"662700032","tel":"1064935478285","useflow":"10313016.59","zid":0}
2018-04-24 10:07:44.610 [main] INFO  o.c.c.s.MsisdnMonitorScheduler -加入电信月套餐队列(ctcc-monthly),封装的message为：{"cardid":533591,"operatorid":189,"per":"1.00","retry":0,"slient":0,"store":0,"sumflow":"41943040","tel":"1064935483271","useflow":"0.00","zid":0}
2018-04-24 10:07:44.610 [main] INFO  o.c.c.s.MsisdnMonitorScheduler -加入电信月套餐队列(ctcc-monthly),封装的message为：{"cardid":427178,"operatorid":153,"per":"1.00","retry":0,"slient":0,"store":0,"sumflow":"80740352","tel":"1064958309839","useflow":"0.00","zid":0}
2018-04-24 10:07:44.610 [main] INFO  o.c.c.s.MsisdnMonitorScheduler -加入电信月套餐队列(ctcc-monthly),封装的message为：{"cardid":528992,"operatorid":140,"per":"1.00","retry":0,"slient":0,"store":0,"sumflow":"52428800","tel":"1410308894976","useflow":"0.00","zid":0}
2018-04-24 10:07:44.620 [main] INFO  o.c.c.s.MsisdnMonitorScheduler -加入电信月套餐队列(ctcc-monthly),封装的message为：{"cardid":534165,"operatorid":187,"per":"1.00","retry":0,"slient":0,"store":0,"sumflow":"176160768","tel":"1410308996543","useflow":"7548744.76","zid":0}
2018-04-24 10:07:44.620 [main] INFO  o.c.c.s.MsisdnMonitorScheduler -加入电信月套餐队列(ctcc-monthly),封装的message为：{"cardid":534162,"operatorid":187,"per":"1.00","retry":0,"slient":0,"store":0,"sumflow":"67108864","tel":"1410308996843","useflow":"11821077.56","zid":0}
2018-04-24 10:07:44.620 [main] INFO  o.c.c.s.MsisdnMonitorScheduler -加入电信月套餐队列(ctcc-monthly),封装的message为：{"cardid":534160,"operatorid":187,"per":"1.00","retry":0,"slient":0,"store":0,"sumflow":"125829120","tel":"1410308996903","useflow":"0.00","zid":0}
2018-04-24 10:07:44.620 [main] INFO  o.c.c.s.MsisdnMonitorScheduler -加入电信月套餐队列(ctcc-monthly),封装的message为：{"cardid":534126,"operatorid":187,"per":"1.00","retry":0,"slient":0,"store":0,"sumflow":"67108864","tel":"1410308999027","useflow":"0.00","zid":0}
2018-04-24 10:07:44.620 [main] INFO  o.c.c.s.MsisdnMonitorScheduler -加入电信月套餐队列(ctcc-monthly),封装的message为：{"cardid":534150,"operatorid":187,"per":"1.00","retry":0,"slient":0,"store":0,"sumflow":"83886080","tel":"1410309005787","useflow":"8858871.92","zid":0}
2018-04-24 10:07:44.620 [main] INFO  o.c.c.s.MsisdnMonitorScheduler -加入移动月套餐队列(cmcc-monthly),封装的message为：{"cardid":501271,"operatorid":182,"per":"1.00","retry":0,"slient":0,"store":0,"sumflow":"3145728","tel":"17241863466","useflow":"0.00","zid":0}
2018-04-24 10:07:44.620 [main] INFO  o.c.c.s.MsisdnMonitorScheduler -加入移动月套餐队列(cmcc-monthly),封装的message为：{"cardid":501278,"operatorid":182,"per":"1.00","retry":0,"slient":0,"store":0,"sumflow":"63963136","tel":"17241863473","useflow":"1677597.89","zid":0}
2018-04-24 10:07:44.620 [main] INFO  o.c.c.s.MsisdnMonitorScheduler -加入移动月套餐队列(cmcc-monthly),封装的message为：{"cardid":501279,"operatorid":182,"per":"1.00","retry":0,"slient":0,"store":0,"sumflow":"1048576","tel":"17241863474","useflow":"3035138.95","zid":0}
2018-04-24 10:07:44.620 [main] INFO  o.c.c.s.MsisdnMonitorScheduler -加入移动月套餐队列(cmcc-monthly),封装的message为：{"cardid":526444,"operatorid":182,"per":"1.00","retry":0,"slient":0,"store":0,"sumflow":"9437184","tel":"17241866995","useflow":"0.00","zid":0}
2018-04-24 10:07:44.620 [main] INFO  o.c.c.s.MsisdnMonitorScheduler -加入移动月套餐队列(cmcc-monthly),封装的message为：{"cardid":491323,"operatorid":203,"per":"1.00","retry":0,"slient":0,"store":0,"sumflow":"83886080","tel":"17892116287","useflow":"0.00","zid":0}
2018-04-24 10:07:44.620 [main] INFO  o.c.c.s.MsisdnMonitorScheduler -加入移动月套餐队列(cmcc-monthly),封装的message为：{"cardid":491328,"operatorid":203,"per":"1.00","retry":0,"slient":0,"store":0,"sumflow":"83886080","tel":"17892116292","useflow":"0.00","zid":0}
2018-04-24 10:07:44.620 [main] INFO  o.c.c.s.MsisdnMonitorScheduler -加入移动月套餐队列(cmcc-monthly),封装的message为：{"cardid":527443,"operatorid":210,"per":"1.00","retry":0,"slient":0,"store":0,"sumflow":"188743680","tel":"17892118109","useflow":"0.00","zid":0}
2018-04-24 10:07:44.620 [main] INFO  o.c.c.s.MsisdnMonitorScheduler -加入移动月套餐队列(cmcc-monthly),封装的message为：{"cardid":527468,"operatorid":211,"per":"1.00","retry":0,"slient":0,"store":0,"sumflow":"335544320","tel":"17892118134","useflow":"0.00","zid":0}
2018-04-24 10:07:44.620 [main] INFO  o.c.c.s.MsisdnMonitorScheduler -加入移动月套餐队列(cmcc-monthly),封装的message为：{"cardid":526654,"operatorid":210,"per":"1.00","retry":0,"slient":0,"store":0,"sumflow":"41943040","tel":"17892118247","useflow":"10545178.95","zid":0}
2018-04-24 10:07:44.620 [main] INFO  o.c.c.s.MsisdnMonitorScheduler -加入移动月套餐队列(cmcc-monthly),封装的message为：{"cardid":432884,"operatorid":182,"per":"1.00","retry":0,"slient":0,"store":0,"sumflow":"18874368","tel":"18492408556","useflow":"0.00","zid":0}
2018-04-24 10:07:44.620 [main] INFO  org.com.coolfish.Application -Started Application in 2.875 seconds (JVM running for 3.402)
2018-04-24 10:07:49.042 [RMI TCP Connection(2)-127.0.0.1] INFO  o.s.b.a.SpringApplicationAdminMXBeanRegistrar$SpringApplicationAdmin -Application shutdown requested.
2018-04-24 10:07:49.051 [RMI TCP Connection(2)-127.0.0.1] INFO  o.s.c.a.AnnotationConfigApplicationContext -Closing org.springframework.context.annotation.AnnotationConfigApplicationContext@5609159b: startup date [Tue Apr 24 10:07:41 CST 2018]; root of context hierarchy
2018-04-24 10:07:49.052 [RMI TCP Connection(2)-127.0.0.1] INFO  o.s.c.s.DefaultLifecycleProcessor -Stopping beans in phase 2147483647
2018-04-24 10:07:49.052 [RMI TCP Connection(2)-127.0.0.1] INFO  o.s.j.e.a.AnnotationMBeanExporter -Unregistering JMX-exposed beans on shutdown
2018-04-24 10:07:49.052 [RMI TCP Connection(2)-127.0.0.1] INFO  o.s.j.e.a.AnnotationMBeanExporter -Unregistering JMX-exposed beans
2018-04-24 10:07:49.074 [RMI TCP Connection(2)-127.0.0.1] INFO  o.s.o.j.LocalContainerEntityManagerFactoryBean -Closing JPA EntityManagerFactory for persistence unit 'default'
2018-04-24 10:07:49.077 [RMI TCP Connection(2)-127.0.0.1] INFO  c.alibaba.druid.pool.DruidDataSource -{dataSource-1} closed
2018-04-24 10:20:06.612 [main] INFO  org.com.coolfish.Application -Starting Application on DESKTOP-KQUPCBR with PID 10520 (D:\DevelopTools\GitHub\coolfish-master\coolfish-telprovider\target\classes started by LINGHUI in D:\DevelopTools\GitHub\coolfish-master\coolfish-telprovider)
2018-04-24 10:20:06.612 [main] INFO  org.com.coolfish.Application -The following profiles are active: dev
2018-04-24 10:20:06.642 [main] INFO  o.s.c.a.AnnotationConfigApplicationContext -Refreshing org.springframework.context.annotation.AnnotationConfigApplicationContext@5609159b: startup date [Tue Apr 24 10:20:06 CST 2018]; root of context hierarchy
2018-04-24 10:20:06.932 [main] INFO  o.s.d.r.c.RepositoryConfigurationDelegate -Multiple Spring Data modules found, entering strict repository configuration mode!
2018-04-24 10:20:06.956 [main] INFO  o.s.d.r.c.RepositoryConfigurationDelegate -Multiple Spring Data modules found, entering strict repository configuration mode!
2018-04-24 10:20:06.976 [main] INFO  o.s.d.r.c.RepositoryConfigurationExtensionSupport -Spring Data Redis - Could not safely identify store assignment for repository candidate interface org.com.coolfish.repository.KuyuCardRepository.
2018-04-24 10:20:06.976 [main] INFO  o.s.d.r.c.RepositoryConfigurationExtensionSupport -Spring Data Redis - Could not safely identify store assignment for repository candidate interface org.com.coolfish.repository.KuyuAddPackageRepository.
2018-04-24 10:20:07.166 [main] INFO  o.s.c.s.PostProcessorRegistrationDelegate$BeanPostProcessorChecker -Bean 'taskExecutorConfig' of type [org.com.coolfish.config.TaskExecutorConfig$$EnhancerBySpringCGLIB$$4d388812] is not eligible for getting processed by all BeanPostProcessors (for example: not eligible for auto-proxying)
2018-04-24 10:20:07.166 [main] INFO  o.s.s.c.ThreadPoolTaskExecutor -Initializing ExecutorService 
2018-04-24 10:20:07.196 [main] INFO  o.s.c.s.PostProcessorRegistrationDelegate$BeanPostProcessorChecker -Bean 'org.springframework.amqp.rabbit.annotation.RabbitBootstrapConfiguration' of type [org.springframework.amqp.rabbit.annotation.RabbitBootstrapConfiguration$$EnhancerBySpringCGLIB$$83fb846b] is not eligible for getting processed by all BeanPostProcessors (for example: not eligible for auto-proxying)
2018-04-24 10:20:07.416 [main] INFO  o.s.o.j.LocalContainerEntityManagerFactoryBean -Building JPA container EntityManagerFactory for persistence unit 'default'
2018-04-24 10:20:07.426 [main] INFO  o.h.jpa.internal.util.LogHelper -HHH000204: Processing PersistenceUnitInfo [
	name: default
	...]
2018-04-24 10:20:07.456 [main] INFO  org.hibernate.Version -HHH000412: Hibernate Core {5.0.12.Final}
2018-04-24 10:20:07.466 [main] INFO  org.hibernate.cfg.Environment -HHH000206: hibernate.properties not found
2018-04-24 10:20:07.466 [main] INFO  org.hibernate.cfg.Environment -HHH000021: Bytecode provider name : javassist
2018-04-24 10:20:07.486 [main] INFO  o.h.annotations.common.Version -HCANN000001: Hibernate Commons Annotations {5.0.1.Final}
2018-04-24 10:20:07.566 [main] INFO  c.alibaba.druid.pool.DruidDataSource -{dataSource-1} inited
2018-04-24 10:20:07.686 [main] INFO  org.hibernate.dialect.Dialect -HHH000400: Using dialect: org.hibernate.dialect.MySQL5Dialect
2018-04-24 10:20:07.866 [main] INFO  org.hibernate.tuple.PojoInstantiator -HHH000182: No default (no-argument) constructor for class: org.com.coolfish.entity.KuyuCard (class must be instantiated by Interceptor)
2018-04-24 10:20:07.916 [main] INFO  o.h.tool.hbm2ddl.SchemaUpdate -HHH000228: Running hbm2ddl schema update
2018-04-24 10:20:08.066 [main] INFO  o.s.o.j.LocalContainerEntityManagerFactoryBean -Initialized JPA EntityManagerFactory for persistence unit 'default'
2018-04-24 10:20:08.206 [main] INFO  o.h.h.i.QueryTranslatorFactoryInitiator -HHH000397: Using ASTQueryTranslatorFactory
2018-04-24 10:20:08.906 [main] INFO  o.s.j.e.a.AnnotationMBeanExporter -Registering beans for JMX exposure on startup
2018-04-24 10:20:08.906 [main] INFO  o.s.j.e.a.AnnotationMBeanExporter -Bean with name 'dataSource' has been autodetected for JMX exposure
2018-04-24 10:20:08.906 [main] INFO  o.s.j.e.a.AnnotationMBeanExporter -Bean with name 'rabbitConnectionFactory' has been autodetected for JMX exposure
2018-04-24 10:20:08.906 [main] INFO  o.s.j.e.a.AnnotationMBeanExporter -Located MBean 'dataSource': registering with JMX server as MBean [com.alibaba.druid.pool:name=dataSource,type=DruidDataSource]
2018-04-24 10:20:08.906 [main] INFO  o.s.j.e.a.AnnotationMBeanExporter -Located managed bean 'rabbitConnectionFactory': registering with JMX server as MBean [org.springframework.amqp.rabbit.connection:name=rabbitConnectionFactory,type=CachingConnectionFactory]
2018-04-24 10:20:08.916 [main] INFO  o.s.c.s.DefaultLifecycleProcessor -Starting beans in phase 2147483647
2018-04-24 10:20:08.926 [main] INFO  o.s.s.a.ScheduledAnnotationBeanPostProcessor -No TaskScheduler/ScheduledExecutorService bean found for scheduled processing
2018-04-24 10:20:08.956 [main] INFO  o.c.c.s.MsisdnMonitorScheduler -已订购月套餐的所有号码数量：26
2018-04-24 10:20:09.036 [main] INFO  o.s.a.r.c.CachingConnectionFactory -Created new connection: rabbitConnectionFactory#626d2016:0/SimpleConnection@40ed1802 [delegate=amqp://cf-m2m@39.108.19.148:5672/, localPort= 64058]
2018-04-24 10:20:09.057 [main] INFO  o.c.c.s.MsisdnMonitorScheduler -加入移动月套餐队列(cmcc-monthly),封装的message为：{"cardid":523796,"operatorid":202,"per":"1.00","retry":0,"slient":0,"store":0,"sumflow":"94371840","tel":"1064710455227","useflow":"0.00","zid":0}
2018-04-24 10:20:09.057 [main] INFO  o.c.c.s.MsisdnMonitorScheduler -加入移动月套餐队列(cmcc-monthly),封装的message为：{"cardid":519200,"operatorid":185,"per":"1.00","retry":0,"slient":0,"store":0,"sumflow":"20971520","tel":"1064790138749","useflow":"0.00","zid":0}
2018-04-24 10:20:09.057 [main] INFO  o.c.c.s.MsisdnMonitorScheduler -加入电信月套餐队列(ctcc-monthly),封装的message为：{"cardid":520399,"operatorid":177,"per":"1.00","retry":0,"slient":0,"store":0,"sumflow":"662700032","tel":"1064935478285","useflow":"10313016.59","zid":0}
2018-04-24 10:20:09.057 [main] INFO  o.c.c.s.MsisdnMonitorScheduler -加入电信月套餐队列(ctcc-monthly),封装的message为：{"cardid":533591,"operatorid":189,"per":"1.00","retry":0,"slient":0,"store":0,"sumflow":"41943040","tel":"1064935483271","useflow":"0.00","zid":0}
2018-04-24 10:20:09.057 [main] INFO  o.c.c.s.MsisdnMonitorScheduler -加入电信月套餐队列(ctcc-monthly),封装的message为：{"cardid":427178,"operatorid":153,"per":"1.00","retry":0,"slient":0,"store":0,"sumflow":"80740352","tel":"1064958309839","useflow":"0.00","zid":0}
2018-04-24 10:20:09.057 [main] INFO  o.c.c.s.MsisdnMonitorScheduler -加入电信月套餐队列(ctcc-monthly),封装的message为：{"cardid":528992,"operatorid":140,"per":"1.00","retry":0,"slient":0,"store":0,"sumflow":"52428800","tel":"1410308894976","useflow":"0.00","zid":0}
2018-04-24 10:20:09.057 [main] INFO  o.c.c.s.MsisdnMonitorScheduler -加入电信月套餐队列(ctcc-monthly),封装的message为：{"cardid":534165,"operatorid":187,"per":"1.00","retry":0,"slient":0,"store":0,"sumflow":"176160768","tel":"1410308996543","useflow":"7548744.76","zid":0}
2018-04-24 10:20:09.057 [main] INFO  o.c.c.s.MsisdnMonitorScheduler -加入电信月套餐队列(ctcc-monthly),封装的message为：{"cardid":534162,"operatorid":187,"per":"1.00","retry":0,"slient":0,"store":0,"sumflow":"67108864","tel":"1410308996843","useflow":"11821077.56","zid":0}
2018-04-24 10:20:09.057 [main] INFO  o.c.c.s.MsisdnMonitorScheduler -加入电信月套餐队列(ctcc-monthly),封装的message为：{"cardid":534160,"operatorid":187,"per":"1.00","retry":0,"slient":0,"store":0,"sumflow":"125829120","tel":"1410308996903","useflow":"0.00","zid":0}
2018-04-24 10:20:09.057 [main] INFO  o.c.c.s.MsisdnMonitorScheduler -加入电信月套餐队列(ctcc-monthly),封装的message为：{"cardid":534126,"operatorid":187,"per":"1.00","retry":0,"slient":0,"store":0,"sumflow":"67108864","tel":"1410308999027","useflow":"0.00","zid":0}
2018-04-24 10:20:09.057 [main] INFO  o.c.c.s.MsisdnMonitorScheduler -加入电信月套餐队列(ctcc-monthly),封装的message为：{"cardid":534150,"operatorid":187,"per":"1.00","retry":0,"slient":0,"store":0,"sumflow":"83886080","tel":"1410309005787","useflow":"8858871.92","zid":0}
2018-04-24 10:20:09.057 [main] INFO  o.c.c.s.MsisdnMonitorScheduler -加入移动月套餐队列(cmcc-monthly),封装的message为：{"cardid":501271,"operatorid":182,"per":"1.00","retry":0,"slient":0,"store":0,"sumflow":"3145728","tel":"17241863466","useflow":"0.00","zid":0}
2018-04-24 10:20:09.057 [main] INFO  o.c.c.s.MsisdnMonitorScheduler -加入移动月套餐队列(cmcc-monthly),封装的message为：{"cardid":501278,"operatorid":182,"per":"1.00","retry":0,"slient":0,"store":0,"sumflow":"63963136","tel":"17241863473","useflow":"1677597.89","zid":0}
2018-04-24 10:20:09.057 [main] INFO  o.c.c.s.MsisdnMonitorScheduler -加入移动月套餐队列(cmcc-monthly),封装的message为：{"cardid":501279,"operatorid":182,"per":"1.00","retry":0,"slient":0,"store":0,"sumflow":"1048576","tel":"17241863474","useflow":"3035138.95","zid":0}
2018-04-24 10:20:09.057 [main] INFO  o.c.c.s.MsisdnMonitorScheduler -加入移动月套餐队列(cmcc-monthly),封装的message为：{"cardid":526444,"operatorid":182,"per":"1.00","retry":0,"slient":0,"store":0,"sumflow":"9437184","tel":"17241866995","useflow":"0.00","zid":0}
2018-04-24 10:20:09.057 [main] INFO  o.c.c.s.MsisdnMonitorScheduler -加入移动月套餐队列(cmcc-monthly),封装的message为：{"cardid":491323,"operatorid":203,"per":"1.00","retry":0,"slient":0,"store":0,"sumflow":"83886080","tel":"17892116287","useflow":"0.00","zid":0}
2018-04-24 10:20:09.057 [main] INFO  o.c.c.s.MsisdnMonitorScheduler -加入移动月套餐队列(cmcc-monthly),封装的message为：{"cardid":491328,"operatorid":203,"per":"1.00","retry":0,"slient":0,"store":0,"sumflow":"83886080","tel":"17892116292","useflow":"0.00","zid":0}
2018-04-24 10:20:09.057 [main] INFO  o.c.c.s.MsisdnMonitorScheduler -加入移动月套餐队列(cmcc-monthly),封装的message为：{"cardid":527443,"operatorid":210,"per":"1.00","retry":0,"slient":0,"store":0,"sumflow":"188743680","tel":"17892118109","useflow":"0.00","zid":0}
2018-04-24 10:20:09.057 [main] INFO  o.c.c.s.MsisdnMonitorScheduler -加入移动月套餐队列(cmcc-monthly),封装的message为：{"cardid":527468,"operatorid":211,"per":"1.00","retry":0,"slient":0,"store":0,"sumflow":"335544320","tel":"17892118134","useflow":"0.00","zid":0}
2018-04-24 10:20:09.057 [main] INFO  o.c.c.s.MsisdnMonitorScheduler -加入移动月套餐队列(cmcc-monthly),封装的message为：{"cardid":526654,"operatorid":210,"per":"1.00","retry":0,"slient":0,"store":0,"sumflow":"41943040","tel":"17892118247","useflow":"10545178.95","zid":0}
2018-04-24 10:20:09.057 [main] INFO  o.c.c.s.MsisdnMonitorScheduler -加入移动月套餐队列(cmcc-monthly),封装的message为：{"cardid":432884,"operatorid":182,"per":"1.00","retry":0,"slient":0,"store":0,"sumflow":"18874368","tel":"18492408556","useflow":"0.00","zid":0}
2018-04-24 10:20:09.057 [main] INFO  org.com.coolfish.Application -Started Application in 2.645 seconds (JVM running for 3.122)
2018-04-24 10:20:14.301 [RMI TCP Connection(2)-127.0.0.1] INFO  o.s.b.a.SpringApplicationAdminMXBeanRegistrar$SpringApplicationAdmin -Application shutdown requested.
2018-04-24 10:20:14.307 [RMI TCP Connection(2)-127.0.0.1] INFO  o.s.c.a.AnnotationConfigApplicationContext -Closing org.springframework.context.annotation.AnnotationConfigApplicationContext@5609159b: startup date [Tue Apr 24 10:20:06 CST 2018]; root of context hierarchy
2018-04-24 10:20:14.308 [RMI TCP Connection(2)-127.0.0.1] INFO  o.s.c.s.DefaultLifecycleProcessor -Stopping beans in phase 2147483647
2018-04-24 10:20:14.308 [RMI TCP Connection(2)-127.0.0.1] INFO  o.s.j.e.a.AnnotationMBeanExporter -Unregistering JMX-exposed beans on shutdown
2018-04-24 10:20:14.308 [RMI TCP Connection(2)-127.0.0.1] INFO  o.s.j.e.a.AnnotationMBeanExporter -Unregistering JMX-exposed beans
2018-04-24 10:20:14.318 [RMI TCP Connection(2)-127.0.0.1] INFO  o.s.o.j.LocalContainerEntityManagerFactoryBean -Closing JPA EntityManagerFactory for persistence unit 'default'
2018-04-24 10:20:14.318 [RMI TCP Connection(2)-127.0.0.1] INFO  c.alibaba.druid.pool.DruidDataSource -{dataSource-1} closed
2018-04-24 10:21:17.711 [main] INFO  org.com.coolfish.Application -Starting Application on DESKTOP-KQUPCBR with PID 12924 (D:\DevelopTools\GitHub\coolfish-master\coolfish-telprovider\target\classes started by LINGHUI in D:\DevelopTools\GitHub\coolfish-master\coolfish-telprovider)
2018-04-24 10:21:17.721 [main] INFO  org.com.coolfish.Application -The following profiles are active: dev
2018-04-24 10:21:17.741 [main] INFO  o.s.c.a.AnnotationConfigApplicationContext -Refreshing org.springframework.context.annotation.AnnotationConfigApplicationContext@5609159b: startup date [Tue Apr 24 10:21:17 CST 2018]; root of context hierarchy
2018-04-24 10:21:18.021 [main] INFO  o.s.d.r.c.RepositoryConfigurationDelegate -Multiple Spring Data modules found, entering strict repository configuration mode!
2018-04-24 10:21:18.050 [main] INFO  o.s.d.r.c.RepositoryConfigurationDelegate -Multiple Spring Data modules found, entering strict repository configuration mode!
2018-04-24 10:21:18.070 [main] INFO  o.s.d.r.c.RepositoryConfigurationExtensionSupport -Spring Data Redis - Could not safely identify store assignment for repository candidate interface org.com.coolfish.repository.KuyuCardRepository.
2018-04-24 10:21:18.070 [main] INFO  o.s.d.r.c.RepositoryConfigurationExtensionSupport -Spring Data Redis - Could not safely identify store assignment for repository candidate interface org.com.coolfish.repository.KuyuAddPackageRepository.
2018-04-24 10:21:18.260 [main] INFO  o.s.c.s.PostProcessorRegistrationDelegate$BeanPostProcessorChecker -Bean 'taskExecutorConfig' of type [org.com.coolfish.config.TaskExecutorConfig$$EnhancerBySpringCGLIB$$5861f8d1] is not eligible for getting processed by all BeanPostProcessors (for example: not eligible for auto-proxying)
2018-04-24 10:21:18.260 [main] INFO  o.s.s.c.ThreadPoolTaskExecutor -Initializing ExecutorService 
2018-04-24 10:21:18.290 [main] INFO  o.s.c.s.PostProcessorRegistrationDelegate$BeanPostProcessorChecker -Bean 'org.springframework.amqp.rabbit.annotation.RabbitBootstrapConfiguration' of type [org.springframework.amqp.rabbit.annotation.RabbitBootstrapConfiguration$$EnhancerBySpringCGLIB$$8f24f52a] is not eligible for getting processed by all BeanPostProcessors (for example: not eligible for auto-proxying)
2018-04-24 10:21:18.511 [main] INFO  o.s.o.j.LocalContainerEntityManagerFactoryBean -Building JPA container EntityManagerFactory for persistence unit 'default'
2018-04-24 10:21:18.511 [main] INFO  o.h.jpa.internal.util.LogHelper -HHH000204: Processing PersistenceUnitInfo [
	name: default
	...]
2018-04-24 10:21:18.551 [main] INFO  org.hibernate.Version -HHH000412: Hibernate Core {5.0.12.Final}
2018-04-24 10:21:18.551 [main] INFO  org.hibernate.cfg.Environment -HHH000206: hibernate.properties not found
2018-04-24 10:21:18.551 [main] INFO  org.hibernate.cfg.Environment -HHH000021: Bytecode provider name : javassist
2018-04-24 10:21:18.581 [main] INFO  o.h.annotations.common.Version -HCANN000001: Hibernate Commons Annotations {5.0.1.Final}
2018-04-24 10:21:18.661 [main] INFO  c.alibaba.druid.pool.DruidDataSource -{dataSource-1} inited
2018-04-24 10:21:18.781 [main] INFO  org.hibernate.dialect.Dialect -HHH000400: Using dialect: org.hibernate.dialect.MySQL5Dialect
2018-04-24 10:21:18.971 [main] INFO  org.hibernate.tuple.PojoInstantiator -HHH000182: No default (no-argument) constructor for class: org.com.coolfish.entity.KuyuCard (class must be instantiated by Interceptor)
2018-04-24 10:21:19.031 [main] INFO  o.h.tool.hbm2ddl.SchemaUpdate -HHH000228: Running hbm2ddl schema update
2018-04-24 10:21:19.174 [main] INFO  o.s.o.j.LocalContainerEntityManagerFactoryBean -Initialized JPA EntityManagerFactory for persistence unit 'default'
2018-04-24 10:21:19.315 [main] INFO  o.h.h.i.QueryTranslatorFactoryInitiator -HHH000397: Using ASTQueryTranslatorFactory
2018-04-24 10:21:20.035 [main] INFO  o.s.j.e.a.AnnotationMBeanExporter -Registering beans for JMX exposure on startup
2018-04-24 10:21:20.038 [main] INFO  o.s.j.e.a.AnnotationMBeanExporter -Bean with name 'dataSource' has been autodetected for JMX exposure
2018-04-24 10:21:20.039 [main] INFO  o.s.j.e.a.AnnotationMBeanExporter -Bean with name 'rabbitConnectionFactory' has been autodetected for JMX exposure
2018-04-24 10:21:20.039 [main] INFO  o.s.j.e.a.AnnotationMBeanExporter -Located MBean 'dataSource': registering with JMX server as MBean [com.alibaba.druid.pool:name=dataSource,type=DruidDataSource]
2018-04-24 10:21:20.039 [main] INFO  o.s.j.e.a.AnnotationMBeanExporter -Located managed bean 'rabbitConnectionFactory': registering with JMX server as MBean [org.springframework.amqp.rabbit.connection:name=rabbitConnectionFactory,type=CachingConnectionFactory]
2018-04-24 10:21:20.049 [main] INFO  o.s.c.s.DefaultLifecycleProcessor -Starting beans in phase 2147483647
2018-04-24 10:21:20.059 [main] INFO  o.s.s.a.ScheduledAnnotationBeanPostProcessor -No TaskScheduler/ScheduledExecutorService bean found for scheduled processing
2018-04-24 10:21:20.089 [main] INFO  o.c.c.s.MsisdnMonitorScheduler -已订购月套餐的所有号码数量：26
2018-04-24 10:21:20.179 [main] INFO  o.s.a.r.c.CachingConnectionFactory -Created new connection: rabbitConnectionFactory#11d2dd2d:0/SimpleConnection@7c90b7b7 [delegate=amqp://cf-m2m@39.108.19.148:5672/, localPort= 64097]
2018-04-24 10:21:20.199 [main] INFO  o.c.c.s.MsisdnMonitorScheduler -加入移动月套餐队列(cmcc-monthly),封装的message为：{"cardid":523796,"operatorid":202,"per":"1.00","retry":0,"slient":0,"store":0,"sumflow":"94371840","tel":"1064710455227","useflow":"0.00","zid":0}
2018-04-24 10:21:20.199 [main] INFO  o.c.c.s.MsisdnMonitorScheduler -加入移动月套餐队列(cmcc-monthly),封装的message为：{"cardid":519200,"operatorid":185,"per":"1.00","retry":0,"slient":0,"store":0,"sumflow":"20971520","tel":"1064790138749","useflow":"0.00","zid":0}
2018-04-24 10:21:20.199 [main] INFO  o.c.c.s.MsisdnMonitorScheduler -加入电信月套餐队列(ctcc-monthly),封装的message为：{"cardid":520399,"operatorid":177,"per":"1.00","retry":0,"slient":0,"store":0,"sumflow":"662700032","tel":"1064935478285","useflow":"10313016.59","zid":0}
2018-04-24 10:21:20.199 [main] INFO  o.c.c.s.MsisdnMonitorScheduler -加入电信月套餐队列(ctcc-monthly),封装的message为：{"cardid":533591,"operatorid":189,"per":"1.00","retry":0,"slient":0,"store":0,"sumflow":"41943040","tel":"1064935483271","useflow":"0.00","zid":0}
2018-04-24 10:21:20.199 [main] INFO  o.c.c.s.MsisdnMonitorScheduler -加入电信月套餐队列(ctcc-monthly),封装的message为：{"cardid":427178,"operatorid":153,"per":"1.00","retry":0,"slient":0,"store":0,"sumflow":"80740352","tel":"1064958309839","useflow":"0.00","zid":0}
2018-04-24 10:21:20.199 [main] INFO  o.c.c.s.MsisdnMonitorScheduler -加入电信月套餐队列(ctcc-monthly),封装的message为：{"cardid":528992,"operatorid":140,"per":"1.00","retry":0,"slient":0,"store":0,"sumflow":"52428800","tel":"1410308894976","useflow":"0.00","zid":0}
2018-04-24 10:21:20.199 [main] INFO  o.c.c.s.MsisdnMonitorScheduler -加入电信月套餐队列(ctcc-monthly),封装的message为：{"cardid":534165,"operatorid":187,"per":"1.00","retry":0,"slient":0,"store":0,"sumflow":"176160768","tel":"1410308996543","useflow":"7548744.76","zid":0}
2018-04-24 10:21:20.199 [main] INFO  o.c.c.s.MsisdnMonitorScheduler -加入电信月套餐队列(ctcc-monthly),封装的message为：{"cardid":534162,"operatorid":187,"per":"1.00","retry":0,"slient":0,"store":0,"sumflow":"67108864","tel":"1410308996843","useflow":"11821077.56","zid":0}
2018-04-24 10:21:20.199 [main] INFO  o.c.c.s.MsisdnMonitorScheduler -加入电信月套餐队列(ctcc-monthly),封装的message为：{"cardid":534160,"operatorid":187,"per":"1.00","retry":0,"slient":0,"store":0,"sumflow":"125829120","tel":"1410308996903","useflow":"0.00","zid":0}
2018-04-24 10:21:20.199 [main] INFO  o.c.c.s.MsisdnMonitorScheduler -加入电信月套餐队列(ctcc-monthly),封装的message为：{"cardid":534126,"operatorid":187,"per":"1.00","retry":0,"slient":0,"store":0,"sumflow":"67108864","tel":"1410308999027","useflow":"0.00","zid":0}
2018-04-24 10:21:20.199 [main] INFO  o.c.c.s.MsisdnMonitorScheduler -加入电信月套餐队列(ctcc-monthly),封装的message为：{"cardid":534150,"operatorid":187,"per":"1.00","retry":0,"slient":0,"store":0,"sumflow":"83886080","tel":"1410309005787","useflow":"8858871.92","zid":0}
2018-04-24 10:21:20.199 [main] INFO  o.c.c.s.MsisdnMonitorScheduler -加入移动月套餐队列(cmcc-monthly),封装的message为：{"cardid":501271,"operatorid":182,"per":"1.00","retry":0,"slient":0,"store":0,"sumflow":"3145728","tel":"17241863466","useflow":"0.00","zid":0}
2018-04-24 10:21:20.199 [main] INFO  o.c.c.s.MsisdnMonitorScheduler -加入移动月套餐队列(cmcc-monthly),封装的message为：{"cardid":501278,"operatorid":182,"per":"1.00","retry":0,"slient":0,"store":0,"sumflow":"63963136","tel":"17241863473","useflow":"1677597.89","zid":0}
2018-04-24 10:21:20.199 [main] INFO  o.c.c.s.MsisdnMonitorScheduler -加入移动月套餐队列(cmcc-monthly),封装的message为：{"cardid":501279,"operatorid":182,"per":"1.00","retry":0,"slient":0,"store":0,"sumflow":"1048576","tel":"17241863474","useflow":"3035138.95","zid":0}
2018-04-24 10:21:20.199 [main] INFO  o.c.c.s.MsisdnMonitorScheduler -加入移动月套餐队列(cmcc-monthly),封装的message为：{"cardid":526444,"operatorid":182,"per":"1.00","retry":0,"slient":0,"store":0,"sumflow":"9437184","tel":"17241866995","useflow":"0.00","zid":0}
2018-04-24 10:21:20.199 [main] INFO  o.c.c.s.MsisdnMonitorScheduler -加入移动月套餐队列(cmcc-monthly),封装的message为：{"cardid":491323,"operatorid":203,"per":"1.00","retry":0,"slient":0,"store":0,"sumflow":"83886080","tel":"17892116287","useflow":"0.00","zid":0}
2018-04-24 10:21:20.199 [main] INFO  o.c.c.s.MsisdnMonitorScheduler -加入移动月套餐队列(cmcc-monthly),封装的message为：{"cardid":491328,"operatorid":203,"per":"1.00","retry":0,"slient":0,"store":0,"sumflow":"83886080","tel":"17892116292","useflow":"0.00","zid":0}
2018-04-24 10:21:20.199 [main] INFO  o.c.c.s.MsisdnMonitorScheduler -加入移动月套餐队列(cmcc-monthly),封装的message为：{"cardid":527443,"operatorid":210,"per":"1.00","retry":0,"slient":0,"store":0,"sumflow":"188743680","tel":"17892118109","useflow":"0.00","zid":0}
2018-04-24 10:21:20.199 [main] INFO  o.c.c.s.MsisdnMonitorScheduler -加入移动月套餐队列(cmcc-monthly),封装的message为：{"cardid":527468,"operatorid":211,"per":"1.00","retry":0,"slient":0,"store":0,"sumflow":"335544320","tel":"17892118134","useflow":"0.00","zid":0}
2018-04-24 10:21:20.199 [main] INFO  o.c.c.s.MsisdnMonitorScheduler -加入移动月套餐队列(cmcc-monthly),封装的message为：{"cardid":526654,"operatorid":210,"per":"1.00","retry":0,"slient":0,"store":0,"sumflow":"41943040","tel":"17892118247","useflow":"10545178.95","zid":0}
2018-04-24 10:21:20.199 [main] INFO  o.c.c.s.MsisdnMonitorScheduler -加入移动月套餐队列(cmcc-monthly),封装的message为：{"cardid":432884,"operatorid":182,"per":"1.00","retry":0,"slient":0,"store":0,"sumflow":"18874368","tel":"18492408556","useflow":"0.00","zid":0}
2018-04-24 10:21:20.209 [main] INFO  org.com.coolfish.Application -Started Application in 2.698 seconds (JVM running for 3.177)
2018-04-24 10:21:21.740 [RMI TCP Connection(2)-127.0.0.1] INFO  o.s.b.a.SpringApplicationAdminMXBeanRegistrar$SpringApplicationAdmin -Application shutdown requested.
2018-04-24 10:21:21.745 [RMI TCP Connection(2)-127.0.0.1] INFO  o.s.c.a.AnnotationConfigApplicationContext -Closing org.springframework.context.annotation.AnnotationConfigApplicationContext@5609159b: startup date [Tue Apr 24 10:21:17 CST 2018]; root of context hierarchy
2018-04-24 10:21:21.746 [RMI TCP Connection(2)-127.0.0.1] INFO  o.s.c.s.DefaultLifecycleProcessor -Stopping beans in phase 2147483647
2018-04-24 10:21:21.746 [RMI TCP Connection(2)-127.0.0.1] INFO  o.s.j.e.a.AnnotationMBeanExporter -Unregistering JMX-exposed beans on shutdown
2018-04-24 10:21:21.746 [RMI TCP Connection(2)-127.0.0.1] INFO  o.s.j.e.a.AnnotationMBeanExporter -Unregistering JMX-exposed beans
2018-04-24 10:21:21.756 [RMI TCP Connection(2)-127.0.0.1] INFO  o.s.o.j.LocalContainerEntityManagerFactoryBean -Closing JPA EntityManagerFactory for persistence unit 'default'
2018-04-24 10:21:21.756 [RMI TCP Connection(2)-127.0.0.1] INFO  c.alibaba.druid.pool.DruidDataSource -{dataSource-1} closed
2018-04-24 10:22:02.917 [main] INFO  org.com.coolfish.Application -Starting Application on DESKTOP-KQUPCBR with PID 6580 (D:\DevelopTools\GitHub\coolfish-master\coolfish-telprovider\target\classes started by LINGHUI in D:\DevelopTools\GitHub\coolfish-master\coolfish-telprovider)
2018-04-24 10:22:02.917 [main] INFO  org.com.coolfish.Application -The following profiles are active: dev
2018-04-24 10:22:02.937 [main] INFO  o.s.c.a.AnnotationConfigApplicationContext -Refreshing org.springframework.context.annotation.AnnotationConfigApplicationContext@5609159b: startup date [Tue Apr 24 10:22:02 CST 2018]; root of context hierarchy
2018-04-24 10:22:03.218 [main] INFO  o.s.d.r.c.RepositoryConfigurationDelegate -Multiple Spring Data modules found, entering strict repository configuration mode!
2018-04-24 10:22:03.238 [main] INFO  o.s.d.r.c.RepositoryConfigurationDelegate -Multiple Spring Data modules found, entering strict repository configuration mode!
2018-04-24 10:22:03.259 [main] INFO  o.s.d.r.c.RepositoryConfigurationExtensionSupport -Spring Data Redis - Could not safely identify store assignment for repository candidate interface org.com.coolfish.repository.KuyuCardRepository.
2018-04-24 10:22:03.259 [main] INFO  o.s.d.r.c.RepositoryConfigurationExtensionSupport -Spring Data Redis - Could not safely identify store assignment for repository candidate interface org.com.coolfish.repository.KuyuAddPackageRepository.
2018-04-24 10:22:03.429 [main] INFO  o.s.c.s.PostProcessorRegistrationDelegate$BeanPostProcessorChecker -Bean 'taskExecutorConfig' of type [org.com.coolfish.config.TaskExecutorConfig$$EnhancerBySpringCGLIB$$8da0d9f] is not eligible for getting processed by all BeanPostProcessors (for example: not eligible for auto-proxying)
2018-04-24 10:22:03.429 [main] INFO  o.s.s.c.ThreadPoolTaskExecutor -Initializing ExecutorService 
2018-04-24 10:22:03.459 [main] INFO  o.s.c.s.PostProcessorRegistrationDelegate$BeanPostProcessorChecker -Bean 'org.springframework.amqp.rabbit.annotation.RabbitBootstrapConfiguration' of type [org.springframework.amqp.rabbit.annotation.RabbitBootstrapConfiguration$$EnhancerBySpringCGLIB$$3f9d09f8] is not eligible for getting processed by all BeanPostProcessors (for example: not eligible for auto-proxying)
2018-04-24 10:22:03.669 [main] INFO  o.s.o.j.LocalContainerEntityManagerFactoryBean -Building JPA container EntityManagerFactory for persistence unit 'default'
2018-04-24 10:22:03.679 [main] INFO  o.h.jpa.internal.util.LogHelper -HHH000204: Processing PersistenceUnitInfo [
	name: default
	...]
2018-04-24 10:22:03.719 [main] INFO  org.hibernate.Version -HHH000412: Hibernate Core {5.0.12.Final}
2018-04-24 10:22:03.719 [main] INFO  org.hibernate.cfg.Environment -HHH000206: hibernate.properties not found
2018-04-24 10:22:03.719 [main] INFO  org.hibernate.cfg.Environment -HHH000021: Bytecode provider name : javassist
2018-04-24 10:22:03.739 [main] INFO  o.h.annotations.common.Version -HCANN000001: Hibernate Commons Annotations {5.0.1.Final}
2018-04-24 10:22:03.819 [main] INFO  c.alibaba.druid.pool.DruidDataSource -{dataSource-1} inited
2018-04-24 10:22:03.949 [main] INFO  org.hibernate.dialect.Dialect -HHH000400: Using dialect: org.hibernate.dialect.MySQL5Dialect
2018-04-24 10:22:04.139 [main] INFO  org.hibernate.tuple.PojoInstantiator -HHH000182: No default (no-argument) constructor for class: org.com.coolfish.entity.KuyuCard (class must be instantiated by Interceptor)
2018-04-24 10:22:04.199 [main] INFO  o.h.tool.hbm2ddl.SchemaUpdate -HHH000228: Running hbm2ddl schema update
2018-04-24 10:22:04.350 [main] INFO  o.s.o.j.LocalContainerEntityManagerFactoryBean -Initialized JPA EntityManagerFactory for persistence unit 'default'
2018-04-24 10:22:04.484 [main] INFO  o.h.h.i.QueryTranslatorFactoryInitiator -HHH000397: Using ASTQueryTranslatorFactory
2018-04-24 10:22:05.184 [main] INFO  o.s.j.e.a.AnnotationMBeanExporter -Registering beans for JMX exposure on startup
2018-04-24 10:22:05.184 [main] INFO  o.s.j.e.a.AnnotationMBeanExporter -Bean with name 'dataSource' has been autodetected for JMX exposure
2018-04-24 10:22:05.194 [main] INFO  o.s.j.e.a.AnnotationMBeanExporter -Bean with name 'rabbitConnectionFactory' has been autodetected for JMX exposure
2018-04-24 10:22:05.194 [main] INFO  o.s.j.e.a.AnnotationMBeanExporter -Located MBean 'dataSource': registering with JMX server as MBean [com.alibaba.druid.pool:name=dataSource,type=DruidDataSource]
2018-04-24 10:22:05.194 [main] INFO  o.s.j.e.a.AnnotationMBeanExporter -Located managed bean 'rabbitConnectionFactory': registering with JMX server as MBean [org.springframework.amqp.rabbit.connection:name=rabbitConnectionFactory,type=CachingConnectionFactory]
2018-04-24 10:22:05.204 [main] INFO  o.s.c.s.DefaultLifecycleProcessor -Starting beans in phase 2147483647
2018-04-24 10:22:05.204 [main] INFO  o.s.s.a.ScheduledAnnotationBeanPostProcessor -No TaskScheduler/ScheduledExecutorService bean found for scheduled processing
2018-04-24 10:22:05.244 [main] INFO  o.c.c.s.MsisdnMonitorScheduler -已订购月套餐的所有号码数量：26
2018-04-24 10:22:05.334 [main] INFO  o.s.a.r.c.CachingConnectionFactory -Created new connection: rabbitConnectionFactory#590765c4:0/SimpleConnection@151732fb [delegate=amqp://cf-m2m@39.108.19.148:5672/, localPort= 64130]
2018-04-24 10:22:05.354 [main] INFO  o.c.c.s.MsisdnMonitorScheduler -加入移动月套餐队列(cmcc-monthly),封装的message为：{"cardid":523796,"operatorid":202,"per":"1.00","retry":0,"slient":0,"store":0,"sumflow":"94371840","tel":"1064710455227","useflow":"0.00","zid":0}
2018-04-24 10:22:05.363 [main] INFO  o.c.c.s.MsisdnMonitorScheduler -加入移动月套餐队列(cmcc-monthly),封装的message为：{"cardid":519200,"operatorid":185,"per":"1.00","retry":0,"slient":0,"store":0,"sumflow":"20971520","tel":"1064790138749","useflow":"0.00","zid":0}
2018-04-24 10:22:05.364 [main] INFO  o.c.c.s.MsisdnMonitorScheduler -加入电信月套餐队列(ctcc-monthly),封装的message为：{"cardid":520399,"operatorid":177,"per":"1.00","retry":0,"slient":0,"store":0,"sumflow":"662700032","tel":"1064935478285","useflow":"10313016.59","zid":0}
2018-04-24 10:22:05.364 [main] INFO  o.c.c.s.MsisdnMonitorScheduler -加入电信月套餐队列(ctcc-monthly),封装的message为：{"cardid":533591,"operatorid":189,"per":"1.00","retry":0,"slient":0,"store":0,"sumflow":"41943040","tel":"1064935483271","useflow":"0.00","zid":0}
2018-04-24 10:22:05.364 [main] INFO  o.c.c.s.MsisdnMonitorScheduler -加入电信月套餐队列(ctcc-monthly),封装的message为：{"cardid":427178,"operatorid":153,"per":"1.00","retry":0,"slient":0,"store":0,"sumflow":"80740352","tel":"1064958309839","useflow":"0.00","zid":0}
2018-04-24 10:22:05.364 [main] INFO  o.c.c.s.MsisdnMonitorScheduler -加入电信月套餐队列(ctcc-monthly),封装的message为：{"cardid":528992,"operatorid":140,"per":"1.00","retry":0,"slient":0,"store":0,"sumflow":"52428800","tel":"1410308894976","useflow":"0.00","zid":0}
2018-04-24 10:22:05.364 [main] INFO  o.c.c.s.MsisdnMonitorScheduler -加入电信月套餐队列(ctcc-monthly),封装的message为：{"cardid":534165,"operatorid":187,"per":"1.00","retry":0,"slient":0,"store":0,"sumflow":"176160768","tel":"1410308996543","useflow":"7548744.76","zid":0}
2018-04-24 10:22:05.364 [main] INFO  o.c.c.s.MsisdnMonitorScheduler -加入电信月套餐队列(ctcc-monthly),封装的message为：{"cardid":534162,"operatorid":187,"per":"1.00","retry":0,"slient":0,"store":0,"sumflow":"67108864","tel":"1410308996843","useflow":"11821077.56","zid":0}
2018-04-24 10:22:05.364 [main] INFO  o.c.c.s.MsisdnMonitorScheduler -加入电信月套餐队列(ctcc-monthly),封装的message为：{"cardid":534160,"operatorid":187,"per":"1.00","retry":0,"slient":0,"store":0,"sumflow":"125829120","tel":"1410308996903","useflow":"0.00","zid":0}
2018-04-24 10:22:05.364 [main] INFO  o.c.c.s.MsisdnMonitorScheduler -加入电信月套餐队列(ctcc-monthly),封装的message为：{"cardid":534126,"operatorid":187,"per":"1.00","retry":0,"slient":0,"store":0,"sumflow":"67108864","tel":"1410308999027","useflow":"0.00","zid":0}
2018-04-24 10:22:05.364 [main] INFO  o.c.c.s.MsisdnMonitorScheduler -加入电信月套餐队列(ctcc-monthly),封装的message为：{"cardid":534150,"operatorid":187,"per":"1.00","retry":0,"slient":0,"store":0,"sumflow":"83886080","tel":"1410309005787","useflow":"8858871.92","zid":0}
2018-04-24 10:22:05.364 [main] INFO  o.c.c.s.MsisdnMonitorScheduler -加入移动月套餐队列(cmcc-monthly),封装的message为：{"cardid":501271,"operatorid":182,"per":"1.00","retry":0,"slient":0,"store":0,"sumflow":"3145728","tel":"17241863466","useflow":"0.00","zid":0}
2018-04-24 10:22:05.364 [main] INFO  o.c.c.s.MsisdnMonitorScheduler -加入移动月套餐队列(cmcc-monthly),封装的message为：{"cardid":501278,"operatorid":182,"per":"1.00","retry":0,"slient":0,"store":0,"sumflow":"63963136","tel":"17241863473","useflow":"1677597.89","zid":0}
2018-04-24 10:22:05.364 [main] INFO  o.c.c.s.MsisdnMonitorScheduler -加入移动月套餐队列(cmcc-monthly),封装的message为：{"cardid":501279,"operatorid":182,"per":"1.00","retry":0,"slient":0,"store":0,"sumflow":"1048576","tel":"17241863474","useflow":"3035138.95","zid":0}
2018-04-24 10:22:05.364 [main] INFO  o.c.c.s.MsisdnMonitorScheduler -加入移动月套餐队列(cmcc-monthly),封装的message为：{"cardid":526444,"operatorid":182,"per":"1.00","retry":0,"slient":0,"store":0,"sumflow":"9437184","tel":"17241866995","useflow":"0.00","zid":0}
2018-04-24 10:22:05.364 [main] INFO  o.c.c.s.MsisdnMonitorScheduler -加入移动月套餐队列(cmcc-monthly),封装的message为：{"cardid":491323,"operatorid":203,"per":"1.00","retry":0,"slient":0,"store":0,"sumflow":"83886080","tel":"17892116287","useflow":"0.00","zid":0}
2018-04-24 10:22:05.364 [main] INFO  o.c.c.s.MsisdnMonitorScheduler -加入移动月套餐队列(cmcc-monthly),封装的message为：{"cardid":491328,"operatorid":203,"per":"1.00","retry":0,"slient":0,"store":0,"sumflow":"83886080","tel":"17892116292","useflow":"0.00","zid":0}
2018-04-24 10:22:05.364 [main] INFO  o.c.c.s.MsisdnMonitorScheduler -加入移动月套餐队列(cmcc-monthly),封装的message为：{"cardid":527443,"operatorid":210,"per":"1.00","retry":0,"slient":0,"store":0,"sumflow":"188743680","tel":"17892118109","useflow":"0.00","zid":0}
2018-04-24 10:22:05.364 [main] INFO  o.c.c.s.MsisdnMonitorScheduler -加入移动月套餐队列(cmcc-monthly),封装的message为：{"cardid":527468,"operatorid":211,"per":"1.00","retry":0,"slient":0,"store":0,"sumflow":"335544320","tel":"17892118134","useflow":"0.00","zid":0}
2018-04-24 10:22:05.364 [main] INFO  o.c.c.s.MsisdnMonitorScheduler -加入移动月套餐队列(cmcc-monthly),封装的message为：{"cardid":526654,"operatorid":210,"per":"1.00","retry":0,"slient":0,"store":0,"sumflow":"41943040","tel":"17892118247","useflow":"10545178.95","zid":0}
2018-04-24 10:22:05.364 [main] INFO  o.c.c.s.MsisdnMonitorScheduler -加入移动月套餐队列(cmcc-monthly),封装的message为：{"cardid":432884,"operatorid":182,"per":"1.00","retry":0,"slient":0,"store":0,"sumflow":"18874368","tel":"18492408556","useflow":"0.00","zid":0}
2018-04-24 10:22:05.364 [main] INFO  org.com.coolfish.Application -Started Application in 2.657 seconds (JVM running for 3.13)
2018-04-24 10:22:06.845 [RMI TCP Connection(2)-127.0.0.1] INFO  o.s.b.a.SpringApplicationAdminMXBeanRegistrar$SpringApplicationAdmin -Application shutdown requested.
2018-04-24 10:22:06.849 [RMI TCP Connection(2)-127.0.0.1] INFO  o.s.c.a.AnnotationConfigApplicationContext -Closing org.springframework.context.annotation.AnnotationConfigApplicationContext@5609159b: startup date [Tue Apr 24 10:22:02 CST 2018]; root of context hierarchy
2018-04-24 10:22:06.851 [RMI TCP Connection(2)-127.0.0.1] INFO  o.s.c.s.DefaultLifecycleProcessor -Stopping beans in phase 2147483647
2018-04-24 10:22:06.851 [RMI TCP Connection(2)-127.0.0.1] INFO  o.s.j.e.a.AnnotationMBeanExporter -Unregistering JMX-exposed beans on shutdown
2018-04-24 10:22:06.851 [RMI TCP Connection(2)-127.0.0.1] INFO  o.s.j.e.a.AnnotationMBeanExporter -Unregistering JMX-exposed beans
2018-04-24 10:22:06.861 [RMI TCP Connection(2)-127.0.0.1] INFO  o.s.o.j.LocalContainerEntityManagerFactoryBean -Closing JPA EntityManagerFactory for persistence unit 'default'
2018-04-24 10:22:06.861 [RMI TCP Connection(2)-127.0.0.1] INFO  c.alibaba.druid.pool.DruidDataSource -{dataSource-1} closed
2018-04-24 10:31:55.921 [main] INFO  org.com.coolfish.Application -Starting Application on DESKTOP-KQUPCBR with PID 13040 (D:\DevelopTools\GitHub\coolfish-master\coolfish-telprovider\target\classes started by LINGHUI in D:\DevelopTools\GitHub\coolfish-master\coolfish-telprovider)
2018-04-24 10:31:55.931 [main] INFO  org.com.coolfish.Application -The following profiles are active: dev
2018-04-24 10:31:55.951 [main] INFO  o.s.c.a.AnnotationConfigApplicationContext -Refreshing org.springframework.context.annotation.AnnotationConfigApplicationContext@5609159b: startup date [Tue Apr 24 10:31:55 CST 2018]; root of context hierarchy
2018-04-24 10:31:56.242 [main] INFO  o.s.d.r.c.RepositoryConfigurationDelegate -Multiple Spring Data modules found, entering strict repository configuration mode!
2018-04-24 10:31:56.263 [main] INFO  o.s.d.r.c.RepositoryConfigurationDelegate -Multiple Spring Data modules found, entering strict repository configuration mode!
2018-04-24 10:31:56.273 [main] INFO  o.s.d.r.c.RepositoryConfigurationExtensionSupport -Spring Data Redis - Could not safely identify store assignment for repository candidate interface org.com.coolfish.repository.KuyuCardRepository.
2018-04-24 10:31:56.273 [main] INFO  o.s.d.r.c.RepositoryConfigurationExtensionSupport -Spring Data Redis - Could not safely identify store assignment for repository candidate interface org.com.coolfish.repository.KuyuAddPackageRepository.
2018-04-24 10:31:56.453 [main] INFO  o.s.c.s.PostProcessorRegistrationDelegate$BeanPostProcessorChecker -Bean 'taskExecutorConfig' of type [org.com.coolfish.config.TaskExecutorConfig$$EnhancerBySpringCGLIB$$8da0d9f] is not eligible for getting processed by all BeanPostProcessors (for example: not eligible for auto-proxying)
2018-04-24 10:31:56.453 [main] INFO  o.s.s.c.ThreadPoolTaskExecutor -Initializing ExecutorService 
2018-04-24 10:31:56.473 [main] INFO  o.s.c.s.PostProcessorRegistrationDelegate$BeanPostProcessorChecker -Bean 'org.springframework.amqp.rabbit.annotation.RabbitBootstrapConfiguration' of type [org.springframework.amqp.rabbit.annotation.RabbitBootstrapConfiguration$$EnhancerBySpringCGLIB$$3f9d09f8] is not eligible for getting processed by all BeanPostProcessors (for example: not eligible for auto-proxying)
2018-04-24 10:31:56.694 [main] INFO  o.s.o.j.LocalContainerEntityManagerFactoryBean -Building JPA container EntityManagerFactory for persistence unit 'default'
2018-04-24 10:31:56.703 [main] INFO  o.h.jpa.internal.util.LogHelper -HHH000204: Processing PersistenceUnitInfo [
	name: default
	...]
2018-04-24 10:31:56.744 [main] INFO  org.hibernate.Version -HHH000412: Hibernate Core {5.0.12.Final}
2018-04-24 10:31:56.744 [main] INFO  org.hibernate.cfg.Environment -HHH000206: hibernate.properties not found
2018-04-24 10:31:56.744 [main] INFO  org.hibernate.cfg.Environment -HHH000021: Bytecode provider name : javassist
2018-04-24 10:31:56.764 [main] INFO  o.h.annotations.common.Version -HCANN000001: Hibernate Commons Annotations {5.0.1.Final}
2018-04-24 10:31:56.844 [main] INFO  c.alibaba.druid.pool.DruidDataSource -{dataSource-1} inited
2018-04-24 10:31:56.974 [main] INFO  org.hibernate.dialect.Dialect -HHH000400: Using dialect: org.hibernate.dialect.MySQL5Dialect
2018-04-24 10:31:57.154 [main] INFO  org.hibernate.tuple.PojoInstantiator -HHH000182: No default (no-argument) constructor for class: org.com.coolfish.entity.KuyuCard (class must be instantiated by Interceptor)
2018-04-24 10:31:57.214 [main] INFO  o.h.tool.hbm2ddl.SchemaUpdate -HHH000228: Running hbm2ddl schema update
2018-04-24 10:31:57.374 [main] INFO  o.s.o.j.LocalContainerEntityManagerFactoryBean -Initialized JPA EntityManagerFactory for persistence unit 'default'
2018-04-24 10:31:57.507 [main] INFO  o.h.h.i.QueryTranslatorFactoryInitiator -HHH000397: Using ASTQueryTranslatorFactory
2018-04-24 10:31:58.199 [main] INFO  o.s.j.e.a.AnnotationMBeanExporter -Registering beans for JMX exposure on startup
2018-04-24 10:31:58.199 [main] INFO  o.s.j.e.a.AnnotationMBeanExporter -Bean with name 'dataSource' has been autodetected for JMX exposure
2018-04-24 10:31:58.209 [main] INFO  o.s.j.e.a.AnnotationMBeanExporter -Bean with name 'rabbitConnectionFactory' has been autodetected for JMX exposure
2018-04-24 10:31:58.209 [main] INFO  o.s.j.e.a.AnnotationMBeanExporter -Located MBean 'dataSource': registering with JMX server as MBean [com.alibaba.druid.pool:name=dataSource,type=DruidDataSource]
2018-04-24 10:31:58.209 [main] INFO  o.s.j.e.a.AnnotationMBeanExporter -Located managed bean 'rabbitConnectionFactory': registering with JMX server as MBean [org.springframework.amqp.rabbit.connection:name=rabbitConnectionFactory,type=CachingConnectionFactory]
2018-04-24 10:31:58.219 [main] INFO  o.s.c.s.DefaultLifecycleProcessor -Starting beans in phase 2147483647
2018-04-24 10:31:58.219 [main] INFO  o.s.s.a.ScheduledAnnotationBeanPostProcessor -No TaskScheduler/ScheduledExecutorService bean found for scheduled processing
2018-04-24 10:31:58.259 [main] INFO  o.c.c.s.MsisdnMonitorScheduler -已订购月套餐的所有号码数量：26
2018-04-24 10:31:58.339 [main] INFO  o.s.a.r.c.CachingConnectionFactory -Created new connection: rabbitConnectionFactory#590765c4:0/SimpleConnection@151732fb [delegate=amqp://cf-m2m@39.108.19.148:5672/, localPort= 64259]
2018-04-24 10:31:58.369 [main] INFO  o.c.c.s.MsisdnMonitorScheduler -加入移动月套餐队列(cmcc-monthly),封装的message为：{"cardid":523796,"operatorid":202,"per":"1.00","retry":0,"slient":0,"store":0,"sumflow":"94371840","tel":"1064710455227","useflow":"0.00","zid":0}
2018-04-24 10:31:58.369 [main] INFO  o.c.c.s.MsisdnMonitorScheduler -加入移动月套餐队列(cmcc-monthly),封装的message为：{"cardid":519200,"operatorid":185,"per":"1.00","retry":0,"slient":0,"store":0,"sumflow":"20971520","tel":"1064790138749","useflow":"0.00","zid":0}
2018-04-24 10:31:58.369 [main] INFO  o.c.c.s.MsisdnMonitorScheduler -加入电信月套餐队列(ctcc-monthly),封装的message为：{"cardid":520399,"operatorid":177,"per":"1.00","retry":0,"slient":0,"store":0,"sumflow":"662700032","tel":"1064935478285","useflow":"10313016.59","zid":0}
2018-04-24 10:31:58.369 [main] INFO  o.c.c.s.MsisdnMonitorScheduler -加入电信月套餐队列(ctcc-monthly),封装的message为：{"cardid":533591,"operatorid":189,"per":"1.00","retry":0,"slient":0,"store":0,"sumflow":"41943040","tel":"1064935483271","useflow":"0.00","zid":0}
2018-04-24 10:31:58.369 [main] INFO  o.c.c.s.MsisdnMonitorScheduler -加入电信月套餐队列(ctcc-monthly),封装的message为：{"cardid":427178,"operatorid":153,"per":"1.00","retry":0,"slient":0,"store":0,"sumflow":"80740352","tel":"1064958309839","useflow":"0.00","zid":0}
2018-04-24 10:31:58.369 [main] INFO  o.c.c.s.MsisdnMonitorScheduler -加入电信月套餐队列(ctcc-monthly),封装的message为：{"cardid":528992,"operatorid":140,"per":"1.00","retry":0,"slient":0,"store":0,"sumflow":"52428800","tel":"1410308894976","useflow":"0.00","zid":0}
2018-04-24 10:31:58.369 [main] INFO  o.c.c.s.MsisdnMonitorScheduler -加入电信月套餐队列(ctcc-monthly),封装的message为：{"cardid":534165,"operatorid":187,"per":"1.00","retry":0,"slient":0,"store":0,"sumflow":"176160768","tel":"1410308996543","useflow":"7548744.76","zid":0}
2018-04-24 10:31:58.369 [main] INFO  o.c.c.s.MsisdnMonitorScheduler -加入电信月套餐队列(ctcc-monthly),封装的message为：{"cardid":534162,"operatorid":187,"per":"1.00","retry":0,"slient":0,"store":0,"sumflow":"67108864","tel":"1410308996843","useflow":"11821077.56","zid":0}
2018-04-24 10:31:58.369 [main] INFO  o.c.c.s.MsisdnMonitorScheduler -加入电信月套餐队列(ctcc-monthly),封装的message为：{"cardid":534160,"operatorid":187,"per":"1.00","retry":0,"slient":0,"store":0,"sumflow":"125829120","tel":"1410308996903","useflow":"0.00","zid":0}
2018-04-24 10:31:58.369 [main] INFO  o.c.c.s.MsisdnMonitorScheduler -加入电信月套餐队列(ctcc-monthly),封装的message为：{"cardid":534126,"operatorid":187,"per":"1.00","retry":0,"slient":0,"store":0,"sumflow":"67108864","tel":"1410308999027","useflow":"0.00","zid":0}
2018-04-24 10:31:58.369 [main] INFO  o.c.c.s.MsisdnMonitorScheduler -加入电信月套餐队列(ctcc-monthly),封装的message为：{"cardid":534150,"operatorid":187,"per":"1.00","retry":0,"slient":0,"store":0,"sumflow":"83886080","tel":"1410309005787","useflow":"8858871.92","zid":0}
2018-04-24 10:31:58.369 [main] INFO  o.c.c.s.MsisdnMonitorScheduler -加入移动月套餐队列(cmcc-monthly),封装的message为：{"cardid":501271,"operatorid":182,"per":"1.00","retry":0,"slient":0,"store":0,"sumflow":"3145728","tel":"17241863466","useflow":"0.00","zid":0}
2018-04-24 10:31:58.369 [main] INFO  o.c.c.s.MsisdnMonitorScheduler -加入移动月套餐队列(cmcc-monthly),封装的message为：{"cardid":501278,"operatorid":182,"per":"1.00","retry":0,"slient":0,"store":0,"sumflow":"63963136","tel":"17241863473","useflow":"1677597.89","zid":0}
2018-04-24 10:31:58.369 [main] INFO  o.c.c.s.MsisdnMonitorScheduler -加入移动月套餐队列(cmcc-monthly),封装的message为：{"cardid":501279,"operatorid":182,"per":"1.00","retry":0,"slient":0,"store":0,"sumflow":"1048576","tel":"17241863474","useflow":"3035138.95","zid":0}
2018-04-24 10:31:58.369 [main] INFO  o.c.c.s.MsisdnMonitorScheduler -加入移动月套餐队列(cmcc-monthly),封装的message为：{"cardid":526444,"operatorid":182,"per":"1.00","retry":0,"slient":0,"store":0,"sumflow":"9437184","tel":"17241866995","useflow":"0.00","zid":0}
2018-04-24 10:31:58.369 [main] INFO  o.c.c.s.MsisdnMonitorScheduler -加入移动月套餐队列(cmcc-monthly),封装的message为：{"cardid":491323,"operatorid":203,"per":"1.00","retry":0,"slient":0,"store":0,"sumflow":"83886080","tel":"17892116287","useflow":"0.00","zid":0}
2018-04-24 10:31:58.369 [main] INFO  o.c.c.s.MsisdnMonitorScheduler -加入移动月套餐队列(cmcc-monthly),封装的message为：{"cardid":491328,"operatorid":203,"per":"1.00","retry":0,"slient":0,"store":0,"sumflow":"83886080","tel":"17892116292","useflow":"0.00","zid":0}
2018-04-24 10:31:58.369 [main] INFO  o.c.c.s.MsisdnMonitorScheduler -加入移动月套餐队列(cmcc-monthly),封装的message为：{"cardid":527443,"operatorid":210,"per":"1.00","retry":0,"slient":0,"store":0,"sumflow":"188743680","tel":"17892118109","useflow":"0.00","zid":0}
2018-04-24 10:31:58.369 [main] INFO  o.c.c.s.MsisdnMonitorScheduler -加入移动月套餐队列(cmcc-monthly),封装的message为：{"cardid":527468,"operatorid":211,"per":"1.00","retry":0,"slient":0,"store":0,"sumflow":"335544320","tel":"17892118134","useflow":"0.00","zid":0}
2018-04-24 10:31:58.369 [main] INFO  o.c.c.s.MsisdnMonitorScheduler -加入移动月套餐队列(cmcc-monthly),封装的message为：{"cardid":526654,"operatorid":210,"per":"1.00","retry":0,"slient":0,"store":0,"sumflow":"41943040","tel":"17892118247","useflow":"10545178.95","zid":0}
2018-04-24 10:31:58.369 [main] INFO  o.c.c.s.MsisdnMonitorScheduler -加入移动月套餐队列(cmcc-monthly),封装的message为：{"cardid":432884,"operatorid":182,"per":"1.00","retry":0,"slient":0,"store":0,"sumflow":"18874368","tel":"18492408556","useflow":"0.00","zid":0}
2018-04-24 10:31:58.369 [main] INFO  org.com.coolfish.Application -Started Application in 2.648 seconds (JVM running for 3.143)
2018-04-24 10:32:13.541 [RMI TCP Connection(2)-127.0.0.1] INFO  o.s.b.a.SpringApplicationAdminMXBeanRegistrar$SpringApplicationAdmin -Application shutdown requested.
2018-04-24 10:32:13.546 [RMI TCP Connection(2)-127.0.0.1] INFO  o.s.c.a.AnnotationConfigApplicationContext -Closing org.springframework.context.annotation.AnnotationConfigApplicationContext@5609159b: startup date [Tue Apr 24 10:31:55 CST 2018]; root of context hierarchy
2018-04-24 10:32:13.547 [RMI TCP Connection(2)-127.0.0.1] INFO  o.s.c.s.DefaultLifecycleProcessor -Stopping beans in phase 2147483647
2018-04-24 10:32:13.547 [RMI TCP Connection(2)-127.0.0.1] INFO  o.s.j.e.a.AnnotationMBeanExporter -Unregistering JMX-exposed beans on shutdown
2018-04-24 10:32:13.547 [RMI TCP Connection(2)-127.0.0.1] INFO  o.s.j.e.a.AnnotationMBeanExporter -Unregistering JMX-exposed beans
2018-04-24 10:32:13.568 [RMI TCP Connection(2)-127.0.0.1] INFO  o.s.o.j.LocalContainerEntityManagerFactoryBean -Closing JPA EntityManagerFactory for persistence unit 'default'
2018-04-24 10:32:13.568 [RMI TCP Connection(2)-127.0.0.1] INFO  c.alibaba.druid.pool.DruidDataSource -{dataSource-1} closed
2018-04-24 10:50:08.352 [main] INFO  org.com.coolfish.Application -Starting Application on DESKTOP-KQUPCBR with PID 13228 (D:\DevelopTools\GitHub\coolfish-master\coolfish-telprovider\target\classes started by LINGHUI in D:\DevelopTools\GitHub\coolfish-master\coolfish-telprovider)
2018-04-24 10:50:08.362 [main] INFO  org.com.coolfish.Application -The following profiles are active: dev
2018-04-24 10:50:08.382 [main] INFO  o.s.c.a.AnnotationConfigApplicationContext -Refreshing org.springframework.context.annotation.AnnotationConfigApplicationContext@5609159b: startup date [Tue Apr 24 10:50:08 CST 2018]; root of context hierarchy
2018-04-24 10:50:08.652 [main] INFO  o.s.d.r.c.RepositoryConfigurationDelegate -Multiple Spring Data modules found, entering strict repository configuration mode!
2018-04-24 10:50:08.682 [main] INFO  o.s.d.r.c.RepositoryConfigurationDelegate -Multiple Spring Data modules found, entering strict repository configuration mode!
2018-04-24 10:50:08.698 [main] INFO  o.s.d.r.c.RepositoryConfigurationExtensionSupport -Spring Data Redis - Could not safely identify store assignment for repository candidate interface org.com.coolfish.repository.KuyuCardRepository.
2018-04-24 10:50:08.698 [main] INFO  o.s.d.r.c.RepositoryConfigurationExtensionSupport -Spring Data Redis - Could not safely identify store assignment for repository candidate interface org.com.coolfish.repository.KuyuAddPackageRepository.
2018-04-24 10:50:08.878 [main] INFO  o.s.c.s.PostProcessorRegistrationDelegate$BeanPostProcessorChecker -Bean 'taskExecutorConfig' of type [org.com.coolfish.config.TaskExecutorConfig$$EnhancerBySpringCGLIB$$9095b7eb] is not eligible for getting processed by all BeanPostProcessors (for example: not eligible for auto-proxying)
2018-04-24 10:50:08.888 [main] INFO  o.s.s.c.ThreadPoolTaskExecutor -Initializing ExecutorService 
2018-04-24 10:50:08.908 [main] INFO  o.s.c.s.PostProcessorRegistrationDelegate$BeanPostProcessorChecker -Bean 'org.springframework.amqp.rabbit.annotation.RabbitBootstrapConfiguration' of type [org.springframework.amqp.rabbit.annotation.RabbitBootstrapConfiguration$$EnhancerBySpringCGLIB$$c758b444] is not eligible for getting processed by all BeanPostProcessors (for example: not eligible for auto-proxying)
2018-04-24 10:50:09.128 [main] INFO  o.s.o.j.LocalContainerEntityManagerFactoryBean -Building JPA container EntityManagerFactory for persistence unit 'default'
2018-04-24 10:50:09.138 [main] INFO  o.h.jpa.internal.util.LogHelper -HHH000204: Processing PersistenceUnitInfo [
	name: default
	...]
2018-04-24 10:50:09.168 [main] INFO  org.hibernate.Version -HHH000412: Hibernate Core {5.0.12.Final}
2018-04-24 10:50:09.168 [main] INFO  org.hibernate.cfg.Environment -HHH000206: hibernate.properties not found
2018-04-24 10:50:09.178 [main] INFO  org.hibernate.cfg.Environment -HHH000021: Bytecode provider name : javassist
2018-04-24 10:50:09.198 [main] INFO  o.h.annotations.common.Version -HCANN000001: Hibernate Commons Annotations {5.0.1.Final}
2018-04-24 10:50:09.278 [main] INFO  c.alibaba.druid.pool.DruidDataSource -{dataSource-1} inited
2018-04-24 10:50:09.388 [main] INFO  org.hibernate.dialect.Dialect -HHH000400: Using dialect: org.hibernate.dialect.MySQL5Dialect
2018-04-24 10:50:09.568 [main] INFO  org.hibernate.tuple.PojoInstantiator -HHH000182: No default (no-argument) constructor for class: org.com.coolfish.entity.KuyuCard (class must be instantiated by Interceptor)
2018-04-24 10:50:09.618 [main] INFO  o.h.tool.hbm2ddl.SchemaUpdate -HHH000228: Running hbm2ddl schema update
2018-04-24 10:50:09.778 [main] INFO  o.s.o.j.LocalContainerEntityManagerFactoryBean -Initialized JPA EntityManagerFactory for persistence unit 'default'
2018-04-24 10:50:09.935 [main] INFO  o.h.h.i.QueryTranslatorFactoryInitiator -HHH000397: Using ASTQueryTranslatorFactory
2018-04-24 10:50:10.665 [main] INFO  o.s.j.e.a.AnnotationMBeanExporter -Registering beans for JMX exposure on startup
2018-04-24 10:50:10.665 [main] INFO  o.s.j.e.a.AnnotationMBeanExporter -Bean with name 'dataSource' has been autodetected for JMX exposure
2018-04-24 10:50:10.665 [main] INFO  o.s.j.e.a.AnnotationMBeanExporter -Bean with name 'rabbitConnectionFactory' has been autodetected for JMX exposure
2018-04-24 10:50:10.675 [main] INFO  o.s.j.e.a.AnnotationMBeanExporter -Located MBean 'dataSource': registering with JMX server as MBean [com.alibaba.druid.pool:name=dataSource,type=DruidDataSource]
2018-04-24 10:50:10.675 [main] INFO  o.s.j.e.a.AnnotationMBeanExporter -Located managed bean 'rabbitConnectionFactory': registering with JMX server as MBean [org.springframework.amqp.rabbit.connection:name=rabbitConnectionFactory,type=CachingConnectionFactory]
2018-04-24 10:50:10.685 [main] INFO  o.s.c.s.DefaultLifecycleProcessor -Starting beans in phase 2147483647
2018-04-24 10:50:10.685 [main] INFO  o.s.s.a.ScheduledAnnotationBeanPostProcessor -No TaskScheduler/ScheduledExecutorService bean found for scheduled processing
2018-04-24 10:50:10.725 [main] INFO  o.c.c.s.MsisdnMonitorScheduler -已订购月套餐的所有号码数量：26
2018-04-24 10:50:10.805 [main] INFO  o.s.a.r.c.CachingConnectionFactory -Created new connection: rabbitConnectionFactory#322e49ee:0/SimpleConnection@235c997d [delegate=amqp://cf-m2m@39.108.19.148:5672/, localPort= 64532]
2018-04-24 10:50:10.819 [main] INFO  o.c.c.s.MsisdnMonitorScheduler -加入移动月套餐队列(cmcc-monthly),封装的message为：{"cardid":523796,"operatorid":202,"per":"1.00","retry":0,"slient":0,"store":0,"sumflow":"94371840","tel":"1064710455227","useflow":"0.00","zid":0}
2018-04-24 10:50:10.819 [main] INFO  o.c.c.s.MsisdnMonitorScheduler -加入移动月套餐队列(cmcc-monthly),封装的message为：{"cardid":519200,"operatorid":185,"per":"1.00","retry":0,"slient":0,"store":0,"sumflow":"20971520","tel":"1064790138749","useflow":"0.00","zid":0}
2018-04-24 10:50:10.819 [main] INFO  o.c.c.s.MsisdnMonitorScheduler -加入电信月套餐队列(ctcc-monthly),封装的message为：{"cardid":520399,"operatorid":177,"per":"1.00","retry":0,"slient":0,"store":0,"sumflow":"662700032","tel":"1064935478285","useflow":"10313016.59","zid":0}
2018-04-24 10:50:10.819 [main] INFO  o.c.c.s.MsisdnMonitorScheduler -加入电信月套餐队列(ctcc-monthly),封装的message为：{"cardid":533591,"operatorid":189,"per":"1.00","retry":0,"slient":0,"store":0,"sumflow":"41943040","tel":"1064935483271","useflow":"0.00","zid":0}
2018-04-24 10:50:10.829 [main] INFO  o.c.c.s.MsisdnMonitorScheduler -加入电信月套餐队列(ctcc-monthly),封装的message为：{"cardid":427178,"operatorid":153,"per":"1.00","retry":0,"slient":0,"store":0,"sumflow":"80740352","tel":"1064958309839","useflow":"0.00","zid":0}
2018-04-24 10:50:10.829 [main] INFO  o.c.c.s.MsisdnMonitorScheduler -加入电信月套餐队列(ctcc-monthly),封装的message为：{"cardid":528992,"operatorid":140,"per":"1.00","retry":0,"slient":0,"store":0,"sumflow":"52428800","tel":"1410308894976","useflow":"0.00","zid":0}
2018-04-24 10:50:10.829 [main] INFO  o.c.c.s.MsisdnMonitorScheduler -加入电信月套餐队列(ctcc-monthly),封装的message为：{"cardid":534165,"operatorid":187,"per":"1.00","retry":0,"slient":0,"store":0,"sumflow":"176160768","tel":"1410308996543","useflow":"7548744.76","zid":0}
2018-04-24 10:50:10.829 [main] INFO  o.c.c.s.MsisdnMonitorScheduler -加入电信月套餐队列(ctcc-monthly),封装的message为：{"cardid":534162,"operatorid":187,"per":"1.00","retry":0,"slient":0,"store":0,"sumflow":"67108864","tel":"1410308996843","useflow":"11821077.56","zid":0}
2018-04-24 10:50:10.829 [main] INFO  o.c.c.s.MsisdnMonitorScheduler -加入电信月套餐队列(ctcc-monthly),封装的message为：{"cardid":534160,"operatorid":187,"per":"1.00","retry":0,"slient":0,"store":0,"sumflow":"125829120","tel":"1410308996903","useflow":"0.00","zid":0}
2018-04-24 10:50:10.829 [main] INFO  o.c.c.s.MsisdnMonitorScheduler -加入电信月套餐队列(ctcc-monthly),封装的message为：{"cardid":534126,"operatorid":187,"per":"1.00","retry":0,"slient":0,"store":0,"sumflow":"67108864","tel":"1410308999027","useflow":"0.00","zid":0}
2018-04-24 10:50:10.829 [main] INFO  o.c.c.s.MsisdnMonitorScheduler -加入电信月套餐队列(ctcc-monthly),封装的message为：{"cardid":534150,"operatorid":187,"per":"1.00","retry":0,"slient":0,"store":0,"sumflow":"83886080","tel":"1410309005787","useflow":"8858871.92","zid":0}
2018-04-24 10:50:10.829 [main] INFO  o.c.c.s.MsisdnMonitorScheduler -加入移动月套餐队列(cmcc-monthly),封装的message为：{"cardid":501271,"operatorid":182,"per":"1.00","retry":0,"slient":0,"store":0,"sumflow":"3145728","tel":"17241863466","useflow":"0.00","zid":0}
2018-04-24 10:50:10.829 [main] INFO  o.c.c.s.MsisdnMonitorScheduler -加入移动月套餐队列(cmcc-monthly),封装的message为：{"cardid":501278,"operatorid":182,"per":"1.00","retry":0,"slient":0,"store":0,"sumflow":"63963136","tel":"17241863473","useflow":"1677597.89","zid":0}
2018-04-24 10:50:10.829 [main] INFO  o.c.c.s.MsisdnMonitorScheduler -加入移动月套餐队列(cmcc-monthly),封装的message为：{"cardid":501279,"operatorid":182,"per":"1.00","retry":0,"slient":0,"store":0,"sumflow":"1048576","tel":"17241863474","useflow":"3035138.95","zid":0}
2018-04-24 10:50:10.829 [main] INFO  o.c.c.s.MsisdnMonitorScheduler -加入移动月套餐队列(cmcc-monthly),封装的message为：{"cardid":526444,"operatorid":182,"per":"1.00","retry":0,"slient":0,"store":0,"sumflow":"9437184","tel":"17241866995","useflow":"0.00","zid":0}
2018-04-24 10:50:10.829 [main] INFO  o.c.c.s.MsisdnMonitorScheduler -加入移动月套餐队列(cmcc-monthly),封装的message为：{"cardid":491323,"operatorid":203,"per":"1.00","retry":0,"slient":0,"store":0,"sumflow":"83886080","tel":"17892116287","useflow":"0.00","zid":0}
2018-04-24 10:50:10.829 [main] INFO  o.c.c.s.MsisdnMonitorScheduler -加入移动月套餐队列(cmcc-monthly),封装的message为：{"cardid":491328,"operatorid":203,"per":"1.00","retry":0,"slient":0,"store":0,"sumflow":"83886080","tel":"17892116292","useflow":"0.00","zid":0}
2018-04-24 10:50:10.829 [main] INFO  o.c.c.s.MsisdnMonitorScheduler -加入移动月套餐队列(cmcc-monthly),封装的message为：{"cardid":527443,"operatorid":210,"per":"1.00","retry":0,"slient":0,"store":0,"sumflow":"188743680","tel":"17892118109","useflow":"0.00","zid":0}
2018-04-24 10:50:10.829 [main] INFO  o.c.c.s.MsisdnMonitorScheduler -加入移动月套餐队列(cmcc-monthly),封装的message为：{"cardid":527468,"operatorid":211,"per":"1.00","retry":0,"slient":0,"store":0,"sumflow":"335544320","tel":"17892118134","useflow":"0.00","zid":0}
2018-04-24 10:50:10.829 [main] INFO  o.c.c.s.MsisdnMonitorScheduler -加入移动月套餐队列(cmcc-monthly),封装的message为：{"cardid":526654,"operatorid":210,"per":"1.00","retry":0,"slient":0,"store":0,"sumflow":"41943040","tel":"17892118247","useflow":"10545178.95","zid":0}
2018-04-24 10:50:10.829 [main] INFO  o.c.c.s.MsisdnMonitorScheduler -加入移动月套餐队列(cmcc-monthly),封装的message为：{"cardid":432884,"operatorid":182,"per":"1.00","retry":0,"slient":0,"store":0,"sumflow":"18874368","tel":"18492408556","useflow":"0.00","zid":0}
2018-04-24 10:50:10.829 [main] INFO  org.com.coolfish.Application -Started Application in 2.677 seconds (JVM running for 3.161)
2018-04-24 10:50:17.253 [RMI TCP Connection(2)-127.0.0.1] INFO  o.s.b.a.SpringApplicationAdminMXBeanRegistrar$SpringApplicationAdmin -Application shutdown requested.
2018-04-24 10:50:17.259 [RMI TCP Connection(2)-127.0.0.1] INFO  o.s.c.a.AnnotationConfigApplicationContext -Closing org.springframework.context.annotation.AnnotationConfigApplicationContext@5609159b: startup date [Tue Apr 24 10:50:08 CST 2018]; root of context hierarchy
2018-04-24 10:50:17.260 [RMI TCP Connection(2)-127.0.0.1] INFO  o.s.c.s.DefaultLifecycleProcessor -Stopping beans in phase 2147483647
2018-04-24 10:50:17.260 [RMI TCP Connection(2)-127.0.0.1] INFO  o.s.j.e.a.AnnotationMBeanExporter -Unregistering JMX-exposed beans on shutdown
2018-04-24 10:50:17.260 [RMI TCP Connection(2)-127.0.0.1] INFO  o.s.j.e.a.AnnotationMBeanExporter -Unregistering JMX-exposed beans
2018-04-24 10:50:17.270 [RMI TCP Connection(2)-127.0.0.1] INFO  o.s.o.j.LocalContainerEntityManagerFactoryBean -Closing JPA EntityManagerFactory for persistence unit 'default'
2018-04-24 10:50:17.270 [RMI TCP Connection(2)-127.0.0.1] INFO  c.alibaba.druid.pool.DruidDataSource -{dataSource-1} closed
