2018-05-07 14:21:25.217 [main] INFO  org.com.coolfish.Application -Starting Application on DESKTOP-KQUPCBR with PID 12840 (D:\DevelopTools\GitHub\coolfish-master\coolfish-telprovider\target\classes started by LINGHUI in D:\DevelopTools\GitHub\coolfish-master\coolfish-telprovider)
2018-05-07 14:21:25.227 [main] INFO  org.com.coolfish.Application -The following profiles are active: dev
2018-05-07 14:21:25.267 [main] INFO  o.s.c.a.AnnotationConfigApplicationContext -Refreshing org.springframework.context.annotation.AnnotationConfigApplicationContext@312aa7c: startup date [Mon May 07 14:21:25 CST 2018]; root of context hierarchy
2018-05-07 14:21:26.037 [main] INFO  o.s.d.r.c.RepositoryConfigurationDelegate -Multiple Spring Data modules found, entering strict repository configuration mode!
2018-05-07 14:21:26.257 [main] INFO  o.s.d.r.c.RepositoryConfigurationDelegate -Multiple Spring Data modules found, entering strict repository configuration mode!
2018-05-07 14:21:26.357 [main] INFO  o.s.d.r.c.RepositoryConfigurationExtensionSupport -Spring Data Redis - Could not safely identify store assignment for repository candidate interface org.com.coolfish.common.database.repository.KuyuAccountRepository.
2018-05-07 14:21:26.357 [main] INFO  o.s.d.r.c.RepositoryConfigurationExtensionSupport -Spring Data Redis - Could not safely identify store assignment for repository candidate interface org.com.coolfish.common.database.repository.KuyuAddPackageRepository.
2018-05-07 14:21:26.357 [main] INFO  o.s.d.r.c.RepositoryConfigurationExtensionSupport -Spring Data Redis - Could not safely identify store assignment for repository candidate interface org.com.coolfish.common.database.repository.KuyuCardRepository.
2018-05-07 14:21:26.357 [main] INFO  o.s.d.r.c.RepositoryConfigurationExtensionSupport -Spring Data Redis - Could not safely identify store assignment for repository candidate interface org.com.coolfish.common.database.repository.KuyuCardSimstateRepository.
2018-05-07 14:21:26.357 [main] INFO  o.s.d.r.c.RepositoryConfigurationExtensionSupport -Spring Data Redis - Could not safely identify store assignment for repository candidate interface org.com.coolfish.common.database.repository.KuyuFlowDetailRepository.
2018-05-07 14:21:26.367 [main] INFO  o.s.d.r.c.RepositoryConfigurationExtensionSupport -Spring Data Redis - Could not safely identify store assignment for repository candidate interface org.com.coolfish.common.database.repository.KuyuOperatorRepository.
2018-05-07 14:21:26.777 [main] INFO  o.s.c.s.PostProcessorRegistrationDelegate$BeanPostProcessorChecker -Bean 'org.springframework.amqp.rabbit.annotation.RabbitBootstrapConfiguration' of type [org.springframework.amqp.rabbit.annotation.RabbitBootstrapConfiguration$$EnhancerBySpringCGLIB$$12ac8dde] is not eligible for getting processed by all BeanPostProcessors (for example: not eligible for auto-proxying)
2018-05-07 14:21:26.957 [main] ERROR c.alibaba.druid.filter.FilterManager -load filter error, filter not found : logback
2018-05-07 14:21:26.967 [main] INFO  o.c.c.c.d.config.DruidDBConfig -Druid数据源初始化设置成功......
2018-05-07 14:21:27.548 [main] INFO  c.alibaba.druid.pool.DruidDataSource -{dataSource-1} inited
2018-05-07 14:21:27.570 [main] INFO  o.s.o.j.LocalContainerEntityManagerFactoryBean -Building JPA container EntityManagerFactory for persistence unit 'default'
2018-05-07 14:21:27.590 [main] INFO  o.h.jpa.internal.util.LogHelper -HHH000204: Processing PersistenceUnitInfo [
	name: default
	...]
2018-05-07 14:21:27.650 [main] INFO  org.hibernate.Version -HHH000412: Hibernate Core {5.2.14.Final}
2018-05-07 14:21:27.650 [main] INFO  org.hibernate.cfg.Environment -HHH000206: hibernate.properties not found
2018-05-07 14:21:27.680 [main] INFO  o.h.annotations.common.Version -HCANN000001: Hibernate Commons Annotations {5.0.1.Final}
2018-05-07 14:21:27.790 [main] INFO  org.hibernate.dialect.Dialect -HHH000400: Using dialect: org.hibernate.dialect.MySQL5Dialect
2018-05-07 14:21:28.261 [main] INFO  o.s.o.j.LocalContainerEntityManagerFactoryBean -Initialized JPA EntityManagerFactory for persistence unit 'default'
2018-05-07 14:21:28.591 [main] INFO  o.h.h.i.QueryTranslatorFactoryInitiator -HHH000397: Using ASTQueryTranslatorFactory
2018-05-07 14:21:30.200 [main] INFO  o.s.j.e.a.AnnotationMBeanExporter -Registering beans for JMX exposure on startup
2018-05-07 14:21:30.204 [main] INFO  o.s.j.e.a.AnnotationMBeanExporter -Bean with name 'dataSource' has been autodetected for JMX exposure
2018-05-07 14:21:30.205 [main] INFO  o.s.j.e.a.AnnotationMBeanExporter -Bean with name 'rabbitConnectionFactory' has been autodetected for JMX exposure
2018-05-07 14:21:30.205 [main] INFO  o.s.j.e.a.AnnotationMBeanExporter -Located MBean 'dataSource': registering with JMX server as MBean [com.alibaba.druid.pool:name=dataSource,type=DruidDataSource]
2018-05-07 14:21:30.215 [main] INFO  o.s.j.e.a.AnnotationMBeanExporter -Located managed bean 'rabbitConnectionFactory': registering with JMX server as MBean [org.springframework.amqp.rabbit.connection:name=rabbitConnectionFactory,type=CachingConnectionFactory]
2018-05-07 14:21:30.235 [main] INFO  o.s.c.s.DefaultLifecycleProcessor -Starting beans in phase 2147483647
2018-05-07 14:21:30.245 [main] INFO  org.com.coolfish.Application -Started Application in 5.528 seconds (JVM running for 6.116)
2018-05-07 14:21:30.416 [main] INFO  o.s.b.a.l.ConditionEvaluationReportLoggingListener -

Error starting ApplicationContext. To display the conditions report re-run your application with 'debug' enabled.
2018-05-07 14:21:30.426 [main] ERROR o.s.boot.SpringApplication -Application run failed
java.lang.IllegalStateException: Failed to execute CommandLineRunner
	at org.springframework.boot.SpringApplication.callRunner(SpringApplication.java:793)
	at org.springframework.boot.SpringApplication.callRunners(SpringApplication.java:774)
	at org.springframework.boot.SpringApplication.run(SpringApplication.java:335)
	at org.springframework.boot.SpringApplication.run(SpringApplication.java:1246)
	at org.springframework.boot.SpringApplication.run(SpringApplication.java:1234)
	at org.com.coolfish.Application.main(Application.java:34)
Caused by: org.springframework.web.client.HttpClientErrorException: 404 
	at org.springframework.web.client.DefaultResponseErrorHandler.handleError(DefaultResponseErrorHandler.java:94)
	at org.springframework.web.client.DefaultResponseErrorHandler.handleError(DefaultResponseErrorHandler.java:79)
	at org.springframework.web.client.ResponseErrorHandler.handleError(ResponseErrorHandler.java:63)
	at org.springframework.web.client.RestTemplate.handleResponse(RestTemplate.java:777)
	at org.springframework.web.client.RestTemplate.doExecute(RestTemplate.java:730)
	at org.springframework.web.client.RestTemplate.execute(RestTemplate.java:686)
	at org.springframework.web.client.RestTemplate.postForEntity(RestTemplate.java:468)
	at org.com.coolfish.service.ActionService.test1(ActionService.java:52)
	at org.com.coolfish.Application.run(Application.java:41)
	at org.springframework.boot.SpringApplication.callRunner(SpringApplication.java:790)
	... 5 common frames omitted
2018-05-07 14:21:30.426 [main] INFO  o.s.c.a.AnnotationConfigApplicationContext -Closing org.springframework.context.annotation.AnnotationConfigApplicationContext@312aa7c: startup date [Mon May 07 14:21:25 CST 2018]; root of context hierarchy
2018-05-07 14:21:30.426 [main] INFO  o.s.c.s.DefaultLifecycleProcessor -Stopping beans in phase 2147483647
2018-05-07 14:21:30.426 [main] INFO  o.s.c.s.DefaultLifecycleProcessor -Stopping beans in phase 0
2018-05-07 14:21:30.426 [main] INFO  o.s.j.e.a.AnnotationMBeanExporter -Unregistering JMX-exposed beans on shutdown
2018-05-07 14:21:30.426 [main] INFO  o.s.j.e.a.AnnotationMBeanExporter -Unregistering JMX-exposed beans
2018-05-07 14:21:30.446 [main] INFO  o.s.o.j.LocalContainerEntityManagerFactoryBean -Closing JPA EntityManagerFactory for persistence unit 'default'
2018-05-07 14:21:30.446 [main] INFO  c.alibaba.druid.pool.DruidDataSource -{dataSource-1} closed
2018-05-07 14:22:17.964 [main] INFO  org.com.coolfish.Application -Starting Application on DESKTOP-KQUPCBR with PID 5828 (D:\DevelopTools\GitHub\coolfish-master\coolfish-telprovider\target\classes started by LINGHUI in D:\DevelopTools\GitHub\coolfish-master\coolfish-telprovider)
2018-05-07 14:22:17.977 [main] INFO  org.com.coolfish.Application -The following profiles are active: dev
2018-05-07 14:22:18.048 [main] INFO  o.s.c.a.AnnotationConfigApplicationContext -Refreshing org.springframework.context.annotation.AnnotationConfigApplicationContext@312aa7c: startup date [Mon May 07 14:22:18 CST 2018]; root of context hierarchy
2018-05-07 14:22:18.598 [main] INFO  o.s.d.r.c.RepositoryConfigurationDelegate -Multiple Spring Data modules found, entering strict repository configuration mode!
2018-05-07 14:22:18.668 [main] INFO  o.s.d.r.c.RepositoryConfigurationDelegate -Multiple Spring Data modules found, entering strict repository configuration mode!
2018-05-07 14:22:18.688 [main] INFO  o.s.d.r.c.RepositoryConfigurationExtensionSupport -Spring Data Redis - Could not safely identify store assignment for repository candidate interface org.com.coolfish.common.database.repository.KuyuAccountRepository.
2018-05-07 14:22:18.688 [main] INFO  o.s.d.r.c.RepositoryConfigurationExtensionSupport -Spring Data Redis - Could not safely identify store assignment for repository candidate interface org.com.coolfish.common.database.repository.KuyuAddPackageRepository.
2018-05-07 14:22:18.688 [main] INFO  o.s.d.r.c.RepositoryConfigurationExtensionSupport -Spring Data Redis - Could not safely identify store assignment for repository candidate interface org.com.coolfish.common.database.repository.KuyuCardRepository.
2018-05-07 14:22:18.688 [main] INFO  o.s.d.r.c.RepositoryConfigurationExtensionSupport -Spring Data Redis - Could not safely identify store assignment for repository candidate interface org.com.coolfish.common.database.repository.KuyuCardSimstateRepository.
2018-05-07 14:22:18.688 [main] INFO  o.s.d.r.c.RepositoryConfigurationExtensionSupport -Spring Data Redis - Could not safely identify store assignment for repository candidate interface org.com.coolfish.common.database.repository.KuyuFlowDetailRepository.
2018-05-07 14:22:18.688 [main] INFO  o.s.d.r.c.RepositoryConfigurationExtensionSupport -Spring Data Redis - Could not safely identify store assignment for repository candidate interface org.com.coolfish.common.database.repository.KuyuOperatorRepository.
2018-05-07 14:22:19.018 [main] INFO  o.s.c.s.PostProcessorRegistrationDelegate$BeanPostProcessorChecker -Bean 'org.springframework.amqp.rabbit.annotation.RabbitBootstrapConfiguration' of type [org.springframework.amqp.rabbit.annotation.RabbitBootstrapConfiguration$$EnhancerBySpringCGLIB$$1997b729] is not eligible for getting processed by all BeanPostProcessors (for example: not eligible for auto-proxying)
2018-05-07 14:22:19.386 [main] INFO  c.alibaba.druid.pool.DruidDataSource -{dataSource-1} inited
2018-05-07 14:22:19.657 [main] INFO  o.s.o.j.LocalContainerEntityManagerFactoryBean -Building JPA container EntityManagerFactory for persistence unit 'default'
2018-05-07 14:22:19.667 [main] INFO  o.h.jpa.internal.util.LogHelper -HHH000204: Processing PersistenceUnitInfo [
	name: default
	...]
2018-05-07 14:22:19.727 [main] INFO  org.hibernate.Version -HHH000412: Hibernate Core {5.2.14.Final}
2018-05-07 14:22:19.727 [main] INFO  org.hibernate.cfg.Environment -HHH000206: hibernate.properties not found
2018-05-07 14:22:19.757 [main] INFO  o.h.annotations.common.Version -HCANN000001: Hibernate Commons Annotations {5.0.1.Final}
2018-05-07 14:22:19.867 [main] INFO  org.hibernate.dialect.Dialect -HHH000400: Using dialect: org.hibernate.dialect.MySQL5Dialect
2018-05-07 14:22:20.327 [main] INFO  o.s.o.j.LocalContainerEntityManagerFactoryBean -Initialized JPA EntityManagerFactory for persistence unit 'default'
2018-05-07 14:22:20.643 [main] INFO  o.h.h.i.QueryTranslatorFactoryInitiator -HHH000397: Using ASTQueryTranslatorFactory
2018-05-07 14:22:22.114 [main] INFO  o.s.j.e.a.AnnotationMBeanExporter -Registering beans for JMX exposure on startup
2018-05-07 14:22:22.117 [main] INFO  o.s.j.e.a.AnnotationMBeanExporter -Bean with name 'dataSource' has been autodetected for JMX exposure
2018-05-07 14:22:22.117 [main] INFO  o.s.j.e.a.AnnotationMBeanExporter -Bean with name 'rabbitConnectionFactory' has been autodetected for JMX exposure
2018-05-07 14:22:22.117 [main] INFO  o.s.j.e.a.AnnotationMBeanExporter -Located MBean 'dataSource': registering with JMX server as MBean [com.alibaba.druid.pool:name=dataSource,type=DruidDataSource]
2018-05-07 14:22:22.117 [main] INFO  o.s.j.e.a.AnnotationMBeanExporter -Located managed bean 'rabbitConnectionFactory': registering with JMX server as MBean [org.springframework.amqp.rabbit.connection:name=rabbitConnectionFactory,type=CachingConnectionFactory]
2018-05-07 14:22:22.147 [main] INFO  o.s.c.s.DefaultLifecycleProcessor -Starting beans in phase 2147483647
2018-05-07 14:22:22.147 [main] INFO  org.com.coolfish.Application -Started Application in 4.643 seconds (JVM running for 5.189)
2018-05-07 14:22:22.307 [main] INFO  o.s.b.a.l.ConditionEvaluationReportLoggingListener -

Error starting ApplicationContext. To display the conditions report re-run your application with 'debug' enabled.
2018-05-07 14:22:22.307 [main] ERROR o.s.boot.SpringApplication -Application run failed
java.lang.IllegalStateException: Failed to execute CommandLineRunner
	at org.springframework.boot.SpringApplication.callRunner(SpringApplication.java:793)
	at org.springframework.boot.SpringApplication.callRunners(SpringApplication.java:774)
	at org.springframework.boot.SpringApplication.run(SpringApplication.java:335)
	at org.springframework.boot.SpringApplication.run(SpringApplication.java:1246)
	at org.springframework.boot.SpringApplication.run(SpringApplication.java:1234)
	at org.com.coolfish.Application.main(Application.java:34)
Caused by: org.springframework.web.client.HttpClientErrorException: 404 
	at org.springframework.web.client.DefaultResponseErrorHandler.handleError(DefaultResponseErrorHandler.java:94)
	at org.springframework.web.client.DefaultResponseErrorHandler.handleError(DefaultResponseErrorHandler.java:79)
	at org.springframework.web.client.ResponseErrorHandler.handleError(ResponseErrorHandler.java:63)
	at org.springframework.web.client.RestTemplate.handleResponse(RestTemplate.java:777)
	at org.springframework.web.client.RestTemplate.doExecute(RestTemplate.java:730)
	at org.springframework.web.client.RestTemplate.execute(RestTemplate.java:686)
	at org.springframework.web.client.RestTemplate.postForEntity(RestTemplate.java:468)
	at org.com.coolfish.service.ActionService.test1(ActionService.java:52)
	at org.com.coolfish.Application.run(Application.java:41)
	at org.springframework.boot.SpringApplication.callRunner(SpringApplication.java:790)
	... 5 common frames omitted
2018-05-07 14:22:22.307 [main] INFO  o.s.c.a.AnnotationConfigApplicationContext -Closing org.springframework.context.annotation.AnnotationConfigApplicationContext@312aa7c: startup date [Mon May 07 14:22:18 CST 2018]; root of context hierarchy
2018-05-07 14:22:22.307 [main] INFO  o.s.c.s.DefaultLifecycleProcessor -Stopping beans in phase 2147483647
2018-05-07 14:22:22.307 [main] INFO  o.s.c.s.DefaultLifecycleProcessor -Stopping beans in phase 0
2018-05-07 14:22:22.317 [main] INFO  o.s.j.e.a.AnnotationMBeanExporter -Unregistering JMX-exposed beans on shutdown
2018-05-07 14:22:22.317 [main] INFO  o.s.j.e.a.AnnotationMBeanExporter -Unregistering JMX-exposed beans
2018-05-07 14:22:22.327 [main] INFO  o.s.o.j.LocalContainerEntityManagerFactoryBean -Closing JPA EntityManagerFactory for persistence unit 'default'
2018-05-07 14:22:22.327 [main] INFO  c.alibaba.druid.pool.DruidDataSource -{dataSource-1} closed
2018-05-07 14:23:05.733 [main] INFO  org.com.coolfish.Application -Starting Application on DESKTOP-KQUPCBR with PID 3916 (D:\DevelopTools\GitHub\coolfish-master\coolfish-telprovider\target\classes started by LINGHUI in D:\DevelopTools\GitHub\coolfish-master\coolfish-telprovider)
2018-05-07 14:23:05.743 [main] INFO  org.com.coolfish.Application -The following profiles are active: dev
2018-05-07 14:23:05.794 [main] INFO  o.s.c.a.AnnotationConfigApplicationContext -Refreshing org.springframework.context.annotation.AnnotationConfigApplicationContext@72bc6553: startup date [Mon May 07 14:23:05 CST 2018]; root of context hierarchy
2018-05-07 14:23:06.485 [main] INFO  o.s.d.r.c.RepositoryConfigurationDelegate -Multiple Spring Data modules found, entering strict repository configuration mode!
2018-05-07 14:23:06.565 [main] INFO  o.s.d.r.c.RepositoryConfigurationDelegate -Multiple Spring Data modules found, entering strict repository configuration mode!
2018-05-07 14:23:06.585 [main] INFO  o.s.d.r.c.RepositoryConfigurationExtensionSupport -Spring Data Redis - Could not safely identify store assignment for repository candidate interface org.com.coolfish.common.database.repository.KuyuAccountRepository.
2018-05-07 14:23:06.585 [main] INFO  o.s.d.r.c.RepositoryConfigurationExtensionSupport -Spring Data Redis - Could not safely identify store assignment for repository candidate interface org.com.coolfish.common.database.repository.KuyuAddPackageRepository.
2018-05-07 14:23:06.585 [main] INFO  o.s.d.r.c.RepositoryConfigurationExtensionSupport -Spring Data Redis - Could not safely identify store assignment for repository candidate interface org.com.coolfish.common.database.repository.KuyuCardRepository.
2018-05-07 14:23:06.585 [main] INFO  o.s.d.r.c.RepositoryConfigurationExtensionSupport -Spring Data Redis - Could not safely identify store assignment for repository candidate interface org.com.coolfish.common.database.repository.KuyuCardSimstateRepository.
2018-05-07 14:23:06.585 [main] INFO  o.s.d.r.c.RepositoryConfigurationExtensionSupport -Spring Data Redis - Could not safely identify store assignment for repository candidate interface org.com.coolfish.common.database.repository.KuyuFlowDetailRepository.
2018-05-07 14:23:06.585 [main] INFO  o.s.d.r.c.RepositoryConfigurationExtensionSupport -Spring Data Redis - Could not safely identify store assignment for repository candidate interface org.com.coolfish.common.database.repository.KuyuOperatorRepository.
2018-05-07 14:23:06.935 [main] INFO  o.s.c.s.PostProcessorRegistrationDelegate$BeanPostProcessorChecker -Bean 'org.springframework.amqp.rabbit.annotation.RabbitBootstrapConfiguration' of type [org.springframework.amqp.rabbit.annotation.RabbitBootstrapConfiguration$$EnhancerBySpringCGLIB$$d5afd96d] is not eligible for getting processed by all BeanPostProcessors (for example: not eligible for auto-proxying)
2018-05-07 14:23:07.308 [main] INFO  c.alibaba.druid.pool.DruidDataSource -{dataSource-1} inited
2018-05-07 14:23:07.619 [main] INFO  o.s.o.j.LocalContainerEntityManagerFactoryBean -Building JPA container EntityManagerFactory for persistence unit 'default'
2018-05-07 14:23:07.639 [main] INFO  o.h.jpa.internal.util.LogHelper -HHH000204: Processing PersistenceUnitInfo [
	name: default
	...]
2018-05-07 14:23:07.689 [main] INFO  org.hibernate.Version -HHH000412: Hibernate Core {5.2.14.Final}
2018-05-07 14:23:07.689 [main] INFO  org.hibernate.cfg.Environment -HHH000206: hibernate.properties not found
2018-05-07 14:23:07.729 [main] INFO  o.h.annotations.common.Version -HCANN000001: Hibernate Commons Annotations {5.0.1.Final}
2018-05-07 14:23:07.839 [main] INFO  org.hibernate.dialect.Dialect -HHH000400: Using dialect: org.hibernate.dialect.MySQL5Dialect
2018-05-07 14:23:08.319 [main] INFO  o.s.o.j.LocalContainerEntityManagerFactoryBean -Initialized JPA EntityManagerFactory for persistence unit 'default'
2018-05-07 14:23:08.638 [main] INFO  o.h.h.i.QueryTranslatorFactoryInitiator -HHH000397: Using ASTQueryTranslatorFactory
2018-05-07 14:23:10.099 [main] INFO  o.s.j.e.a.AnnotationMBeanExporter -Registering beans for JMX exposure on startup
2018-05-07 14:23:10.103 [main] INFO  o.s.j.e.a.AnnotationMBeanExporter -Bean with name 'dataSource' has been autodetected for JMX exposure
2018-05-07 14:23:10.103 [main] INFO  o.s.j.e.a.AnnotationMBeanExporter -Bean with name 'rabbitConnectionFactory' has been autodetected for JMX exposure
2018-05-07 14:23:10.103 [main] INFO  o.s.j.e.a.AnnotationMBeanExporter -Located MBean 'dataSource': registering with JMX server as MBean [com.alibaba.druid.pool:name=dataSource,type=DruidDataSource]
2018-05-07 14:23:10.103 [main] INFO  o.s.j.e.a.AnnotationMBeanExporter -Located managed bean 'rabbitConnectionFactory': registering with JMX server as MBean [org.springframework.amqp.rabbit.connection:name=rabbitConnectionFactory,type=CachingConnectionFactory]
2018-05-07 14:23:10.133 [main] INFO  o.s.c.s.DefaultLifecycleProcessor -Starting beans in phase 2147483647
2018-05-07 14:23:10.133 [main] INFO  org.com.coolfish.Application -Started Application in 4.856 seconds (JVM running for 5.452)
2018-05-07 14:23:15.254 [main] INFO  o.s.b.a.l.ConditionEvaluationReportLoggingListener -

Error starting ApplicationContext. To display the conditions report re-run your application with 'debug' enabled.
2018-05-07 14:23:15.260 [main] ERROR o.s.boot.SpringApplication -Application run failed
java.lang.IllegalStateException: Failed to execute CommandLineRunner
	at org.springframework.boot.SpringApplication.callRunner(SpringApplication.java:793)
	at org.springframework.boot.SpringApplication.callRunners(SpringApplication.java:774)
	at org.springframework.boot.SpringApplication.run(SpringApplication.java:335)
	at org.springframework.boot.SpringApplication.run(SpringApplication.java:1246)
	at org.springframework.boot.SpringApplication.run(SpringApplication.java:1234)
	at org.com.coolfish.Application.main(Application.java:34)
Caused by: org.springframework.web.client.ResourceAccessException: I/O error on POST request for "http://114.55.132.207:8761/cmcc/queryTraffic": Connect to 114.55.132.207:8761 [/114.55.132.207] failed: connect timed out; nested exception is org.apache.http.conn.ConnectTimeoutException: Connect to 114.55.132.207:8761 [/114.55.132.207] failed: connect timed out
	at org.springframework.web.client.RestTemplate.doExecute(RestTemplate.java:743)
	at org.springframework.web.client.RestTemplate.execute(RestTemplate.java:686)
	at org.springframework.web.client.RestTemplate.postForEntity(RestTemplate.java:468)
	at org.com.coolfish.service.ActionService.test1(ActionService.java:52)
	at org.com.coolfish.Application.run(Application.java:41)
	at org.springframework.boot.SpringApplication.callRunner(SpringApplication.java:790)
	... 5 common frames omitted
Caused by: org.apache.http.conn.ConnectTimeoutException: Connect to 114.55.132.207:8761 [/114.55.132.207] failed: connect timed out
	at org.apache.http.impl.conn.DefaultHttpClientConnectionOperator.connect(DefaultHttpClientConnectionOperator.java:151)
	at org.apache.http.impl.conn.PoolingHttpClientConnectionManager.connect(PoolingHttpClientConnectionManager.java:373)
	at org.apache.http.impl.execchain.MainClientExec.establishRoute(MainClientExec.java:381)
	at org.apache.http.impl.execchain.MainClientExec.execute(MainClientExec.java:237)
	at org.apache.http.impl.execchain.ProtocolExec.execute(ProtocolExec.java:185)
	at org.apache.http.impl.execchain.RetryExec.execute(RetryExec.java:89)
	at org.apache.http.impl.execchain.RedirectExec.execute(RedirectExec.java:111)
	at org.apache.http.impl.client.InternalHttpClient.doExecute(InternalHttpClient.java:185)
	at org.apache.http.impl.client.CloseableHttpClient.execute(CloseableHttpClient.java:83)
	at org.apache.http.impl.client.CloseableHttpClient.execute(CloseableHttpClient.java:56)
	at org.springframework.http.client.HttpComponentsClientHttpRequest.executeInternal(HttpComponentsClientHttpRequest.java:89)
	at org.springframework.http.client.AbstractBufferingClientHttpRequest.executeInternal(AbstractBufferingClientHttpRequest.java:48)
	at org.springframework.http.client.AbstractClientHttpRequest.execute(AbstractClientHttpRequest.java:53)
	at org.springframework.web.client.RestTemplate.doExecute(RestTemplate.java:729)
	... 10 common frames omitted
Caused by: java.net.SocketTimeoutException: connect timed out
	at java.net.DualStackPlainSocketImpl.waitForConnect(Native Method)
	at java.net.DualStackPlainSocketImpl.socketConnect(DualStackPlainSocketImpl.java:85)
	at java.net.AbstractPlainSocketImpl.doConnect(AbstractPlainSocketImpl.java:350)
	at java.net.AbstractPlainSocketImpl.connectToAddress(AbstractPlainSocketImpl.java:206)
	at java.net.AbstractPlainSocketImpl.connect(AbstractPlainSocketImpl.java:188)
	at java.net.PlainSocketImpl.connect(PlainSocketImpl.java:172)
	at java.net.SocksSocketImpl.connect(SocksSocketImpl.java:392)
	at java.net.Socket.connect(Socket.java:589)
	at org.apache.http.conn.socket.PlainConnectionSocketFactory.connectSocket(PlainConnectionSocketFactory.java:75)
	at org.apache.http.impl.conn.DefaultHttpClientConnectionOperator.connect(DefaultHttpClientConnectionOperator.java:142)
	... 23 common frames omitted
2018-05-07 14:23:15.260 [main] INFO  o.s.c.a.AnnotationConfigApplicationContext -Closing org.springframework.context.annotation.AnnotationConfigApplicationContext@72bc6553: startup date [Mon May 07 14:23:05 CST 2018]; root of context hierarchy
2018-05-07 14:23:15.270 [main] INFO  o.s.c.s.DefaultLifecycleProcessor -Stopping beans in phase 2147483647
2018-05-07 14:23:15.270 [main] INFO  o.s.c.s.DefaultLifecycleProcessor -Stopping beans in phase 0
2018-05-07 14:23:15.280 [main] INFO  o.s.j.e.a.AnnotationMBeanExporter -Unregistering JMX-exposed beans on shutdown
2018-05-07 14:23:15.280 [main] INFO  o.s.j.e.a.AnnotationMBeanExporter -Unregistering JMX-exposed beans
2018-05-07 14:23:15.300 [main] INFO  o.s.o.j.LocalContainerEntityManagerFactoryBean -Closing JPA EntityManagerFactory for persistence unit 'default'
2018-05-07 14:23:15.300 [main] INFO  c.alibaba.druid.pool.DruidDataSource -{dataSource-1} closed
2018-05-07 14:24:41.101 [main] INFO  org.com.coolfish.Application -Starting Application on DESKTOP-KQUPCBR with PID 1292 (D:\DevelopTools\GitHub\coolfish-master\coolfish-telprovider\target\classes started by LINGHUI in D:\DevelopTools\GitHub\coolfish-master\coolfish-telprovider)
2018-05-07 14:24:41.109 [main] INFO  org.com.coolfish.Application -The following profiles are active: dev
2018-05-07 14:24:41.139 [main] INFO  o.s.c.a.AnnotationConfigApplicationContext -Refreshing org.springframework.context.annotation.AnnotationConfigApplicationContext@72bc6553: startup date [Mon May 07 14:24:41 CST 2018]; root of context hierarchy
2018-05-07 14:24:41.810 [main] INFO  o.s.d.r.c.RepositoryConfigurationDelegate -Multiple Spring Data modules found, entering strict repository configuration mode!
2018-05-07 14:24:41.890 [main] INFO  o.s.d.r.c.RepositoryConfigurationDelegate -Multiple Spring Data modules found, entering strict repository configuration mode!
2018-05-07 14:24:41.910 [main] INFO  o.s.d.r.c.RepositoryConfigurationExtensionSupport -Spring Data Redis - Could not safely identify store assignment for repository candidate interface org.com.coolfish.common.database.repository.KuyuAccountRepository.
2018-05-07 14:24:41.910 [main] INFO  o.s.d.r.c.RepositoryConfigurationExtensionSupport -Spring Data Redis - Could not safely identify store assignment for repository candidate interface org.com.coolfish.common.database.repository.KuyuAddPackageRepository.
2018-05-07 14:24:41.910 [main] INFO  o.s.d.r.c.RepositoryConfigurationExtensionSupport -Spring Data Redis - Could not safely identify store assignment for repository candidate interface org.com.coolfish.common.database.repository.KuyuCardRepository.
2018-05-07 14:24:41.920 [main] INFO  o.s.d.r.c.RepositoryConfigurationExtensionSupport -Spring Data Redis - Could not safely identify store assignment for repository candidate interface org.com.coolfish.common.database.repository.KuyuCardSimstateRepository.
2018-05-07 14:24:41.920 [main] INFO  o.s.d.r.c.RepositoryConfigurationExtensionSupport -Spring Data Redis - Could not safely identify store assignment for repository candidate interface org.com.coolfish.common.database.repository.KuyuFlowDetailRepository.
2018-05-07 14:24:41.920 [main] INFO  o.s.d.r.c.RepositoryConfigurationExtensionSupport -Spring Data Redis - Could not safely identify store assignment for repository candidate interface org.com.coolfish.common.database.repository.KuyuOperatorRepository.
2018-05-07 14:24:42.270 [main] INFO  o.s.c.s.PostProcessorRegistrationDelegate$BeanPostProcessorChecker -Bean 'org.springframework.amqp.rabbit.annotation.RabbitBootstrapConfiguration' of type [org.springframework.amqp.rabbit.annotation.RabbitBootstrapConfiguration$$EnhancerBySpringCGLIB$$c7d7c92b] is not eligible for getting processed by all BeanPostProcessors (for example: not eligible for auto-proxying)
2018-05-07 14:24:42.625 [main] INFO  c.alibaba.druid.pool.DruidDataSource -{dataSource-1} inited
2018-05-07 14:24:42.965 [main] INFO  o.s.o.j.LocalContainerEntityManagerFactoryBean -Building JPA container EntityManagerFactory for persistence unit 'default'
2018-05-07 14:24:42.975 [main] INFO  o.h.jpa.internal.util.LogHelper -HHH000204: Processing PersistenceUnitInfo [
	name: default
	...]
2018-05-07 14:24:43.036 [main] INFO  org.hibernate.Version -HHH000412: Hibernate Core {5.2.14.Final}
2018-05-07 14:24:43.036 [main] INFO  org.hibernate.cfg.Environment -HHH000206: hibernate.properties not found
2018-05-07 14:24:43.066 [main] INFO  o.h.annotations.common.Version -HCANN000001: Hibernate Commons Annotations {5.0.1.Final}
2018-05-07 14:24:43.186 [main] INFO  org.hibernate.dialect.Dialect -HHH000400: Using dialect: org.hibernate.dialect.MySQL5Dialect
2018-05-07 14:24:43.666 [main] INFO  o.s.o.j.LocalContainerEntityManagerFactoryBean -Initialized JPA EntityManagerFactory for persistence unit 'default'
2018-05-07 14:24:44.002 [main] INFO  o.h.h.i.QueryTranslatorFactoryInitiator -HHH000397: Using ASTQueryTranslatorFactory
2018-05-07 14:24:45.786 [main] INFO  o.s.j.e.a.AnnotationMBeanExporter -Registering beans for JMX exposure on startup
2018-05-07 14:24:45.791 [main] INFO  o.s.j.e.a.AnnotationMBeanExporter -Bean with name 'dataSource' has been autodetected for JMX exposure
2018-05-07 14:24:45.791 [main] INFO  o.s.j.e.a.AnnotationMBeanExporter -Bean with name 'rabbitConnectionFactory' has been autodetected for JMX exposure
2018-05-07 14:24:45.801 [main] INFO  o.s.j.e.a.AnnotationMBeanExporter -Located MBean 'dataSource': registering with JMX server as MBean [com.alibaba.druid.pool:name=dataSource,type=DruidDataSource]
2018-05-07 14:24:45.801 [main] INFO  o.s.j.e.a.AnnotationMBeanExporter -Located managed bean 'rabbitConnectionFactory': registering with JMX server as MBean [org.springframework.amqp.rabbit.connection:name=rabbitConnectionFactory,type=CachingConnectionFactory]
2018-05-07 14:24:45.821 [main] INFO  o.s.c.s.DefaultLifecycleProcessor -Starting beans in phase 2147483647
2018-05-07 14:24:45.831 [main] INFO  org.com.coolfish.Application -Started Application in 5.22 seconds (JVM running for 5.774)
2018-05-07 14:24:46.381 [Thread-2] INFO  o.s.c.a.AnnotationConfigApplicationContext -Closing org.springframework.context.annotation.AnnotationConfigApplicationContext@72bc6553: startup date [Mon May 07 14:24:41 CST 2018]; root of context hierarchy
2018-05-07 14:24:46.381 [Thread-2] INFO  o.s.c.s.DefaultLifecycleProcessor -Stopping beans in phase 2147483647
2018-05-07 14:24:46.391 [Thread-2] INFO  o.s.c.s.DefaultLifecycleProcessor -Stopping beans in phase 0
2018-05-07 14:24:46.391 [Thread-2] INFO  o.s.j.e.a.AnnotationMBeanExporter -Unregistering JMX-exposed beans on shutdown
2018-05-07 14:24:46.391 [Thread-2] INFO  o.s.j.e.a.AnnotationMBeanExporter -Unregistering JMX-exposed beans
2018-05-07 14:24:46.401 [Thread-2] INFO  o.s.o.j.LocalContainerEntityManagerFactoryBean -Closing JPA EntityManagerFactory for persistence unit 'default'
2018-05-07 14:24:46.411 [Thread-2] INFO  c.alibaba.druid.pool.DruidDataSource -{dataSource-1} closed
2018-05-07 14:25:57.145 [main] INFO  org.com.coolfish.Application -Starting Application on DESKTOP-KQUPCBR with PID 3736 (D:\DevelopTools\GitHub\coolfish-master\coolfish-telprovider\target\classes started by LINGHUI in D:\DevelopTools\GitHub\coolfish-master\coolfish-telprovider)
2018-05-07 14:25:57.151 [main] INFO  org.com.coolfish.Application -The following profiles are active: dev
2018-05-07 14:25:57.201 [main] INFO  o.s.c.a.AnnotationConfigApplicationContext -Refreshing org.springframework.context.annotation.AnnotationConfigApplicationContext@72bc6553: startup date [Mon May 07 14:25:57 CST 2018]; root of context hierarchy
2018-05-07 14:25:57.932 [main] INFO  o.s.d.r.c.RepositoryConfigurationDelegate -Multiple Spring Data modules found, entering strict repository configuration mode!
2018-05-07 14:25:58.012 [main] INFO  o.s.d.r.c.RepositoryConfigurationDelegate -Multiple Spring Data modules found, entering strict repository configuration mode!
2018-05-07 14:25:58.042 [main] INFO  o.s.d.r.c.RepositoryConfigurationExtensionSupport -Spring Data Redis - Could not safely identify store assignment for repository candidate interface org.com.coolfish.common.database.repository.KuyuAccountRepository.
2018-05-07 14:25:58.042 [main] INFO  o.s.d.r.c.RepositoryConfigurationExtensionSupport -Spring Data Redis - Could not safely identify store assignment for repository candidate interface org.com.coolfish.common.database.repository.KuyuAddPackageRepository.
2018-05-07 14:25:58.042 [main] INFO  o.s.d.r.c.RepositoryConfigurationExtensionSupport -Spring Data Redis - Could not safely identify store assignment for repository candidate interface org.com.coolfish.common.database.repository.KuyuCardRepository.
2018-05-07 14:25:58.052 [main] INFO  o.s.d.r.c.RepositoryConfigurationExtensionSupport -Spring Data Redis - Could not safely identify store assignment for repository candidate interface org.com.coolfish.common.database.repository.KuyuCardSimstateRepository.
2018-05-07 14:25:58.052 [main] INFO  o.s.d.r.c.RepositoryConfigurationExtensionSupport -Spring Data Redis - Could not safely identify store assignment for repository candidate interface org.com.coolfish.common.database.repository.KuyuFlowDetailRepository.
2018-05-07 14:25:58.052 [main] INFO  o.s.d.r.c.RepositoryConfigurationExtensionSupport -Spring Data Redis - Could not safely identify store assignment for repository candidate interface org.com.coolfish.common.database.repository.KuyuOperatorRepository.
2018-05-07 14:25:58.482 [main] INFO  o.s.c.s.PostProcessorRegistrationDelegate$BeanPostProcessorChecker -Bean 'org.springframework.amqp.rabbit.annotation.RabbitBootstrapConfiguration' of type [org.springframework.amqp.rabbit.annotation.RabbitBootstrapConfiguration$$EnhancerBySpringCGLIB$$fbca1f75] is not eligible for getting processed by all BeanPostProcessors (for example: not eligible for auto-proxying)
2018-05-07 14:25:58.877 [main] INFO  c.alibaba.druid.pool.DruidDataSource -{dataSource-1} inited
2018-05-07 14:25:59.177 [main] INFO  o.s.o.j.LocalContainerEntityManagerFactoryBean -Building JPA container EntityManagerFactory for persistence unit 'default'
2018-05-07 14:25:59.187 [main] INFO  o.h.jpa.internal.util.LogHelper -HHH000204: Processing PersistenceUnitInfo [
	name: default
	...]
2018-05-07 14:25:59.247 [main] INFO  org.hibernate.Version -HHH000412: Hibernate Core {5.2.14.Final}
2018-05-07 14:25:59.247 [main] INFO  org.hibernate.cfg.Environment -HHH000206: hibernate.properties not found
2018-05-07 14:25:59.287 [main] INFO  o.h.annotations.common.Version -HCANN000001: Hibernate Commons Annotations {5.0.1.Final}
2018-05-07 14:25:59.397 [main] INFO  org.hibernate.dialect.Dialect -HHH000400: Using dialect: org.hibernate.dialect.MySQL5Dialect
2018-05-07 14:25:59.847 [main] INFO  o.s.o.j.LocalContainerEntityManagerFactoryBean -Initialized JPA EntityManagerFactory for persistence unit 'default'
2018-05-07 14:26:00.185 [main] INFO  o.h.h.i.QueryTranslatorFactoryInitiator -HHH000397: Using ASTQueryTranslatorFactory
2018-05-07 14:26:01.666 [main] INFO  o.s.j.e.a.AnnotationMBeanExporter -Registering beans for JMX exposure on startup
2018-05-07 14:26:01.678 [main] INFO  o.s.j.e.a.AnnotationMBeanExporter -Bean with name 'dataSource' has been autodetected for JMX exposure
2018-05-07 14:26:01.678 [main] INFO  o.s.j.e.a.AnnotationMBeanExporter -Bean with name 'rabbitConnectionFactory' has been autodetected for JMX exposure
2018-05-07 14:26:01.678 [main] INFO  o.s.j.e.a.AnnotationMBeanExporter -Located MBean 'dataSource': registering with JMX server as MBean [com.alibaba.druid.pool:name=dataSource,type=DruidDataSource]
2018-05-07 14:26:01.678 [main] INFO  o.s.j.e.a.AnnotationMBeanExporter -Located managed bean 'rabbitConnectionFactory': registering with JMX server as MBean [org.springframework.amqp.rabbit.connection:name=rabbitConnectionFactory,type=CachingConnectionFactory]
2018-05-07 14:26:01.698 [main] INFO  o.s.c.s.DefaultLifecycleProcessor -Starting beans in phase 2147483647
2018-05-07 14:26:01.708 [main] INFO  org.com.coolfish.Application -Started Application in 5.003 seconds (JVM running for 5.607)
2018-05-07 14:26:04.089 [main] INFO  o.s.b.a.l.ConditionEvaluationReportLoggingListener -

Error starting ApplicationContext. To display the conditions report re-run your application with 'debug' enabled.
2018-05-07 14:26:04.097 [main] ERROR o.s.boot.SpringApplication -Application run failed
java.lang.IllegalStateException: Failed to execute CommandLineRunner
	at org.springframework.boot.SpringApplication.callRunner(SpringApplication.java:793)
	at org.springframework.boot.SpringApplication.callRunners(SpringApplication.java:774)
	at org.springframework.boot.SpringApplication.run(SpringApplication.java:335)
	at org.springframework.boot.SpringApplication.run(SpringApplication.java:1246)
	at org.springframework.boot.SpringApplication.run(SpringApplication.java:1234)
	at org.com.coolfish.Application.main(Application.java:34)
Caused by: org.springframework.web.client.ResourceAccessException: I/O error on POST request for "http://http/39.108.19.148:8760:server-cmcc:8761/cmcc/queryTraffic": http; nested exception is java.net.UnknownHostException: http
	at org.springframework.web.client.RestTemplate.doExecute(RestTemplate.java:743)
	at org.springframework.web.client.RestTemplate.execute(RestTemplate.java:686)
	at org.springframework.web.client.RestTemplate.postForEntity(RestTemplate.java:468)
	at org.com.coolfish.service.ActionService.test1(ActionService.java:52)
	at org.com.coolfish.Application.run(Application.java:41)
	at org.springframework.boot.SpringApplication.callRunner(SpringApplication.java:790)
	... 5 common frames omitted
Caused by: java.net.UnknownHostException: http
	at java.net.Inet6AddressImpl.lookupAllHostAddr(Native Method)
	at java.net.InetAddress$2.lookupAllHostAddr(InetAddress.java:928)
	at java.net.InetAddress.getAddressesFromNameService(InetAddress.java:1323)
	at java.net.InetAddress.getAllByName0(InetAddress.java:1276)
	at java.net.InetAddress.getAllByName(InetAddress.java:1192)
	at java.net.InetAddress.getAllByName(InetAddress.java:1126)
	at org.apache.http.impl.conn.SystemDefaultDnsResolver.resolve(SystemDefaultDnsResolver.java:45)
	at org.apache.http.impl.conn.DefaultHttpClientConnectionOperator.connect(DefaultHttpClientConnectionOperator.java:112)
	at org.apache.http.impl.conn.PoolingHttpClientConnectionManager.connect(PoolingHttpClientConnectionManager.java:373)
	at org.apache.http.impl.execchain.MainClientExec.establishRoute(MainClientExec.java:381)
	at org.apache.http.impl.execchain.MainClientExec.execute(MainClientExec.java:237)
	at org.apache.http.impl.execchain.ProtocolExec.execute(ProtocolExec.java:185)
	at org.apache.http.impl.execchain.RetryExec.execute(RetryExec.java:89)
	at org.apache.http.impl.execchain.RedirectExec.execute(RedirectExec.java:111)
	at org.apache.http.impl.client.InternalHttpClient.doExecute(InternalHttpClient.java:185)
	at org.apache.http.impl.client.CloseableHttpClient.execute(CloseableHttpClient.java:83)
	at org.apache.http.impl.client.CloseableHttpClient.execute(CloseableHttpClient.java:56)
	at org.springframework.http.client.HttpComponentsClientHttpRequest.executeInternal(HttpComponentsClientHttpRequest.java:89)
	at org.springframework.http.client.AbstractBufferingClientHttpRequest.executeInternal(AbstractBufferingClientHttpRequest.java:48)
	at org.springframework.http.client.AbstractClientHttpRequest.execute(AbstractClientHttpRequest.java:53)
	at org.springframework.web.client.RestTemplate.doExecute(RestTemplate.java:729)
	... 10 common frames omitted
2018-05-07 14:26:04.107 [main] INFO  o.s.c.a.AnnotationConfigApplicationContext -Closing org.springframework.context.annotation.AnnotationConfigApplicationContext@72bc6553: startup date [Mon May 07 14:25:57 CST 2018]; root of context hierarchy
2018-05-07 14:26:04.107 [main] INFO  o.s.c.s.DefaultLifecycleProcessor -Stopping beans in phase 2147483647
2018-05-07 14:26:04.117 [main] INFO  o.s.c.s.DefaultLifecycleProcessor -Stopping beans in phase 0
2018-05-07 14:26:04.127 [main] INFO  o.s.j.e.a.AnnotationMBeanExporter -Unregistering JMX-exposed beans on shutdown
2018-05-07 14:26:04.127 [main] INFO  o.s.j.e.a.AnnotationMBeanExporter -Unregistering JMX-exposed beans
2018-05-07 14:26:04.147 [main] INFO  o.s.o.j.LocalContainerEntityManagerFactoryBean -Closing JPA EntityManagerFactory for persistence unit 'default'
2018-05-07 14:26:04.157 [main] INFO  c.alibaba.druid.pool.DruidDataSource -{dataSource-1} closed
