2018-04-18 17:49:19.136 [main] INFO  org.com.coolfish.Application -Starting Application on DESKTOP-KQUPCBR with PID 11408 (D:\DevelopTools\GitHub\coolfish-master\coolfish-telconsumer-cha\target\classes started by LINGHUI in D:\DevelopTools\GitHub\coolfish-master\coolfish-telconsumer-cha)
2018-04-18 17:49:19.136 [main] INFO  org.com.coolfish.Application -The following profiles are active: dev
2018-04-18 17:49:19.176 [main] INFO  o.s.b.c.e.AnnotationConfigEmbeddedWebApplicationContext -Refreshing org.springframework.boot.context.embedded.AnnotationConfigEmbeddedWebApplicationContext@247d8ae: startup date [Wed Apr 18 17:49:19 CST 2018]; root of context hierarchy
2018-04-18 17:49:19.917 [main] INFO  o.s.d.r.c.RepositoryConfigurationDelegate -Multiple Spring Data modules found, entering strict repository configuration mode!
2018-04-18 17:49:19.967 [main] INFO  o.s.d.r.c.RepositoryConfigurationDelegate -Multiple Spring Data modules found, entering strict repository configuration mode!
2018-04-18 17:49:19.997 [main] INFO  o.s.d.r.c.RepositoryConfigurationExtensionSupport -Spring Data Redis - Could not safely identify store assignment for repository candidate interface org.com.coolfish.repository.KuyuAccountRepository.
2018-04-18 17:49:20.007 [main] INFO  o.s.d.r.c.RepositoryConfigurationExtensionSupport -Spring Data Redis - Could not safely identify store assignment for repository candidate interface org.com.coolfish.repository.KuyuOperatorRepository.
2018-04-18 17:49:20.007 [main] INFO  o.s.d.r.c.RepositoryConfigurationExtensionSupport -Spring Data Redis - Could not safely identify store assignment for repository candidate interface org.com.coolfish.repository.KuyuCardRepository.
2018-04-18 17:49:20.007 [main] INFO  o.s.d.r.c.RepositoryConfigurationExtensionSupport -Spring Data Redis - Could not safely identify store assignment for repository candidate interface org.com.coolfish.repository.KuyuAddPackageRepository.
2018-04-18 17:49:20.347 [main] INFO  o.s.c.s.PostProcessorRegistrationDelegate$BeanPostProcessorChecker -Bean 'taskExecutorConfig' of type [org.com.coolfish.config.TaskExecutorConfig$$EnhancerBySpringCGLIB$$22fbe140] is not eligible for getting processed by all BeanPostProcessors (for example: not eligible for auto-proxying)
2018-04-18 17:49:20.351 [main] INFO  o.s.s.c.ThreadPoolTaskExecutor -Initializing ExecutorService 
2018-04-18 17:49:20.411 [main] INFO  o.s.c.s.PostProcessorRegistrationDelegate$BeanPostProcessorChecker -Bean 'org.springframework.amqp.rabbit.annotation.RabbitBootstrapConfiguration' of type [org.springframework.amqp.rabbit.annotation.RabbitBootstrapConfiguration$$EnhancerBySpringCGLIB$$59bedd99] is not eligible for getting processed by all BeanPostProcessors (for example: not eligible for auto-proxying)
2018-04-18 17:49:21.201 [main] INFO  o.s.b.c.e.t.TomcatEmbeddedServletContainer -Tomcat initialized with port(s): 8081 (http)
2018-04-18 17:49:21.221 [main] INFO  o.a.catalina.core.StandardService -Starting service [Tomcat]
2018-04-18 17:49:21.221 [main] INFO  o.a.catalina.core.StandardEngine -Starting Servlet Engine: Apache Tomcat/8.5.23
2018-04-18 17:49:21.361 [localhost-startStop-1] INFO  o.a.c.c.C.[Tomcat].[localhost].[/] -Initializing Spring embedded WebApplicationContext
2018-04-18 17:49:21.370 [localhost-startStop-1] INFO  o.s.web.context.ContextLoader -Root WebApplicationContext: initialization completed in 2194 ms
2018-04-18 17:49:21.705 [localhost-startStop-1] INFO  o.s.b.w.s.ServletRegistrationBean -Mapping servlet: 'dispatcherServlet' to [/]
2018-04-18 17:49:21.705 [localhost-startStop-1] INFO  o.s.b.w.s.FilterRegistrationBean -Mapping filter: 'characterEncodingFilter' to: [/*]
2018-04-18 17:49:21.705 [localhost-startStop-1] INFO  o.s.b.w.s.FilterRegistrationBean -Mapping filter: 'hiddenHttpMethodFilter' to: [/*]
2018-04-18 17:49:21.705 [localhost-startStop-1] INFO  o.s.b.w.s.FilterRegistrationBean -Mapping filter: 'httpPutFormContentFilter' to: [/*]
2018-04-18 17:49:21.705 [localhost-startStop-1] INFO  o.s.b.w.s.FilterRegistrationBean -Mapping filter: 'requestContextFilter' to: [/*]
2018-04-18 17:49:21.975 [main] INFO  o.s.o.j.LocalContainerEntityManagerFactoryBean -Building JPA container EntityManagerFactory for persistence unit 'default'
2018-04-18 17:49:21.995 [main] INFO  o.h.jpa.internal.util.LogHelper -HHH000204: Processing PersistenceUnitInfo [
	name: default
	...]
2018-04-18 17:49:22.075 [main] INFO  org.hibernate.Version -HHH000412: Hibernate Core {5.0.12.Final}
2018-04-18 17:49:22.075 [main] INFO  org.hibernate.cfg.Environment -HHH000206: hibernate.properties not found
2018-04-18 17:49:22.075 [main] INFO  org.hibernate.cfg.Environment -HHH000021: Bytecode provider name : javassist
2018-04-18 17:49:22.115 [main] INFO  o.h.annotations.common.Version -HCANN000001: Hibernate Commons Annotations {5.0.1.Final}
2018-04-18 17:49:22.375 [main] INFO  c.alibaba.druid.pool.DruidDataSource -{dataSource-1} inited
2018-04-18 17:49:22.673 [main] INFO  org.hibernate.dialect.Dialect -HHH000400: Using dialect: org.hibernate.dialect.MySQL5Dialect
2018-04-18 17:49:23.064 [main] INFO  org.hibernate.tuple.PojoInstantiator -HHH000182: No default (no-argument) constructor for class: org.com.coolfish.entity.KuyuCard (class must be instantiated by Interceptor)
2018-04-18 17:49:23.134 [main] INFO  o.h.tool.hbm2ddl.SchemaUpdate -HHH000228: Running hbm2ddl schema update
2018-04-18 17:49:23.214 [main] INFO  o.h.t.s.e.i.InformationExtractorJdbcDatabaseMetaDataImpl -HHH000262: Table not found: kuyu_account
2018-04-18 17:49:23.224 [main] INFO  o.h.t.s.e.i.InformationExtractorJdbcDatabaseMetaDataImpl -HHH000262: Table not found: kuyu_account
2018-04-18 17:49:23.984 [main] INFO  o.s.o.j.LocalContainerEntityManagerFactoryBean -Initialized JPA EntityManagerFactory for persistence unit 'default'
2018-04-18 17:49:24.509 [main] INFO  o.h.h.i.QueryTranslatorFactoryInitiator -HHH000397: Using ASTQueryTranslatorFactory
2018-04-18 17:49:24.979 [main] ERROR o.h.hql.internal.ast.ErrorCounter - Unable to locate appropriate constructor on class [org.com.coolfish.entity.KuyuAccount]. Expected arguments are: long, java.lang.String
[cause=org.hibernate.PropertyNotFoundException: no appropriate constructor in class: org.com.coolfish.entity.KuyuAccount]
2018-04-18 17:49:24.989 [main] ERROR o.h.hql.internal.ast.ErrorCounter - Unable to locate appropriate constructor on class [org.com.coolfish.entity.KuyuAccount]. Expected arguments are: long, java.lang.String
[cause=org.hibernate.PropertyNotFoundException: no appropriate constructor in class: org.com.coolfish.entity.KuyuAccount]
org.hibernate.hql.internal.ast.DetailedSemanticException: Unable to locate appropriate constructor on class [org.com.coolfish.entity.KuyuAccount]. Expected arguments are: long, java.lang.String
	at org.hibernate.hql.internal.ast.tree.ConstructorNode.resolveConstructor(ConstructorNode.java:182)
	at org.hibernate.hql.internal.ast.tree.ConstructorNode.prepare(ConstructorNode.java:144)
	at org.hibernate.hql.internal.ast.HqlSqlWalker.processConstructor(HqlSqlWalker.java:1092)
	at org.hibernate.hql.internal.antlr.HqlSqlBaseWalker.selectExpr(HqlSqlBaseWalker.java:2359)
	at org.hibernate.hql.internal.antlr.HqlSqlBaseWalker.selectExprList(HqlSqlBaseWalker.java:2225)
	at org.hibernate.hql.internal.antlr.HqlSqlBaseWalker.selectClause(HqlSqlBaseWalker.java:1496)
	at org.hibernate.hql.internal.antlr.HqlSqlBaseWalker.query(HqlSqlBaseWalker.java:581)
	at org.hibernate.hql.internal.antlr.HqlSqlBaseWalker.selectStatement(HqlSqlBaseWalker.java:309)
	at org.hibernate.hql.internal.antlr.HqlSqlBaseWalker.statement(HqlSqlBaseWalker.java:257)
	at org.hibernate.hql.internal.ast.QueryTranslatorImpl.analyze(QueryTranslatorImpl.java:262)
	at org.hibernate.hql.internal.ast.QueryTranslatorImpl.doCompile(QueryTranslatorImpl.java:190)
	at org.hibernate.hql.internal.ast.QueryTranslatorImpl.compile(QueryTranslatorImpl.java:142)
	at org.hibernate.engine.query.spi.HQLQueryPlan.<init>(HQLQueryPlan.java:115)
	at org.hibernate.engine.query.spi.HQLQueryPlan.<init>(HQLQueryPlan.java:76)
	at org.hibernate.engine.query.spi.QueryPlanCache.getHQLQueryPlan(QueryPlanCache.java:150)
	at org.hibernate.internal.AbstractSessionImpl.getHQLQueryPlan(AbstractSessionImpl.java:302)
	at org.hibernate.internal.AbstractSessionImpl.createQuery(AbstractSessionImpl.java:240)
	at org.hibernate.internal.SessionImpl.createQuery(SessionImpl.java:1894)
	at org.hibernate.jpa.spi.AbstractEntityManagerImpl.createQuery(AbstractEntityManagerImpl.java:291)
	at sun.reflect.NativeMethodAccessorImpl.invoke0(Native Method)
	at sun.reflect.NativeMethodAccessorImpl.invoke(NativeMethodAccessorImpl.java:62)
	at sun.reflect.DelegatingMethodAccessorImpl.invoke(DelegatingMethodAccessorImpl.java:43)
	at java.lang.reflect.Method.invoke(Method.java:498)
	at org.springframework.orm.jpa.ExtendedEntityManagerCreator$ExtendedEntityManagerInvocationHandler.invoke(ExtendedEntityManagerCreator.java:347)
	at com.sun.proxy.$Proxy87.createQuery(Unknown Source)
	at org.springframework.data.jpa.repository.query.SimpleJpaQuery.validateQuery(SimpleJpaQuery.java:86)
	at org.springframework.data.jpa.repository.query.SimpleJpaQuery.<init>(SimpleJpaQuery.java:62)
	at org.springframework.data.jpa.repository.query.JpaQueryFactory.fromMethodWithQueryString(JpaQueryFactory.java:72)
	at org.springframework.data.jpa.repository.query.JpaQueryFactory.fromQueryAnnotation(JpaQueryFactory.java:53)
	at org.springframework.data.jpa.repository.query.JpaQueryLookupStrategy$DeclaredQueryLookupStrategy.resolveQuery(JpaQueryLookupStrategy.java:138)
	at org.springframework.data.jpa.repository.query.JpaQueryLookupStrategy$CreateIfNotFoundQueryLookupStrategy.resolveQuery(JpaQueryLookupStrategy.java:205)
	at org.springframework.data.jpa.repository.query.JpaQueryLookupStrategy$AbstractQueryLookupStrategy.resolveQuery(JpaQueryLookupStrategy.java:77)
	at org.springframework.data.repository.core.support.RepositoryFactorySupport$QueryExecutorMethodInterceptor.<init>(RepositoryFactorySupport.java:451)
	at org.springframework.data.repository.core.support.RepositoryFactorySupport.getRepository(RepositoryFactorySupport.java:224)
	at org.springframework.data.repository.core.support.RepositoryFactoryBeanSupport.initAndReturn(RepositoryFactoryBeanSupport.java:277)
	at org.springframework.data.repository.core.support.RepositoryFactoryBeanSupport.afterPropertiesSet(RepositoryFactoryBeanSupport.java:263)
	at org.springframework.data.jpa.repository.support.JpaRepositoryFactoryBean.afterPropertiesSet(JpaRepositoryFactoryBean.java:101)
	at org.springframework.beans.factory.support.AbstractAutowireCapableBeanFactory.invokeInitMethods(AbstractAutowireCapableBeanFactory.java:1687)
	at org.springframework.beans.factory.support.AbstractAutowireCapableBeanFactory.initializeBean(AbstractAutowireCapableBeanFactory.java:1624)
	at org.springframework.beans.factory.support.AbstractAutowireCapableBeanFactory.doCreateBean(AbstractAutowireCapableBeanFactory.java:555)
	at org.springframework.beans.factory.support.AbstractAutowireCapableBeanFactory.createBean(AbstractAutowireCapableBeanFactory.java:483)
	at org.springframework.beans.factory.support.AbstractBeanFactory$1.getObject(AbstractBeanFactory.java:306)
	at org.springframework.beans.factory.support.DefaultSingletonBeanRegistry.getSingleton(DefaultSingletonBeanRegistry.java:230)
	at org.springframework.beans.factory.support.AbstractBeanFactory.doGetBean(AbstractBeanFactory.java:302)
	at org.springframework.beans.factory.support.AbstractBeanFactory.getBean(AbstractBeanFactory.java:202)
	at org.springframework.beans.factory.config.DependencyDescriptor.resolveCandidate(DependencyDescriptor.java:208)
	at org.springframework.beans.factory.support.DefaultListableBeanFactory.doResolveDependency(DefaultListableBeanFactory.java:1138)
	at org.springframework.beans.factory.support.DefaultListableBeanFactory.resolveDependency(DefaultListableBeanFactory.java:1066)
	at org.springframework.beans.factory.annotation.AutowiredAnnotationBeanPostProcessor$AutowiredFieldElement.inject(AutowiredAnnotationBeanPostProcessor.java:585)
	at org.springframework.beans.factory.annotation.InjectionMetadata.inject(InjectionMetadata.java:88)
	at org.springframework.beans.factory.annotation.AutowiredAnnotationBeanPostProcessor.postProcessPropertyValues(AutowiredAnnotationBeanPostProcessor.java:366)
	at org.springframework.beans.factory.support.AbstractAutowireCapableBeanFactory.populateBean(AbstractAutowireCapableBeanFactory.java:1264)
	at org.springframework.beans.factory.support.AbstractAutowireCapableBeanFactory.doCreateBean(AbstractAutowireCapableBeanFactory.java:553)
	at org.springframework.beans.factory.support.AbstractAutowireCapableBeanFactory.createBean(AbstractAutowireCapableBeanFactory.java:483)
	at org.springframework.beans.factory.support.AbstractBeanFactory$1.getObject(AbstractBeanFactory.java:306)
	at org.springframework.beans.factory.support.DefaultSingletonBeanRegistry.getSingleton(DefaultSingletonBeanRegistry.java:230)
	at org.springframework.beans.factory.support.AbstractBeanFactory.doGetBean(AbstractBeanFactory.java:302)
	at org.springframework.beans.factory.support.AbstractBeanFactory.getBean(AbstractBeanFactory.java:197)
	at org.springframework.beans.factory.support.DefaultListableBeanFactory.preInstantiateSingletons(DefaultListableBeanFactory.java:761)
	at org.springframework.context.support.AbstractApplicationContext.finishBeanFactoryInitialization(AbstractApplicationContext.java:867)
	at org.springframework.context.support.AbstractApplicationContext.refresh(AbstractApplicationContext.java:543)
	at org.springframework.boot.context.embedded.EmbeddedWebApplicationContext.refresh(EmbeddedWebApplicationContext.java:122)
	at org.springframework.boot.SpringApplication.refresh(SpringApplication.java:693)
	at org.springframework.boot.SpringApplication.refreshContext(SpringApplication.java:360)
	at org.springframework.boot.SpringApplication.run(SpringApplication.java:303)
	at org.springframework.boot.SpringApplication.run(SpringApplication.java:1118)
	at org.springframework.boot.SpringApplication.run(SpringApplication.java:1107)
	at org.com.coolfish.Application.main(Application.java:15)
2018-04-18 17:49:24.993 [main] WARN  o.s.b.c.e.AnnotationConfigEmbeddedWebApplicationContext -Exception encountered during context initialization - cancelling refresh attempt: org.springframework.beans.factory.UnsatisfiedDependencyException: Error creating bean with name 'kuyuAccountService': Unsatisfied dependency expressed through field 'repository'; nested exception is org.springframework.beans.factory.BeanCreationException: Error creating bean with name 'kuyuAccountRepository': Invocation of init method failed; nested exception is java.lang.IllegalArgumentException: Validation failed for query for method public abstract java.util.List org.com.coolfish.repository.KuyuAccountRepository.findByOpid(java.lang.Integer)!
2018-04-18 17:49:24.993 [main] INFO  o.s.o.j.LocalContainerEntityManagerFactoryBean -Closing JPA EntityManagerFactory for persistence unit 'default'
2018-04-18 17:49:24.993 [main] INFO  c.alibaba.druid.pool.DruidDataSource -{dataSource-1} closed
2018-04-18 17:49:24.993 [main] INFO  o.a.catalina.core.StandardService -Stopping service [Tomcat]
2018-04-18 17:49:25.013 [main] INFO  o.s.b.a.l.AutoConfigurationReportLoggingInitializer -

Error starting ApplicationContext. To display the auto-configuration report re-run your application with 'debug' enabled.
2018-04-18 17:49:25.013 [main] ERROR o.s.boot.SpringApplication -Application startup failed
org.springframework.beans.factory.UnsatisfiedDependencyException: Error creating bean with name 'kuyuAccountService': Unsatisfied dependency expressed through field 'repository'; nested exception is org.springframework.beans.factory.BeanCreationException: Error creating bean with name 'kuyuAccountRepository': Invocation of init method failed; nested exception is java.lang.IllegalArgumentException: Validation failed for query for method public abstract java.util.List org.com.coolfish.repository.KuyuAccountRepository.findByOpid(java.lang.Integer)!
	at org.springframework.beans.factory.annotation.AutowiredAnnotationBeanPostProcessor$AutowiredFieldElement.inject(AutowiredAnnotationBeanPostProcessor.java:588)
	at org.springframework.beans.factory.annotation.InjectionMetadata.inject(InjectionMetadata.java:88)
	at org.springframework.beans.factory.annotation.AutowiredAnnotationBeanPostProcessor.postProcessPropertyValues(AutowiredAnnotationBeanPostProcessor.java:366)
	at org.springframework.beans.factory.support.AbstractAutowireCapableBeanFactory.populateBean(AbstractAutowireCapableBeanFactory.java:1264)
	at org.springframework.beans.factory.support.AbstractAutowireCapableBeanFactory.doCreateBean(AbstractAutowireCapableBeanFactory.java:553)
	at org.springframework.beans.factory.support.AbstractAutowireCapableBeanFactory.createBean(AbstractAutowireCapableBeanFactory.java:483)
	at org.springframework.beans.factory.support.AbstractBeanFactory$1.getObject(AbstractBeanFactory.java:306)
	at org.springframework.beans.factory.support.DefaultSingletonBeanRegistry.getSingleton(DefaultSingletonBeanRegistry.java:230)
	at org.springframework.beans.factory.support.AbstractBeanFactory.doGetBean(AbstractBeanFactory.java:302)
	at org.springframework.beans.factory.support.AbstractBeanFactory.getBean(AbstractBeanFactory.java:197)
	at org.springframework.beans.factory.support.DefaultListableBeanFactory.preInstantiateSingletons(DefaultListableBeanFactory.java:761)
	at org.springframework.context.support.AbstractApplicationContext.finishBeanFactoryInitialization(AbstractApplicationContext.java:867)
	at org.springframework.context.support.AbstractApplicationContext.refresh(AbstractApplicationContext.java:543)
	at org.springframework.boot.context.embedded.EmbeddedWebApplicationContext.refresh(EmbeddedWebApplicationContext.java:122)
	at org.springframework.boot.SpringApplication.refresh(SpringApplication.java:693)
	at org.springframework.boot.SpringApplication.refreshContext(SpringApplication.java:360)
	at org.springframework.boot.SpringApplication.run(SpringApplication.java:303)
	at org.springframework.boot.SpringApplication.run(SpringApplication.java:1118)
	at org.springframework.boot.SpringApplication.run(SpringApplication.java:1107)
	at org.com.coolfish.Application.main(Application.java:15)
Caused by: org.springframework.beans.factory.BeanCreationException: Error creating bean with name 'kuyuAccountRepository': Invocation of init method failed; nested exception is java.lang.IllegalArgumentException: Validation failed for query for method public abstract java.util.List org.com.coolfish.repository.KuyuAccountRepository.findByOpid(java.lang.Integer)!
	at org.springframework.beans.factory.support.AbstractAutowireCapableBeanFactory.initializeBean(AbstractAutowireCapableBeanFactory.java:1628)
	at org.springframework.beans.factory.support.AbstractAutowireCapableBeanFactory.doCreateBean(AbstractAutowireCapableBeanFactory.java:555)
	at org.springframework.beans.factory.support.AbstractAutowireCapableBeanFactory.createBean(AbstractAutowireCapableBeanFactory.java:483)
	at org.springframework.beans.factory.support.AbstractBeanFactory$1.getObject(AbstractBeanFactory.java:306)
	at org.springframework.beans.factory.support.DefaultSingletonBeanRegistry.getSingleton(DefaultSingletonBeanRegistry.java:230)
	at org.springframework.beans.factory.support.AbstractBeanFactory.doGetBean(AbstractBeanFactory.java:302)
	at org.springframework.beans.factory.support.AbstractBeanFactory.getBean(AbstractBeanFactory.java:202)
	at org.springframework.beans.factory.config.DependencyDescriptor.resolveCandidate(DependencyDescriptor.java:208)
	at org.springframework.beans.factory.support.DefaultListableBeanFactory.doResolveDependency(DefaultListableBeanFactory.java:1138)
	at org.springframework.beans.factory.support.DefaultListableBeanFactory.resolveDependency(DefaultListableBeanFactory.java:1066)
	at org.springframework.beans.factory.annotation.AutowiredAnnotationBeanPostProcessor$AutowiredFieldElement.inject(AutowiredAnnotationBeanPostProcessor.java:585)
	... 19 common frames omitted
Caused by: java.lang.IllegalArgumentException: Validation failed for query for method public abstract java.util.List org.com.coolfish.repository.KuyuAccountRepository.findByOpid(java.lang.Integer)!
	at org.springframework.data.jpa.repository.query.SimpleJpaQuery.validateQuery(SimpleJpaQuery.java:92)
	at org.springframework.data.jpa.repository.query.SimpleJpaQuery.<init>(SimpleJpaQuery.java:62)
	at org.springframework.data.jpa.repository.query.JpaQueryFactory.fromMethodWithQueryString(JpaQueryFactory.java:72)
	at org.springframework.data.jpa.repository.query.JpaQueryFactory.fromQueryAnnotation(JpaQueryFactory.java:53)
	at org.springframework.data.jpa.repository.query.JpaQueryLookupStrategy$DeclaredQueryLookupStrategy.resolveQuery(JpaQueryLookupStrategy.java:138)
	at org.springframework.data.jpa.repository.query.JpaQueryLookupStrategy$CreateIfNotFoundQueryLookupStrategy.resolveQuery(JpaQueryLookupStrategy.java:205)
	at org.springframework.data.jpa.repository.query.JpaQueryLookupStrategy$AbstractQueryLookupStrategy.resolveQuery(JpaQueryLookupStrategy.java:77)
	at org.springframework.data.repository.core.support.RepositoryFactorySupport$QueryExecutorMethodInterceptor.<init>(RepositoryFactorySupport.java:451)
	at org.springframework.data.repository.core.support.RepositoryFactorySupport.getRepository(RepositoryFactorySupport.java:224)
	at org.springframework.data.repository.core.support.RepositoryFactoryBeanSupport.initAndReturn(RepositoryFactoryBeanSupport.java:277)
	at org.springframework.data.repository.core.support.RepositoryFactoryBeanSupport.afterPropertiesSet(RepositoryFactoryBeanSupport.java:263)
	at org.springframework.data.jpa.repository.support.JpaRepositoryFactoryBean.afterPropertiesSet(JpaRepositoryFactoryBean.java:101)
	at org.springframework.beans.factory.support.AbstractAutowireCapableBeanFactory.invokeInitMethods(AbstractAutowireCapableBeanFactory.java:1687)
	at org.springframework.beans.factory.support.AbstractAutowireCapableBeanFactory.initializeBean(AbstractAutowireCapableBeanFactory.java:1624)
	... 29 common frames omitted
Caused by: java.lang.IllegalArgumentException: org.hibernate.hql.internal.ast.QuerySyntaxException: Unable to locate appropriate constructor on class [org.com.coolfish.entity.KuyuAccount]. Expected arguments are: long, java.lang.String [select new KuyuAccount(e.id,e.text) from org.com.coolfish.entity.KuyuAccount e where e.id = :id]
	at org.hibernate.jpa.spi.AbstractEntityManagerImpl.convert(AbstractEntityManagerImpl.java:1679)
	at org.hibernate.jpa.spi.AbstractEntityManagerImpl.convert(AbstractEntityManagerImpl.java:1602)
	at org.hibernate.jpa.spi.AbstractEntityManagerImpl.convert(AbstractEntityManagerImpl.java:1608)
	at org.hibernate.jpa.spi.AbstractEntityManagerImpl.createQuery(AbstractEntityManagerImpl.java:294)
	at sun.reflect.NativeMethodAccessorImpl.invoke0(Native Method)
	at sun.reflect.NativeMethodAccessorImpl.invoke(NativeMethodAccessorImpl.java:62)
	at sun.reflect.DelegatingMethodAccessorImpl.invoke(DelegatingMethodAccessorImpl.java:43)
	at java.lang.reflect.Method.invoke(Method.java:498)
	at org.springframework.orm.jpa.ExtendedEntityManagerCreator$ExtendedEntityManagerInvocationHandler.invoke(ExtendedEntityManagerCreator.java:347)
	at com.sun.proxy.$Proxy87.createQuery(Unknown Source)
	at org.springframework.data.jpa.repository.query.SimpleJpaQuery.validateQuery(SimpleJpaQuery.java:86)
	... 42 common frames omitted
Caused by: org.hibernate.hql.internal.ast.QuerySyntaxException: Unable to locate appropriate constructor on class [org.com.coolfish.entity.KuyuAccount]. Expected arguments are: long, java.lang.String [select new KuyuAccount(e.id,e.text) from org.com.coolfish.entity.KuyuAccount e where e.id = :id]
	at org.hibernate.hql.internal.ast.QuerySyntaxException.convert(QuerySyntaxException.java:74)
	at org.hibernate.hql.internal.ast.ErrorCounter.throwQueryException(ErrorCounter.java:91)
	at org.hibernate.hql.internal.ast.QueryTranslatorImpl.analyze(QueryTranslatorImpl.java:268)
	at org.hibernate.hql.internal.ast.QueryTranslatorImpl.doCompile(QueryTranslatorImpl.java:190)
	at org.hibernate.hql.internal.ast.QueryTranslatorImpl.compile(QueryTranslatorImpl.java:142)
	at org.hibernate.engine.query.spi.HQLQueryPlan.<init>(HQLQueryPlan.java:115)
	at org.hibernate.engine.query.spi.HQLQueryPlan.<init>(HQLQueryPlan.java:76)
	at org.hibernate.engine.query.spi.QueryPlanCache.getHQLQueryPlan(QueryPlanCache.java:150)
	at org.hibernate.internal.AbstractSessionImpl.getHQLQueryPlan(AbstractSessionImpl.java:302)
	at org.hibernate.internal.AbstractSessionImpl.createQuery(AbstractSessionImpl.java:240)
	at org.hibernate.internal.SessionImpl.createQuery(SessionImpl.java:1894)
	at org.hibernate.jpa.spi.AbstractEntityManagerImpl.createQuery(AbstractEntityManagerImpl.java:291)
	... 49 common frames omitted
2018-04-18 17:57:40.443 [main] INFO  org.com.coolfish.Application -Starting Application on DESKTOP-KQUPCBR with PID 11892 (D:\DevelopTools\GitHub\coolfish-master\coolfish-telconsumer-cha\target\classes started by LINGHUI in D:\DevelopTools\GitHub\coolfish-master\coolfish-telconsumer-cha)
2018-04-18 17:57:40.443 [main] INFO  org.com.coolfish.Application -The following profiles are active: dev
2018-04-18 17:57:40.503 [main] INFO  o.s.b.c.e.AnnotationConfigEmbeddedWebApplicationContext -Refreshing org.springframework.boot.context.embedded.AnnotationConfigEmbeddedWebApplicationContext@247d8ae: startup date [Wed Apr 18 17:57:40 CST 2018]; root of context hierarchy
2018-04-18 17:57:41.183 [main] INFO  o.s.d.r.c.RepositoryConfigurationDelegate -Multiple Spring Data modules found, entering strict repository configuration mode!
2018-04-18 17:57:41.231 [main] INFO  o.s.d.r.c.RepositoryConfigurationDelegate -Multiple Spring Data modules found, entering strict repository configuration mode!
2018-04-18 17:57:41.271 [main] INFO  o.s.d.r.c.RepositoryConfigurationExtensionSupport -Spring Data Redis - Could not safely identify store assignment for repository candidate interface org.com.coolfish.repository.KuyuAccountRepository.
2018-04-18 17:57:41.271 [main] INFO  o.s.d.r.c.RepositoryConfigurationExtensionSupport -Spring Data Redis - Could not safely identify store assignment for repository candidate interface org.com.coolfish.repository.KuyuOperatorRepository.
2018-04-18 17:57:41.271 [main] INFO  o.s.d.r.c.RepositoryConfigurationExtensionSupport -Spring Data Redis - Could not safely identify store assignment for repository candidate interface org.com.coolfish.repository.KuyuCardRepository.
2018-04-18 17:57:41.271 [main] INFO  o.s.d.r.c.RepositoryConfigurationExtensionSupport -Spring Data Redis - Could not safely identify store assignment for repository candidate interface org.com.coolfish.repository.KuyuAddPackageRepository.
2018-04-18 17:57:41.571 [main] INFO  o.s.c.s.PostProcessorRegistrationDelegate$BeanPostProcessorChecker -Bean 'taskExecutorConfig' of type [org.com.coolfish.config.TaskExecutorConfig$$EnhancerBySpringCGLIB$$22fbe140] is not eligible for getting processed by all BeanPostProcessors (for example: not eligible for auto-proxying)
2018-04-18 17:57:41.571 [main] INFO  o.s.s.c.ThreadPoolTaskExecutor -Initializing ExecutorService 
2018-04-18 17:57:41.631 [main] INFO  o.s.c.s.PostProcessorRegistrationDelegate$BeanPostProcessorChecker -Bean 'org.springframework.amqp.rabbit.annotation.RabbitBootstrapConfiguration' of type [org.springframework.amqp.rabbit.annotation.RabbitBootstrapConfiguration$$EnhancerBySpringCGLIB$$59bedd99] is not eligible for getting processed by all BeanPostProcessors (for example: not eligible for auto-proxying)
2018-04-18 17:57:42.062 [main] INFO  o.s.b.c.e.t.TomcatEmbeddedServletContainer -Tomcat initialized with port(s): 8081 (http)
2018-04-18 17:57:42.072 [main] INFO  o.a.catalina.core.StandardService -Starting service [Tomcat]
2018-04-18 17:57:42.082 [main] INFO  o.a.catalina.core.StandardEngine -Starting Servlet Engine: Apache Tomcat/8.5.23
2018-04-18 17:57:42.180 [localhost-startStop-1] INFO  o.a.c.c.C.[Tomcat].[localhost].[/] -Initializing Spring embedded WebApplicationContext
2018-04-18 17:57:42.180 [localhost-startStop-1] INFO  o.s.web.context.ContextLoader -Root WebApplicationContext: initialization completed in 1677 ms
2018-04-18 17:57:42.340 [localhost-startStop-1] INFO  o.s.b.w.s.ServletRegistrationBean -Mapping servlet: 'dispatcherServlet' to [/]
2018-04-18 17:57:42.345 [localhost-startStop-1] INFO  o.s.b.w.s.FilterRegistrationBean -Mapping filter: 'characterEncodingFilter' to: [/*]
2018-04-18 17:57:42.345 [localhost-startStop-1] INFO  o.s.b.w.s.FilterRegistrationBean -Mapping filter: 'hiddenHttpMethodFilter' to: [/*]
2018-04-18 17:57:42.345 [localhost-startStop-1] INFO  o.s.b.w.s.FilterRegistrationBean -Mapping filter: 'httpPutFormContentFilter' to: [/*]
2018-04-18 17:57:42.345 [localhost-startStop-1] INFO  o.s.b.w.s.FilterRegistrationBean -Mapping filter: 'requestContextFilter' to: [/*]
2018-04-18 17:57:42.545 [main] INFO  o.s.o.j.LocalContainerEntityManagerFactoryBean -Building JPA container EntityManagerFactory for persistence unit 'default'
2018-04-18 17:57:42.565 [main] INFO  o.h.jpa.internal.util.LogHelper -HHH000204: Processing PersistenceUnitInfo [
	name: default
	...]
2018-04-18 17:57:42.636 [main] INFO  org.hibernate.Version -HHH000412: Hibernate Core {5.0.12.Final}
2018-04-18 17:57:42.636 [main] INFO  org.hibernate.cfg.Environment -HHH000206: hibernate.properties not found
2018-04-18 17:57:42.636 [main] INFO  org.hibernate.cfg.Environment -HHH000021: Bytecode provider name : javassist
2018-04-18 17:57:42.676 [main] INFO  o.h.annotations.common.Version -HCANN000001: Hibernate Commons Annotations {5.0.1.Final}
2018-04-18 17:57:42.870 [main] INFO  c.alibaba.druid.pool.DruidDataSource -{dataSource-1} inited
2018-04-18 17:57:43.140 [main] INFO  org.hibernate.dialect.Dialect -HHH000400: Using dialect: org.hibernate.dialect.MySQL5Dialect
2018-04-18 17:57:43.440 [main] INFO  org.hibernate.tuple.PojoInstantiator -HHH000182: No default (no-argument) constructor for class: org.com.coolfish.entity.KuyuCard (class must be instantiated by Interceptor)
2018-04-18 17:57:43.509 [main] INFO  o.h.tool.hbm2ddl.SchemaUpdate -HHH000228: Running hbm2ddl schema update
2018-04-18 17:57:44.510 [main] INFO  o.s.o.j.LocalContainerEntityManagerFactoryBean -Initialized JPA EntityManagerFactory for persistence unit 'default'
2018-04-18 17:57:44.906 [main] INFO  o.h.h.i.QueryTranslatorFactoryInitiator -HHH000397: Using ASTQueryTranslatorFactory
2018-04-18 17:57:45.196 [main] WARN  o.s.b.c.e.AnnotationConfigEmbeddedWebApplicationContext -Exception encountered during context initialization - cancelling refresh attempt: org.springframework.beans.factory.UnsatisfiedDependencyException: Error creating bean with name 'kuyuAccountService': Unsatisfied dependency expressed through field 'repository'; nested exception is org.springframework.beans.factory.BeanCreationException: Error creating bean with name 'kuyuAccountRepository': Invocation of init method failed; nested exception is java.lang.IllegalArgumentException: Validation failed for query for method public abstract java.util.List org.com.coolfish.repository.KuyuAccountRepository.findAll1()!
2018-04-18 17:57:45.196 [main] INFO  o.s.o.j.LocalContainerEntityManagerFactoryBean -Closing JPA EntityManagerFactory for persistence unit 'default'
2018-04-18 17:57:45.196 [main] INFO  c.alibaba.druid.pool.DruidDataSource -{dataSource-1} closed
2018-04-18 17:57:45.196 [main] INFO  o.a.catalina.core.StandardService -Stopping service [Tomcat]
2018-04-18 17:57:45.206 [main] INFO  o.s.b.a.l.AutoConfigurationReportLoggingInitializer -

Error starting ApplicationContext. To display the auto-configuration report re-run your application with 'debug' enabled.
2018-04-18 17:57:45.216 [main] ERROR o.s.boot.SpringApplication -Application startup failed
org.springframework.beans.factory.UnsatisfiedDependencyException: Error creating bean with name 'kuyuAccountService': Unsatisfied dependency expressed through field 'repository'; nested exception is org.springframework.beans.factory.BeanCreationException: Error creating bean with name 'kuyuAccountRepository': Invocation of init method failed; nested exception is java.lang.IllegalArgumentException: Validation failed for query for method public abstract java.util.List org.com.coolfish.repository.KuyuAccountRepository.findAll1()!
	at org.springframework.beans.factory.annotation.AutowiredAnnotationBeanPostProcessor$AutowiredFieldElement.inject(AutowiredAnnotationBeanPostProcessor.java:588)
	at org.springframework.beans.factory.annotation.InjectionMetadata.inject(InjectionMetadata.java:88)
	at org.springframework.beans.factory.annotation.AutowiredAnnotationBeanPostProcessor.postProcessPropertyValues(AutowiredAnnotationBeanPostProcessor.java:366)
	at org.springframework.beans.factory.support.AbstractAutowireCapableBeanFactory.populateBean(AbstractAutowireCapableBeanFactory.java:1264)
	at org.springframework.beans.factory.support.AbstractAutowireCapableBeanFactory.doCreateBean(AbstractAutowireCapableBeanFactory.java:553)
	at org.springframework.beans.factory.support.AbstractAutowireCapableBeanFactory.createBean(AbstractAutowireCapableBeanFactory.java:483)
	at org.springframework.beans.factory.support.AbstractBeanFactory$1.getObject(AbstractBeanFactory.java:306)
	at org.springframework.beans.factory.support.DefaultSingletonBeanRegistry.getSingleton(DefaultSingletonBeanRegistry.java:230)
	at org.springframework.beans.factory.support.AbstractBeanFactory.doGetBean(AbstractBeanFactory.java:302)
	at org.springframework.beans.factory.support.AbstractBeanFactory.getBean(AbstractBeanFactory.java:197)
	at org.springframework.beans.factory.support.DefaultListableBeanFactory.preInstantiateSingletons(DefaultListableBeanFactory.java:761)
	at org.springframework.context.support.AbstractApplicationContext.finishBeanFactoryInitialization(AbstractApplicationContext.java:867)
	at org.springframework.context.support.AbstractApplicationContext.refresh(AbstractApplicationContext.java:543)
	at org.springframework.boot.context.embedded.EmbeddedWebApplicationContext.refresh(EmbeddedWebApplicationContext.java:122)
	at org.springframework.boot.SpringApplication.refresh(SpringApplication.java:693)
	at org.springframework.boot.SpringApplication.refreshContext(SpringApplication.java:360)
	at org.springframework.boot.SpringApplication.run(SpringApplication.java:303)
	at org.springframework.boot.SpringApplication.run(SpringApplication.java:1118)
	at org.springframework.boot.SpringApplication.run(SpringApplication.java:1107)
	at org.com.coolfish.Application.main(Application.java:15)
Caused by: org.springframework.beans.factory.BeanCreationException: Error creating bean with name 'kuyuAccountRepository': Invocation of init method failed; nested exception is java.lang.IllegalArgumentException: Validation failed for query for method public abstract java.util.List org.com.coolfish.repository.KuyuAccountRepository.findAll1()!
	at org.springframework.beans.factory.support.AbstractAutowireCapableBeanFactory.initializeBean(AbstractAutowireCapableBeanFactory.java:1628)
	at org.springframework.beans.factory.support.AbstractAutowireCapableBeanFactory.doCreateBean(AbstractAutowireCapableBeanFactory.java:555)
	at org.springframework.beans.factory.support.AbstractAutowireCapableBeanFactory.createBean(AbstractAutowireCapableBeanFactory.java:483)
	at org.springframework.beans.factory.support.AbstractBeanFactory$1.getObject(AbstractBeanFactory.java:306)
	at org.springframework.beans.factory.support.DefaultSingletonBeanRegistry.getSingleton(DefaultSingletonBeanRegistry.java:230)
	at org.springframework.beans.factory.support.AbstractBeanFactory.doGetBean(AbstractBeanFactory.java:302)
	at org.springframework.beans.factory.support.AbstractBeanFactory.getBean(AbstractBeanFactory.java:202)
	at org.springframework.beans.factory.config.DependencyDescriptor.resolveCandidate(DependencyDescriptor.java:208)
	at org.springframework.beans.factory.support.DefaultListableBeanFactory.doResolveDependency(DefaultListableBeanFactory.java:1138)
	at org.springframework.beans.factory.support.DefaultListableBeanFactory.resolveDependency(DefaultListableBeanFactory.java:1066)
	at org.springframework.beans.factory.annotation.AutowiredAnnotationBeanPostProcessor$AutowiredFieldElement.inject(AutowiredAnnotationBeanPostProcessor.java:585)
	... 19 common frames omitted
Caused by: java.lang.IllegalArgumentException: Validation failed for query for method public abstract java.util.List org.com.coolfish.repository.KuyuAccountRepository.findAll1()!
	at org.springframework.data.jpa.repository.query.SimpleJpaQuery.validateQuery(SimpleJpaQuery.java:92)
	at org.springframework.data.jpa.repository.query.SimpleJpaQuery.<init>(SimpleJpaQuery.java:62)
	at org.springframework.data.jpa.repository.query.JpaQueryFactory.fromMethodWithQueryString(JpaQueryFactory.java:72)
	at org.springframework.data.jpa.repository.query.JpaQueryFactory.fromQueryAnnotation(JpaQueryFactory.java:53)
	at org.springframework.data.jpa.repository.query.JpaQueryLookupStrategy$DeclaredQueryLookupStrategy.resolveQuery(JpaQueryLookupStrategy.java:138)
	at org.springframework.data.jpa.repository.query.JpaQueryLookupStrategy$CreateIfNotFoundQueryLookupStrategy.resolveQuery(JpaQueryLookupStrategy.java:205)
	at org.springframework.data.jpa.repository.query.JpaQueryLookupStrategy$AbstractQueryLookupStrategy.resolveQuery(JpaQueryLookupStrategy.java:77)
	at org.springframework.data.repository.core.support.RepositoryFactorySupport$QueryExecutorMethodInterceptor.<init>(RepositoryFactorySupport.java:451)
	at org.springframework.data.repository.core.support.RepositoryFactorySupport.getRepository(RepositoryFactorySupport.java:224)
	at org.springframework.data.repository.core.support.RepositoryFactoryBeanSupport.initAndReturn(RepositoryFactoryBeanSupport.java:277)
	at org.springframework.data.repository.core.support.RepositoryFactoryBeanSupport.afterPropertiesSet(RepositoryFactoryBeanSupport.java:263)
	at org.springframework.data.jpa.repository.support.JpaRepositoryFactoryBean.afterPropertiesSet(JpaRepositoryFactoryBean.java:101)
	at org.springframework.beans.factory.support.AbstractAutowireCapableBeanFactory.invokeInitMethods(AbstractAutowireCapableBeanFactory.java:1687)
	at org.springframework.beans.factory.support.AbstractAutowireCapableBeanFactory.initializeBean(AbstractAutowireCapableBeanFactory.java:1624)
	... 29 common frames omitted
Caused by: java.lang.IllegalArgumentException: org.hibernate.QueryException: Unable to resolve path [e.id], unexpected token [e] [select new KuyuAccount(e.id,e.text) from org.com.coolfish.entity.KuyuAccount]
	at org.hibernate.jpa.spi.AbstractEntityManagerImpl.convert(AbstractEntityManagerImpl.java:1679)
	at org.hibernate.jpa.spi.AbstractEntityManagerImpl.convert(AbstractEntityManagerImpl.java:1602)
	at org.hibernate.jpa.spi.AbstractEntityManagerImpl.convert(AbstractEntityManagerImpl.java:1608)
	at org.hibernate.jpa.spi.AbstractEntityManagerImpl.createQuery(AbstractEntityManagerImpl.java:294)
	at sun.reflect.NativeMethodAccessorImpl.invoke0(Native Method)
	at sun.reflect.NativeMethodAccessorImpl.invoke(NativeMethodAccessorImpl.java:62)
	at sun.reflect.DelegatingMethodAccessorImpl.invoke(DelegatingMethodAccessorImpl.java:43)
	at java.lang.reflect.Method.invoke(Method.java:498)
	at org.springframework.orm.jpa.ExtendedEntityManagerCreator$ExtendedEntityManagerInvocationHandler.invoke(ExtendedEntityManagerCreator.java:347)
	at com.sun.proxy.$Proxy87.createQuery(Unknown Source)
	at org.springframework.data.jpa.repository.query.SimpleJpaQuery.validateQuery(SimpleJpaQuery.java:86)
	... 42 common frames omitted
Caused by: org.hibernate.QueryException: Unable to resolve path [e.id], unexpected token [e] [select new KuyuAccount(e.id,e.text) from org.com.coolfish.entity.KuyuAccount]
	at org.hibernate.QueryException.generateQueryException(QueryException.java:120)
	at org.hibernate.QueryException.wrapWithQueryString(QueryException.java:103)
	at org.hibernate.hql.internal.ast.QueryTranslatorImpl.doCompile(QueryTranslatorImpl.java:218)
	at org.hibernate.hql.internal.ast.QueryTranslatorImpl.compile(QueryTranslatorImpl.java:142)
	at org.hibernate.engine.query.spi.HQLQueryPlan.<init>(HQLQueryPlan.java:115)
	at org.hibernate.engine.query.spi.HQLQueryPlan.<init>(HQLQueryPlan.java:76)
	at org.hibernate.engine.query.spi.QueryPlanCache.getHQLQueryPlan(QueryPlanCache.java:150)
	at org.hibernate.internal.AbstractSessionImpl.getHQLQueryPlan(AbstractSessionImpl.java:302)
	at org.hibernate.internal.AbstractSessionImpl.createQuery(AbstractSessionImpl.java:240)
	at org.hibernate.internal.SessionImpl.createQuery(SessionImpl.java:1894)
	at org.hibernate.jpa.spi.AbstractEntityManagerImpl.createQuery(AbstractEntityManagerImpl.java:291)
	... 49 common frames omitted
Caused by: org.hibernate.QueryException: Unable to resolve path [e.id], unexpected token [e]
	at org.hibernate.hql.internal.ast.tree.IdentNode.resolveAsNakedComponentPropertyRefLHS(IdentNode.java:250)
	at org.hibernate.hql.internal.ast.tree.IdentNode.resolve(IdentNode.java:94)
	at org.hibernate.hql.internal.ast.tree.DotNode.resolveFirstChild(DotNode.java:167)
	at org.hibernate.hql.internal.ast.HqlSqlWalker.lookupProperty(HqlSqlWalker.java:602)
	at org.hibernate.hql.internal.antlr.HqlSqlBaseWalker.propertyRef(HqlSqlBaseWalker.java:1137)
	at org.hibernate.hql.internal.antlr.HqlSqlBaseWalker.selectExpr(HqlSqlBaseWalker.java:2284)
	at org.hibernate.hql.internal.antlr.HqlSqlBaseWalker.constructor(HqlSqlBaseWalker.java:2646)
	at org.hibernate.hql.internal.antlr.HqlSqlBaseWalker.selectExpr(HqlSqlBaseWalker.java:2355)
	at org.hibernate.hql.internal.antlr.HqlSqlBaseWalker.selectExprList(HqlSqlBaseWalker.java:2225)
	at org.hibernate.hql.internal.antlr.HqlSqlBaseWalker.selectClause(HqlSqlBaseWalker.java:1496)
	at org.hibernate.hql.internal.antlr.HqlSqlBaseWalker.query(HqlSqlBaseWalker.java:581)
	at org.hibernate.hql.internal.antlr.HqlSqlBaseWalker.selectStatement(HqlSqlBaseWalker.java:309)
	at org.hibernate.hql.internal.antlr.HqlSqlBaseWalker.statement(HqlSqlBaseWalker.java:257)
	at org.hibernate.hql.internal.ast.QueryTranslatorImpl.analyze(QueryTranslatorImpl.java:262)
	at org.hibernate.hql.internal.ast.QueryTranslatorImpl.doCompile(QueryTranslatorImpl.java:190)
	... 57 common frames omitted
2018-04-18 17:58:17.294 [main] INFO  org.com.coolfish.Application -Starting Application on DESKTOP-KQUPCBR with PID 7748 (D:\DevelopTools\GitHub\coolfish-master\coolfish-telconsumer-cha\target\classes started by LINGHUI in D:\DevelopTools\GitHub\coolfish-master\coolfish-telconsumer-cha)
2018-04-18 17:58:17.304 [main] INFO  org.com.coolfish.Application -The following profiles are active: dev
2018-04-18 17:58:17.354 [main] INFO  o.s.b.c.e.AnnotationConfigEmbeddedWebApplicationContext -Refreshing org.springframework.boot.context.embedded.AnnotationConfigEmbeddedWebApplicationContext@247d8ae: startup date [Wed Apr 18 17:58:17 CST 2018]; root of context hierarchy
2018-04-18 17:58:18.024 [main] INFO  o.s.d.r.c.RepositoryConfigurationDelegate -Multiple Spring Data modules found, entering strict repository configuration mode!
2018-04-18 17:58:18.083 [main] INFO  o.s.d.r.c.RepositoryConfigurationDelegate -Multiple Spring Data modules found, entering strict repository configuration mode!
2018-04-18 17:58:18.103 [main] INFO  o.s.d.r.c.RepositoryConfigurationExtensionSupport -Spring Data Redis - Could not safely identify store assignment for repository candidate interface org.com.coolfish.repository.KuyuAccountRepository.
2018-04-18 17:58:18.113 [main] INFO  o.s.d.r.c.RepositoryConfigurationExtensionSupport -Spring Data Redis - Could not safely identify store assignment for repository candidate interface org.com.coolfish.repository.KuyuOperatorRepository.
2018-04-18 17:58:18.113 [main] INFO  o.s.d.r.c.RepositoryConfigurationExtensionSupport -Spring Data Redis - Could not safely identify store assignment for repository candidate interface org.com.coolfish.repository.KuyuCardRepository.
2018-04-18 17:58:18.113 [main] INFO  o.s.d.r.c.RepositoryConfigurationExtensionSupport -Spring Data Redis - Could not safely identify store assignment for repository candidate interface org.com.coolfish.repository.KuyuAddPackageRepository.
2018-04-18 17:58:18.414 [main] INFO  o.s.c.s.PostProcessorRegistrationDelegate$BeanPostProcessorChecker -Bean 'taskExecutorConfig' of type [org.com.coolfish.config.TaskExecutorConfig$$EnhancerBySpringCGLIB$$22fbe140] is not eligible for getting processed by all BeanPostProcessors (for example: not eligible for auto-proxying)
2018-04-18 17:58:18.424 [main] INFO  o.s.s.c.ThreadPoolTaskExecutor -Initializing ExecutorService 
2018-04-18 17:58:18.474 [main] INFO  o.s.c.s.PostProcessorRegistrationDelegate$BeanPostProcessorChecker -Bean 'org.springframework.amqp.rabbit.annotation.RabbitBootstrapConfiguration' of type [org.springframework.amqp.rabbit.annotation.RabbitBootstrapConfiguration$$EnhancerBySpringCGLIB$$59bedd99] is not eligible for getting processed by all BeanPostProcessors (for example: not eligible for auto-proxying)
2018-04-18 17:58:18.924 [main] INFO  o.s.b.c.e.t.TomcatEmbeddedServletContainer -Tomcat initialized with port(s): 8081 (http)
2018-04-18 17:58:18.934 [main] INFO  o.a.catalina.core.StandardService -Starting service [Tomcat]
2018-04-18 17:58:18.934 [main] INFO  o.a.catalina.core.StandardEngine -Starting Servlet Engine: Apache Tomcat/8.5.23
2018-04-18 17:58:19.064 [localhost-startStop-1] INFO  o.a.c.c.C.[Tomcat].[localhost].[/] -Initializing Spring embedded WebApplicationContext
2018-04-18 17:58:19.069 [localhost-startStop-1] INFO  o.s.web.context.ContextLoader -Root WebApplicationContext: initialization completed in 1725 ms
2018-04-18 17:58:19.220 [localhost-startStop-1] INFO  o.s.b.w.s.ServletRegistrationBean -Mapping servlet: 'dispatcherServlet' to [/]
2018-04-18 17:58:19.230 [localhost-startStop-1] INFO  o.s.b.w.s.FilterRegistrationBean -Mapping filter: 'characterEncodingFilter' to: [/*]
2018-04-18 17:58:19.230 [localhost-startStop-1] INFO  o.s.b.w.s.FilterRegistrationBean -Mapping filter: 'hiddenHttpMethodFilter' to: [/*]
2018-04-18 17:58:19.230 [localhost-startStop-1] INFO  o.s.b.w.s.FilterRegistrationBean -Mapping filter: 'httpPutFormContentFilter' to: [/*]
2018-04-18 17:58:19.230 [localhost-startStop-1] INFO  o.s.b.w.s.FilterRegistrationBean -Mapping filter: 'requestContextFilter' to: [/*]
2018-04-18 17:58:19.441 [main] INFO  o.s.o.j.LocalContainerEntityManagerFactoryBean -Building JPA container EntityManagerFactory for persistence unit 'default'
2018-04-18 17:58:19.461 [main] INFO  o.h.jpa.internal.util.LogHelper -HHH000204: Processing PersistenceUnitInfo [
	name: default
	...]
2018-04-18 17:58:19.521 [main] INFO  org.hibernate.Version -HHH000412: Hibernate Core {5.0.12.Final}
2018-04-18 17:58:19.521 [main] INFO  org.hibernate.cfg.Environment -HHH000206: hibernate.properties not found
2018-04-18 17:58:19.531 [main] INFO  org.hibernate.cfg.Environment -HHH000021: Bytecode provider name : javassist
2018-04-18 17:58:19.571 [main] INFO  o.h.annotations.common.Version -HCANN000001: Hibernate Commons Annotations {5.0.1.Final}
2018-04-18 17:58:19.781 [main] INFO  c.alibaba.druid.pool.DruidDataSource -{dataSource-1} inited
2018-04-18 17:58:20.081 [main] INFO  org.hibernate.dialect.Dialect -HHH000400: Using dialect: org.hibernate.dialect.MySQL5Dialect
2018-04-18 17:58:20.404 [main] INFO  org.hibernate.tuple.PojoInstantiator -HHH000182: No default (no-argument) constructor for class: org.com.coolfish.entity.KuyuCard (class must be instantiated by Interceptor)
2018-04-18 17:58:20.454 [main] INFO  o.h.tool.hbm2ddl.SchemaUpdate -HHH000228: Running hbm2ddl schema update
2018-04-18 17:58:22.065 [main] INFO  o.s.o.j.LocalContainerEntityManagerFactoryBean -Initialized JPA EntityManagerFactory for persistence unit 'default'
2018-04-18 17:58:22.433 [main] INFO  o.h.h.i.QueryTranslatorFactoryInitiator -HHH000397: Using ASTQueryTranslatorFactory
2018-04-18 17:58:22.710 [main] ERROR o.h.hql.internal.ast.ErrorCounter - Unable to locate appropriate constructor on class [org.com.coolfish.entity.KuyuAccount]. Expected arguments are: long, java.lang.String
[cause=org.hibernate.PropertyNotFoundException: no appropriate constructor in class: org.com.coolfish.entity.KuyuAccount]
2018-04-18 17:58:22.710 [main] ERROR o.h.hql.internal.ast.ErrorCounter - Unable to locate appropriate constructor on class [org.com.coolfish.entity.KuyuAccount]. Expected arguments are: long, java.lang.String
[cause=org.hibernate.PropertyNotFoundException: no appropriate constructor in class: org.com.coolfish.entity.KuyuAccount]
org.hibernate.hql.internal.ast.DetailedSemanticException: Unable to locate appropriate constructor on class [org.com.coolfish.entity.KuyuAccount]. Expected arguments are: long, java.lang.String
	at org.hibernate.hql.internal.ast.tree.ConstructorNode.resolveConstructor(ConstructorNode.java:182)
	at org.hibernate.hql.internal.ast.tree.ConstructorNode.prepare(ConstructorNode.java:144)
	at org.hibernate.hql.internal.ast.HqlSqlWalker.processConstructor(HqlSqlWalker.java:1092)
	at org.hibernate.hql.internal.antlr.HqlSqlBaseWalker.selectExpr(HqlSqlBaseWalker.java:2359)
	at org.hibernate.hql.internal.antlr.HqlSqlBaseWalker.selectExprList(HqlSqlBaseWalker.java:2225)
	at org.hibernate.hql.internal.antlr.HqlSqlBaseWalker.selectClause(HqlSqlBaseWalker.java:1496)
	at org.hibernate.hql.internal.antlr.HqlSqlBaseWalker.query(HqlSqlBaseWalker.java:581)
	at org.hibernate.hql.internal.antlr.HqlSqlBaseWalker.selectStatement(HqlSqlBaseWalker.java:309)
	at org.hibernate.hql.internal.antlr.HqlSqlBaseWalker.statement(HqlSqlBaseWalker.java:257)
	at org.hibernate.hql.internal.ast.QueryTranslatorImpl.analyze(QueryTranslatorImpl.java:262)
	at org.hibernate.hql.internal.ast.QueryTranslatorImpl.doCompile(QueryTranslatorImpl.java:190)
	at org.hibernate.hql.internal.ast.QueryTranslatorImpl.compile(QueryTranslatorImpl.java:142)
	at org.hibernate.engine.query.spi.HQLQueryPlan.<init>(HQLQueryPlan.java:115)
	at org.hibernate.engine.query.spi.HQLQueryPlan.<init>(HQLQueryPlan.java:76)
	at org.hibernate.engine.query.spi.QueryPlanCache.getHQLQueryPlan(QueryPlanCache.java:150)
	at org.hibernate.internal.AbstractSessionImpl.getHQLQueryPlan(AbstractSessionImpl.java:302)
	at org.hibernate.internal.AbstractSessionImpl.createQuery(AbstractSessionImpl.java:240)
	at org.hibernate.internal.SessionImpl.createQuery(SessionImpl.java:1894)
	at org.hibernate.jpa.spi.AbstractEntityManagerImpl.createQuery(AbstractEntityManagerImpl.java:291)
	at sun.reflect.NativeMethodAccessorImpl.invoke0(Native Method)
	at sun.reflect.NativeMethodAccessorImpl.invoke(NativeMethodAccessorImpl.java:62)
	at sun.reflect.DelegatingMethodAccessorImpl.invoke(DelegatingMethodAccessorImpl.java:43)
	at java.lang.reflect.Method.invoke(Method.java:498)
	at org.springframework.orm.jpa.ExtendedEntityManagerCreator$ExtendedEntityManagerInvocationHandler.invoke(ExtendedEntityManagerCreator.java:347)
	at com.sun.proxy.$Proxy87.createQuery(Unknown Source)
	at org.springframework.data.jpa.repository.query.SimpleJpaQuery.validateQuery(SimpleJpaQuery.java:86)
	at org.springframework.data.jpa.repository.query.SimpleJpaQuery.<init>(SimpleJpaQuery.java:62)
	at org.springframework.data.jpa.repository.query.JpaQueryFactory.fromMethodWithQueryString(JpaQueryFactory.java:72)
	at org.springframework.data.jpa.repository.query.JpaQueryFactory.fromQueryAnnotation(JpaQueryFactory.java:53)
	at org.springframework.data.jpa.repository.query.JpaQueryLookupStrategy$DeclaredQueryLookupStrategy.resolveQuery(JpaQueryLookupStrategy.java:138)
	at org.springframework.data.jpa.repository.query.JpaQueryLookupStrategy$CreateIfNotFoundQueryLookupStrategy.resolveQuery(JpaQueryLookupStrategy.java:205)
	at org.springframework.data.jpa.repository.query.JpaQueryLookupStrategy$AbstractQueryLookupStrategy.resolveQuery(JpaQueryLookupStrategy.java:77)
	at org.springframework.data.repository.core.support.RepositoryFactorySupport$QueryExecutorMethodInterceptor.<init>(RepositoryFactorySupport.java:451)
	at org.springframework.data.repository.core.support.RepositoryFactorySupport.getRepository(RepositoryFactorySupport.java:224)
	at org.springframework.data.repository.core.support.RepositoryFactoryBeanSupport.initAndReturn(RepositoryFactoryBeanSupport.java:277)
	at org.springframework.data.repository.core.support.RepositoryFactoryBeanSupport.afterPropertiesSet(RepositoryFactoryBeanSupport.java:263)
	at org.springframework.data.jpa.repository.support.JpaRepositoryFactoryBean.afterPropertiesSet(JpaRepositoryFactoryBean.java:101)
	at org.springframework.beans.factory.support.AbstractAutowireCapableBeanFactory.invokeInitMethods(AbstractAutowireCapableBeanFactory.java:1687)
	at org.springframework.beans.factory.support.AbstractAutowireCapableBeanFactory.initializeBean(AbstractAutowireCapableBeanFactory.java:1624)
	at org.springframework.beans.factory.support.AbstractAutowireCapableBeanFactory.doCreateBean(AbstractAutowireCapableBeanFactory.java:555)
	at org.springframework.beans.factory.support.AbstractAutowireCapableBeanFactory.createBean(AbstractAutowireCapableBeanFactory.java:483)
	at org.springframework.beans.factory.support.AbstractBeanFactory$1.getObject(AbstractBeanFactory.java:306)
	at org.springframework.beans.factory.support.DefaultSingletonBeanRegistry.getSingleton(DefaultSingletonBeanRegistry.java:230)
	at org.springframework.beans.factory.support.AbstractBeanFactory.doGetBean(AbstractBeanFactory.java:302)
	at org.springframework.beans.factory.support.AbstractBeanFactory.getBean(AbstractBeanFactory.java:202)
	at org.springframework.beans.factory.config.DependencyDescriptor.resolveCandidate(DependencyDescriptor.java:208)
	at org.springframework.beans.factory.support.DefaultListableBeanFactory.doResolveDependency(DefaultListableBeanFactory.java:1138)
	at org.springframework.beans.factory.support.DefaultListableBeanFactory.resolveDependency(DefaultListableBeanFactory.java:1066)
	at org.springframework.beans.factory.annotation.AutowiredAnnotationBeanPostProcessor$AutowiredFieldElement.inject(AutowiredAnnotationBeanPostProcessor.java:585)
	at org.springframework.beans.factory.annotation.InjectionMetadata.inject(InjectionMetadata.java:88)
	at org.springframework.beans.factory.annotation.AutowiredAnnotationBeanPostProcessor.postProcessPropertyValues(AutowiredAnnotationBeanPostProcessor.java:366)
	at org.springframework.beans.factory.support.AbstractAutowireCapableBeanFactory.populateBean(AbstractAutowireCapableBeanFactory.java:1264)
	at org.springframework.beans.factory.support.AbstractAutowireCapableBeanFactory.doCreateBean(AbstractAutowireCapableBeanFactory.java:553)
	at org.springframework.beans.factory.support.AbstractAutowireCapableBeanFactory.createBean(AbstractAutowireCapableBeanFactory.java:483)
	at org.springframework.beans.factory.support.AbstractBeanFactory$1.getObject(AbstractBeanFactory.java:306)
	at org.springframework.beans.factory.support.DefaultSingletonBeanRegistry.getSingleton(DefaultSingletonBeanRegistry.java:230)
	at org.springframework.beans.factory.support.AbstractBeanFactory.doGetBean(AbstractBeanFactory.java:302)
	at org.springframework.beans.factory.support.AbstractBeanFactory.getBean(AbstractBeanFactory.java:197)
	at org.springframework.beans.factory.support.DefaultListableBeanFactory.preInstantiateSingletons(DefaultListableBeanFactory.java:761)
	at org.springframework.context.support.AbstractApplicationContext.finishBeanFactoryInitialization(AbstractApplicationContext.java:867)
	at org.springframework.context.support.AbstractApplicationContext.refresh(AbstractApplicationContext.java:543)
	at org.springframework.boot.context.embedded.EmbeddedWebApplicationContext.refresh(EmbeddedWebApplicationContext.java:122)
	at org.springframework.boot.SpringApplication.refresh(SpringApplication.java:693)
	at org.springframework.boot.SpringApplication.refreshContext(SpringApplication.java:360)
	at org.springframework.boot.SpringApplication.run(SpringApplication.java:303)
	at org.springframework.boot.SpringApplication.run(SpringApplication.java:1118)
	at org.springframework.boot.SpringApplication.run(SpringApplication.java:1107)
	at org.com.coolfish.Application.main(Application.java:15)
2018-04-18 17:58:22.720 [main] WARN  o.s.b.c.e.AnnotationConfigEmbeddedWebApplicationContext -Exception encountered during context initialization - cancelling refresh attempt: org.springframework.beans.factory.UnsatisfiedDependencyException: Error creating bean with name 'kuyuAccountService': Unsatisfied dependency expressed through field 'repository'; nested exception is org.springframework.beans.factory.BeanCreationException: Error creating bean with name 'kuyuAccountRepository': Invocation of init method failed; nested exception is java.lang.IllegalArgumentException: Validation failed for query for method public abstract java.util.List org.com.coolfish.repository.KuyuAccountRepository.findAll1()!
2018-04-18 17:58:22.720 [main] INFO  o.s.o.j.LocalContainerEntityManagerFactoryBean -Closing JPA EntityManagerFactory for persistence unit 'default'
2018-04-18 17:58:22.720 [main] INFO  c.alibaba.druid.pool.DruidDataSource -{dataSource-1} closed
2018-04-18 17:58:22.720 [main] INFO  o.a.catalina.core.StandardService -Stopping service [Tomcat]
2018-04-18 17:58:22.730 [main] INFO  o.s.b.a.l.AutoConfigurationReportLoggingInitializer -

Error starting ApplicationContext. To display the auto-configuration report re-run your application with 'debug' enabled.
2018-04-18 17:58:22.740 [main] ERROR o.s.boot.SpringApplication -Application startup failed
org.springframework.beans.factory.UnsatisfiedDependencyException: Error creating bean with name 'kuyuAccountService': Unsatisfied dependency expressed through field 'repository'; nested exception is org.springframework.beans.factory.BeanCreationException: Error creating bean with name 'kuyuAccountRepository': Invocation of init method failed; nested exception is java.lang.IllegalArgumentException: Validation failed for query for method public abstract java.util.List org.com.coolfish.repository.KuyuAccountRepository.findAll1()!
	at org.springframework.beans.factory.annotation.AutowiredAnnotationBeanPostProcessor$AutowiredFieldElement.inject(AutowiredAnnotationBeanPostProcessor.java:588)
	at org.springframework.beans.factory.annotation.InjectionMetadata.inject(InjectionMetadata.java:88)
	at org.springframework.beans.factory.annotation.AutowiredAnnotationBeanPostProcessor.postProcessPropertyValues(AutowiredAnnotationBeanPostProcessor.java:366)
	at org.springframework.beans.factory.support.AbstractAutowireCapableBeanFactory.populateBean(AbstractAutowireCapableBeanFactory.java:1264)
	at org.springframework.beans.factory.support.AbstractAutowireCapableBeanFactory.doCreateBean(AbstractAutowireCapableBeanFactory.java:553)
	at org.springframework.beans.factory.support.AbstractAutowireCapableBeanFactory.createBean(AbstractAutowireCapableBeanFactory.java:483)
	at org.springframework.beans.factory.support.AbstractBeanFactory$1.getObject(AbstractBeanFactory.java:306)
	at org.springframework.beans.factory.support.DefaultSingletonBeanRegistry.getSingleton(DefaultSingletonBeanRegistry.java:230)
	at org.springframework.beans.factory.support.AbstractBeanFactory.doGetBean(AbstractBeanFactory.java:302)
	at org.springframework.beans.factory.support.AbstractBeanFactory.getBean(AbstractBeanFactory.java:197)
	at org.springframework.beans.factory.support.DefaultListableBeanFactory.preInstantiateSingletons(DefaultListableBeanFactory.java:761)
	at org.springframework.context.support.AbstractApplicationContext.finishBeanFactoryInitialization(AbstractApplicationContext.java:867)
	at org.springframework.context.support.AbstractApplicationContext.refresh(AbstractApplicationContext.java:543)
	at org.springframework.boot.context.embedded.EmbeddedWebApplicationContext.refresh(EmbeddedWebApplicationContext.java:122)
	at org.springframework.boot.SpringApplication.refresh(SpringApplication.java:693)
	at org.springframework.boot.SpringApplication.refreshContext(SpringApplication.java:360)
	at org.springframework.boot.SpringApplication.run(SpringApplication.java:303)
	at org.springframework.boot.SpringApplication.run(SpringApplication.java:1118)
	at org.springframework.boot.SpringApplication.run(SpringApplication.java:1107)
	at org.com.coolfish.Application.main(Application.java:15)
Caused by: org.springframework.beans.factory.BeanCreationException: Error creating bean with name 'kuyuAccountRepository': Invocation of init method failed; nested exception is java.lang.IllegalArgumentException: Validation failed for query for method public abstract java.util.List org.com.coolfish.repository.KuyuAccountRepository.findAll1()!
	at org.springframework.beans.factory.support.AbstractAutowireCapableBeanFactory.initializeBean(AbstractAutowireCapableBeanFactory.java:1628)
	at org.springframework.beans.factory.support.AbstractAutowireCapableBeanFactory.doCreateBean(AbstractAutowireCapableBeanFactory.java:555)
	at org.springframework.beans.factory.support.AbstractAutowireCapableBeanFactory.createBean(AbstractAutowireCapableBeanFactory.java:483)
	at org.springframework.beans.factory.support.AbstractBeanFactory$1.getObject(AbstractBeanFactory.java:306)
	at org.springframework.beans.factory.support.DefaultSingletonBeanRegistry.getSingleton(DefaultSingletonBeanRegistry.java:230)
	at org.springframework.beans.factory.support.AbstractBeanFactory.doGetBean(AbstractBeanFactory.java:302)
	at org.springframework.beans.factory.support.AbstractBeanFactory.getBean(AbstractBeanFactory.java:202)
	at org.springframework.beans.factory.config.DependencyDescriptor.resolveCandidate(DependencyDescriptor.java:208)
	at org.springframework.beans.factory.support.DefaultListableBeanFactory.doResolveDependency(DefaultListableBeanFactory.java:1138)
	at org.springframework.beans.factory.support.DefaultListableBeanFactory.resolveDependency(DefaultListableBeanFactory.java:1066)
	at org.springframework.beans.factory.annotation.AutowiredAnnotationBeanPostProcessor$AutowiredFieldElement.inject(AutowiredAnnotationBeanPostProcessor.java:585)
	... 19 common frames omitted
Caused by: java.lang.IllegalArgumentException: Validation failed for query for method public abstract java.util.List org.com.coolfish.repository.KuyuAccountRepository.findAll1()!
	at org.springframework.data.jpa.repository.query.SimpleJpaQuery.validateQuery(SimpleJpaQuery.java:92)
	at org.springframework.data.jpa.repository.query.SimpleJpaQuery.<init>(SimpleJpaQuery.java:62)
	at org.springframework.data.jpa.repository.query.JpaQueryFactory.fromMethodWithQueryString(JpaQueryFactory.java:72)
	at org.springframework.data.jpa.repository.query.JpaQueryFactory.fromQueryAnnotation(JpaQueryFactory.java:53)
	at org.springframework.data.jpa.repository.query.JpaQueryLookupStrategy$DeclaredQueryLookupStrategy.resolveQuery(JpaQueryLookupStrategy.java:138)
	at org.springframework.data.jpa.repository.query.JpaQueryLookupStrategy$CreateIfNotFoundQueryLookupStrategy.resolveQuery(JpaQueryLookupStrategy.java:205)
	at org.springframework.data.jpa.repository.query.JpaQueryLookupStrategy$AbstractQueryLookupStrategy.resolveQuery(JpaQueryLookupStrategy.java:77)
	at org.springframework.data.repository.core.support.RepositoryFactorySupport$QueryExecutorMethodInterceptor.<init>(RepositoryFactorySupport.java:451)
	at org.springframework.data.repository.core.support.RepositoryFactorySupport.getRepository(RepositoryFactorySupport.java:224)
	at org.springframework.data.repository.core.support.RepositoryFactoryBeanSupport.initAndReturn(RepositoryFactoryBeanSupport.java:277)
	at org.springframework.data.repository.core.support.RepositoryFactoryBeanSupport.afterPropertiesSet(RepositoryFactoryBeanSupport.java:263)
	at org.springframework.data.jpa.repository.support.JpaRepositoryFactoryBean.afterPropertiesSet(JpaRepositoryFactoryBean.java:101)
	at org.springframework.beans.factory.support.AbstractAutowireCapableBeanFactory.invokeInitMethods(AbstractAutowireCapableBeanFactory.java:1687)
	at org.springframework.beans.factory.support.AbstractAutowireCapableBeanFactory.initializeBean(AbstractAutowireCapableBeanFactory.java:1624)
	... 29 common frames omitted
Caused by: java.lang.IllegalArgumentException: org.hibernate.hql.internal.ast.QuerySyntaxException: Unable to locate appropriate constructor on class [org.com.coolfish.entity.KuyuAccount]. Expected arguments are: long, java.lang.String [select new KuyuAccount(e.id,e.text) from org.com.coolfish.entity.KuyuAccount e]
	at org.hibernate.jpa.spi.AbstractEntityManagerImpl.convert(AbstractEntityManagerImpl.java:1679)
	at org.hibernate.jpa.spi.AbstractEntityManagerImpl.convert(AbstractEntityManagerImpl.java:1602)
	at org.hibernate.jpa.spi.AbstractEntityManagerImpl.convert(AbstractEntityManagerImpl.java:1608)
	at org.hibernate.jpa.spi.AbstractEntityManagerImpl.createQuery(AbstractEntityManagerImpl.java:294)
	at sun.reflect.NativeMethodAccessorImpl.invoke0(Native Method)
	at sun.reflect.NativeMethodAccessorImpl.invoke(NativeMethodAccessorImpl.java:62)
	at sun.reflect.DelegatingMethodAccessorImpl.invoke(DelegatingMethodAccessorImpl.java:43)
	at java.lang.reflect.Method.invoke(Method.java:498)
	at org.springframework.orm.jpa.ExtendedEntityManagerCreator$ExtendedEntityManagerInvocationHandler.invoke(ExtendedEntityManagerCreator.java:347)
	at com.sun.proxy.$Proxy87.createQuery(Unknown Source)
	at org.springframework.data.jpa.repository.query.SimpleJpaQuery.validateQuery(SimpleJpaQuery.java:86)
	... 42 common frames omitted
Caused by: org.hibernate.hql.internal.ast.QuerySyntaxException: Unable to locate appropriate constructor on class [org.com.coolfish.entity.KuyuAccount]. Expected arguments are: long, java.lang.String [select new KuyuAccount(e.id,e.text) from org.com.coolfish.entity.KuyuAccount e]
	at org.hibernate.hql.internal.ast.QuerySyntaxException.convert(QuerySyntaxException.java:74)
	at org.hibernate.hql.internal.ast.ErrorCounter.throwQueryException(ErrorCounter.java:91)
	at org.hibernate.hql.internal.ast.QueryTranslatorImpl.analyze(QueryTranslatorImpl.java:268)
	at org.hibernate.hql.internal.ast.QueryTranslatorImpl.doCompile(QueryTranslatorImpl.java:190)
	at org.hibernate.hql.internal.ast.QueryTranslatorImpl.compile(QueryTranslatorImpl.java:142)
	at org.hibernate.engine.query.spi.HQLQueryPlan.<init>(HQLQueryPlan.java:115)
	at org.hibernate.engine.query.spi.HQLQueryPlan.<init>(HQLQueryPlan.java:76)
	at org.hibernate.engine.query.spi.QueryPlanCache.getHQLQueryPlan(QueryPlanCache.java:150)
	at org.hibernate.internal.AbstractSessionImpl.getHQLQueryPlan(AbstractSessionImpl.java:302)
	at org.hibernate.internal.AbstractSessionImpl.createQuery(AbstractSessionImpl.java:240)
	at org.hibernate.internal.SessionImpl.createQuery(SessionImpl.java:1894)
	at org.hibernate.jpa.spi.AbstractEntityManagerImpl.createQuery(AbstractEntityManagerImpl.java:291)
	... 49 common frames omitted
2018-04-18 18:00:48.000 [main] INFO  org.com.coolfish.Application -Starting Application on DESKTOP-KQUPCBR with PID 6816 (D:\DevelopTools\GitHub\coolfish-master\coolfish-telconsumer-cha\target\classes started by LINGHUI in D:\DevelopTools\GitHub\coolfish-master\coolfish-telconsumer-cha)
2018-04-18 18:00:48.000 [main] INFO  org.com.coolfish.Application -The following profiles are active: dev
2018-04-18 18:00:48.070 [main] INFO  o.s.b.c.e.AnnotationConfigEmbeddedWebApplicationContext -Refreshing org.springframework.boot.context.embedded.AnnotationConfigEmbeddedWebApplicationContext@247d8ae: startup date [Wed Apr 18 18:00:48 CST 2018]; root of context hierarchy
2018-04-18 18:00:48.810 [main] INFO  o.s.d.r.c.RepositoryConfigurationDelegate -Multiple Spring Data modules found, entering strict repository configuration mode!
2018-04-18 18:00:48.889 [main] INFO  o.s.d.r.c.RepositoryConfigurationDelegate -Multiple Spring Data modules found, entering strict repository configuration mode!
2018-04-18 18:00:48.919 [main] INFO  o.s.d.r.c.RepositoryConfigurationExtensionSupport -Spring Data Redis - Could not safely identify store assignment for repository candidate interface org.com.coolfish.repository.KuyuAccountRepository.
2018-04-18 18:00:48.919 [main] INFO  o.s.d.r.c.RepositoryConfigurationExtensionSupport -Spring Data Redis - Could not safely identify store assignment for repository candidate interface org.com.coolfish.repository.KuyuOperatorRepository.
2018-04-18 18:00:48.919 [main] INFO  o.s.d.r.c.RepositoryConfigurationExtensionSupport -Spring Data Redis - Could not safely identify store assignment for repository candidate interface org.com.coolfish.repository.KuyuCardRepository.
2018-04-18 18:00:48.919 [main] INFO  o.s.d.r.c.RepositoryConfigurationExtensionSupport -Spring Data Redis - Could not safely identify store assignment for repository candidate interface org.com.coolfish.repository.KuyuAddPackageRepository.
2018-04-18 18:00:49.256 [main] INFO  o.s.c.s.PostProcessorRegistrationDelegate$BeanPostProcessorChecker -Bean 'taskExecutorConfig' of type [org.com.coolfish.config.TaskExecutorConfig$$EnhancerBySpringCGLIB$$22fbe140] is not eligible for getting processed by all BeanPostProcessors (for example: not eligible for auto-proxying)
2018-04-18 18:00:49.256 [main] INFO  o.s.s.c.ThreadPoolTaskExecutor -Initializing ExecutorService 
2018-04-18 18:00:49.306 [main] INFO  o.s.c.s.PostProcessorRegistrationDelegate$BeanPostProcessorChecker -Bean 'org.springframework.amqp.rabbit.annotation.RabbitBootstrapConfiguration' of type [org.springframework.amqp.rabbit.annotation.RabbitBootstrapConfiguration$$EnhancerBySpringCGLIB$$59bedd99] is not eligible for getting processed by all BeanPostProcessors (for example: not eligible for auto-proxying)
2018-04-18 18:00:49.807 [main] INFO  o.s.b.c.e.t.TomcatEmbeddedServletContainer -Tomcat initialized with port(s): 8081 (http)
2018-04-18 18:00:49.817 [main] INFO  o.a.catalina.core.StandardService -Starting service [Tomcat]
2018-04-18 18:00:49.829 [main] INFO  o.a.catalina.core.StandardEngine -Starting Servlet Engine: Apache Tomcat/8.5.23
2018-04-18 18:00:49.989 [localhost-startStop-1] INFO  o.a.c.c.C.[Tomcat].[localhost].[/] -Initializing Spring embedded WebApplicationContext
2018-04-18 18:00:49.989 [localhost-startStop-1] INFO  o.s.web.context.ContextLoader -Root WebApplicationContext: initialization completed in 1919 ms
2018-04-18 18:00:50.139 [localhost-startStop-1] INFO  o.s.b.w.s.ServletRegistrationBean -Mapping servlet: 'dispatcherServlet' to [/]
2018-04-18 18:00:50.149 [localhost-startStop-1] INFO  o.s.b.w.s.FilterRegistrationBean -Mapping filter: 'characterEncodingFilter' to: [/*]
2018-04-18 18:00:50.149 [localhost-startStop-1] INFO  o.s.b.w.s.FilterRegistrationBean -Mapping filter: 'hiddenHttpMethodFilter' to: [/*]
2018-04-18 18:00:50.149 [localhost-startStop-1] INFO  o.s.b.w.s.FilterRegistrationBean -Mapping filter: 'httpPutFormContentFilter' to: [/*]
2018-04-18 18:00:50.149 [localhost-startStop-1] INFO  o.s.b.w.s.FilterRegistrationBean -Mapping filter: 'requestContextFilter' to: [/*]
2018-04-18 18:00:50.379 [main] INFO  o.s.o.j.LocalContainerEntityManagerFactoryBean -Building JPA container EntityManagerFactory for persistence unit 'default'
2018-04-18 18:00:50.389 [main] INFO  o.h.jpa.internal.util.LogHelper -HHH000204: Processing PersistenceUnitInfo [
	name: default
	...]
2018-04-18 18:00:50.459 [main] INFO  org.hibernate.Version -HHH000412: Hibernate Core {5.0.12.Final}
2018-04-18 18:00:50.459 [main] INFO  org.hibernate.cfg.Environment -HHH000206: hibernate.properties not found
2018-04-18 18:00:50.459 [main] INFO  org.hibernate.cfg.Environment -HHH000021: Bytecode provider name : javassist
2018-04-18 18:00:50.509 [main] INFO  o.h.annotations.common.Version -HCANN000001: Hibernate Commons Annotations {5.0.1.Final}
2018-04-18 18:00:50.699 [main] INFO  c.alibaba.druid.pool.DruidDataSource -{dataSource-1} inited
2018-04-18 18:00:50.939 [main] INFO  org.hibernate.dialect.Dialect -HHH000400: Using dialect: org.hibernate.dialect.MySQL5Dialect
2018-04-18 18:00:51.255 [main] INFO  org.hibernate.tuple.PojoInstantiator -HHH000182: No default (no-argument) constructor for class: org.com.coolfish.entity.KuyuCard (class must be instantiated by Interceptor)
2018-04-18 18:00:51.305 [main] INFO  o.h.tool.hbm2ddl.SchemaUpdate -HHH000228: Running hbm2ddl schema update
2018-04-18 18:00:52.195 [main] INFO  o.s.o.j.LocalContainerEntityManagerFactoryBean -Initialized JPA EntityManagerFactory for persistence unit 'default'
2018-04-18 18:00:52.543 [main] INFO  o.h.h.i.QueryTranslatorFactoryInitiator -HHH000397: Using ASTQueryTranslatorFactory
2018-04-18 18:00:53.153 [main] INFO  o.s.w.s.m.m.a.RequestMappingHandlerAdapter -Looking for @ControllerAdvice: org.springframework.boot.context.embedded.AnnotationConfigEmbeddedWebApplicationContext@247d8ae: startup date [Wed Apr 18 18:00:48 CST 2018]; root of context hierarchy
2018-04-18 18:00:53.232 [main] INFO  o.s.w.s.m.m.a.RequestMappingHandlerMapping -Mapped "{[/error]}" onto public org.springframework.http.ResponseEntity<java.util.Map<java.lang.String, java.lang.Object>> org.springframework.boot.autoconfigure.web.BasicErrorController.error(javax.servlet.http.HttpServletRequest)
2018-04-18 18:00:53.236 [main] INFO  o.s.w.s.m.m.a.RequestMappingHandlerMapping -Mapped "{[/error],produces=[text/html]}" onto public org.springframework.web.servlet.ModelAndView org.springframework.boot.autoconfigure.web.BasicErrorController.errorHtml(javax.servlet.http.HttpServletRequest,javax.servlet.http.HttpServletResponse)
2018-04-18 18:00:53.256 [main] INFO  o.s.w.s.h.SimpleUrlHandlerMapping -Mapped URL path [/webjars/**] onto handler of type [class org.springframework.web.servlet.resource.ResourceHttpRequestHandler]
2018-04-18 18:00:53.266 [main] INFO  o.s.w.s.h.SimpleUrlHandlerMapping -Mapped URL path [/**] onto handler of type [class org.springframework.web.servlet.resource.ResourceHttpRequestHandler]
2018-04-18 18:00:53.296 [main] INFO  o.s.w.s.h.SimpleUrlHandlerMapping -Mapped URL path [/**/favicon.ico] onto handler of type [class org.springframework.web.servlet.resource.ResourceHttpRequestHandler]
2018-04-18 18:00:53.706 [main] INFO  o.s.j.e.a.AnnotationMBeanExporter -Registering beans for JMX exposure on startup
2018-04-18 18:00:53.716 [main] INFO  o.s.j.e.a.AnnotationMBeanExporter -Bean with name 'dataSource' has been autodetected for JMX exposure
2018-04-18 18:00:53.716 [main] INFO  o.s.j.e.a.AnnotationMBeanExporter -Bean with name 'rabbitConnectionFactory' has been autodetected for JMX exposure
2018-04-18 18:00:53.716 [main] INFO  o.s.j.e.a.AnnotationMBeanExporter -Located MBean 'dataSource': registering with JMX server as MBean [com.alibaba.druid.pool:name=dataSource,type=DruidDataSource]
2018-04-18 18:00:53.726 [main] INFO  o.s.j.e.a.AnnotationMBeanExporter -Located managed bean 'rabbitConnectionFactory': registering with JMX server as MBean [org.springframework.amqp.rabbit.connection:name=rabbitConnectionFactory,type=CachingConnectionFactory]
2018-04-18 18:00:53.756 [main] INFO  o.s.c.s.DefaultLifecycleProcessor -Starting beans in phase 2147483647
2018-04-18 18:00:53.906 [SimpleAsyncTaskExecutor-1] INFO  o.s.a.r.c.CachingConnectionFactory -Created new connection: rabbitConnectionFactory#1a4bff32:0/SimpleConnection@5bdb7a5e [delegate=amqp://coolfish@114.55.132.207:5672/, localPort= 60283]
2018-04-18 18:00:54.106 [main] INFO  o.s.b.c.e.t.TomcatEmbeddedServletContainer -Tomcat started on port(s): 8081 (http)
2018-04-18 18:00:54.563 [main] INFO  org.com.coolfish.Application -Started Application in 6.893 seconds (JVM running for 7.371)
2018-04-18 18:09:36.878 [main] INFO  org.com.coolfish.Application -Starting Application on DESKTOP-KQUPCBR with PID 9168 (D:\DevelopTools\GitHub\coolfish-master\coolfish-telconsumer-cha\target\classes started by LINGHUI in D:\DevelopTools\GitHub\coolfish-master\coolfish-telconsumer-cha)
2018-04-18 18:09:36.878 [main] INFO  org.com.coolfish.Application -The following profiles are active: dev
2018-04-18 18:09:36.918 [main] INFO  o.s.b.c.e.AnnotationConfigEmbeddedWebApplicationContext -Refreshing org.springframework.boot.context.embedded.AnnotationConfigEmbeddedWebApplicationContext@247d8ae: startup date [Wed Apr 18 18:09:36 CST 2018]; root of context hierarchy
2018-04-18 18:09:37.560 [main] INFO  o.s.d.r.c.RepositoryConfigurationDelegate -Multiple Spring Data modules found, entering strict repository configuration mode!
2018-04-18 18:09:37.605 [main] INFO  o.s.d.r.c.RepositoryConfigurationDelegate -Multiple Spring Data modules found, entering strict repository configuration mode!
2018-04-18 18:09:37.655 [main] INFO  o.s.d.r.c.RepositoryConfigurationExtensionSupport -Spring Data Redis - Could not safely identify store assignment for repository candidate interface org.com.coolfish.repository.KuyuAccountRepository.
2018-04-18 18:09:37.655 [main] INFO  o.s.d.r.c.RepositoryConfigurationExtensionSupport -Spring Data Redis - Could not safely identify store assignment for repository candidate interface org.com.coolfish.repository.KuyuOperatorRepository.
2018-04-18 18:09:37.655 [main] INFO  o.s.d.r.c.RepositoryConfigurationExtensionSupport -Spring Data Redis - Could not safely identify store assignment for repository candidate interface org.com.coolfish.repository.KuyuCardRepository.
2018-04-18 18:09:37.655 [main] INFO  o.s.d.r.c.RepositoryConfigurationExtensionSupport -Spring Data Redis - Could not safely identify store assignment for repository candidate interface org.com.coolfish.repository.KuyuAddPackageRepository.
2018-04-18 18:09:38.006 [main] INFO  o.s.c.s.PostProcessorRegistrationDelegate$BeanPostProcessorChecker -Bean 'taskExecutorConfig' of type [org.com.coolfish.config.TaskExecutorConfig$$EnhancerBySpringCGLIB$$22fbe140] is not eligible for getting processed by all BeanPostProcessors (for example: not eligible for auto-proxying)
2018-04-18 18:09:38.006 [main] INFO  o.s.s.c.ThreadPoolTaskExecutor -Initializing ExecutorService 
2018-04-18 18:09:38.066 [main] INFO  o.s.c.s.PostProcessorRegistrationDelegate$BeanPostProcessorChecker -Bean 'org.springframework.amqp.rabbit.annotation.RabbitBootstrapConfiguration' of type [org.springframework.amqp.rabbit.annotation.RabbitBootstrapConfiguration$$EnhancerBySpringCGLIB$$59bedd99] is not eligible for getting processed by all BeanPostProcessors (for example: not eligible for auto-proxying)
2018-04-18 18:09:38.576 [main] INFO  o.s.b.c.e.t.TomcatEmbeddedServletContainer -Tomcat initialized with port(s): 8081 (http)
2018-04-18 18:09:38.595 [main] INFO  o.a.catalina.core.StandardService -Starting service [Tomcat]
2018-04-18 18:09:38.595 [main] INFO  o.a.catalina.core.StandardEngine -Starting Servlet Engine: Apache Tomcat/8.5.23
2018-04-18 18:09:38.746 [localhost-startStop-1] INFO  o.a.c.c.C.[Tomcat].[localhost].[/] -Initializing Spring embedded WebApplicationContext
2018-04-18 18:09:38.746 [localhost-startStop-1] INFO  o.s.web.context.ContextLoader -Root WebApplicationContext: initialization completed in 1828 ms
2018-04-18 18:09:38.896 [localhost-startStop-1] INFO  o.s.b.w.s.ServletRegistrationBean -Mapping servlet: 'dispatcherServlet' to [/]
2018-04-18 18:09:38.896 [localhost-startStop-1] INFO  o.s.b.w.s.FilterRegistrationBean -Mapping filter: 'characterEncodingFilter' to: [/*]
2018-04-18 18:09:38.896 [localhost-startStop-1] INFO  o.s.b.w.s.FilterRegistrationBean -Mapping filter: 'hiddenHttpMethodFilter' to: [/*]
2018-04-18 18:09:38.896 [localhost-startStop-1] INFO  o.s.b.w.s.FilterRegistrationBean -Mapping filter: 'httpPutFormContentFilter' to: [/*]
2018-04-18 18:09:38.896 [localhost-startStop-1] INFO  o.s.b.w.s.FilterRegistrationBean -Mapping filter: 'requestContextFilter' to: [/*]
2018-04-18 18:09:39.086 [main] INFO  o.s.o.j.LocalContainerEntityManagerFactoryBean -Building JPA container EntityManagerFactory for persistence unit 'default'
2018-04-18 18:09:39.106 [main] INFO  o.h.jpa.internal.util.LogHelper -HHH000204: Processing PersistenceUnitInfo [
	name: default
	...]
2018-04-18 18:09:39.166 [main] INFO  org.hibernate.Version -HHH000412: Hibernate Core {5.0.12.Final}
2018-04-18 18:09:39.176 [main] INFO  org.hibernate.cfg.Environment -HHH000206: hibernate.properties not found
2018-04-18 18:09:39.176 [main] INFO  org.hibernate.cfg.Environment -HHH000021: Bytecode provider name : javassist
2018-04-18 18:09:39.216 [main] INFO  o.h.annotations.common.Version -HCANN000001: Hibernate Commons Annotations {5.0.1.Final}
2018-04-18 18:09:39.396 [main] INFO  c.alibaba.druid.pool.DruidDataSource -{dataSource-1} inited
2018-04-18 18:09:39.616 [main] INFO  org.hibernate.dialect.Dialect -HHH000400: Using dialect: org.hibernate.dialect.MySQL5Dialect
2018-04-18 18:09:39.899 [main] INFO  org.hibernate.tuple.PojoInstantiator -HHH000182: No default (no-argument) constructor for class: org.com.coolfish.entity.KuyuCard (class must be instantiated by Interceptor)
2018-04-18 18:09:39.959 [main] INFO  o.h.tool.hbm2ddl.SchemaUpdate -HHH000228: Running hbm2ddl schema update
2018-04-18 18:09:41.010 [main] INFO  o.s.o.j.LocalContainerEntityManagerFactoryBean -Initialized JPA EntityManagerFactory for persistence unit 'default'
2018-04-18 18:09:41.393 [main] INFO  o.h.h.i.QueryTranslatorFactoryInitiator -HHH000397: Using ASTQueryTranslatorFactory
2018-04-18 18:09:41.963 [main] INFO  o.s.w.s.m.m.a.RequestMappingHandlerAdapter -Looking for @ControllerAdvice: org.springframework.boot.context.embedded.AnnotationConfigEmbeddedWebApplicationContext@247d8ae: startup date [Wed Apr 18 18:09:36 CST 2018]; root of context hierarchy
2018-04-18 18:09:42.023 [main] INFO  o.s.w.s.m.m.a.RequestMappingHandlerMapping -Mapped "{[/error]}" onto public org.springframework.http.ResponseEntity<java.util.Map<java.lang.String, java.lang.Object>> org.springframework.boot.autoconfigure.web.BasicErrorController.error(javax.servlet.http.HttpServletRequest)
2018-04-18 18:09:42.032 [main] INFO  o.s.w.s.m.m.a.RequestMappingHandlerMapping -Mapped "{[/error],produces=[text/html]}" onto public org.springframework.web.servlet.ModelAndView org.springframework.boot.autoconfigure.web.BasicErrorController.errorHtml(javax.servlet.http.HttpServletRequest,javax.servlet.http.HttpServletResponse)
2018-04-18 18:09:42.052 [main] INFO  o.s.w.s.h.SimpleUrlHandlerMapping -Mapped URL path [/webjars/**] onto handler of type [class org.springframework.web.servlet.resource.ResourceHttpRequestHandler]
2018-04-18 18:09:42.052 [main] INFO  o.s.w.s.h.SimpleUrlHandlerMapping -Mapped URL path [/**] onto handler of type [class org.springframework.web.servlet.resource.ResourceHttpRequestHandler]
2018-04-18 18:09:42.092 [main] INFO  o.s.w.s.h.SimpleUrlHandlerMapping -Mapped URL path [/**/favicon.ico] onto handler of type [class org.springframework.web.servlet.resource.ResourceHttpRequestHandler]
2018-04-18 18:09:42.522 [main] INFO  o.s.j.e.a.AnnotationMBeanExporter -Registering beans for JMX exposure on startup
2018-04-18 18:09:42.522 [main] INFO  o.s.j.e.a.AnnotationMBeanExporter -Bean with name 'dataSource' has been autodetected for JMX exposure
2018-04-18 18:09:42.532 [main] INFO  o.s.j.e.a.AnnotationMBeanExporter -Bean with name 'rabbitConnectionFactory' has been autodetected for JMX exposure
2018-04-18 18:09:42.532 [main] INFO  o.s.j.e.a.AnnotationMBeanExporter -Located MBean 'dataSource': registering with JMX server as MBean [com.alibaba.druid.pool:name=dataSource,type=DruidDataSource]
2018-04-18 18:09:42.532 [main] INFO  o.s.j.e.a.AnnotationMBeanExporter -Located managed bean 'rabbitConnectionFactory': registering with JMX server as MBean [org.springframework.amqp.rabbit.connection:name=rabbitConnectionFactory,type=CachingConnectionFactory]
2018-04-18 18:09:42.562 [main] INFO  o.s.c.s.DefaultLifecycleProcessor -Starting beans in phase 2147483647
2018-04-18 18:09:42.712 [SimpleAsyncTaskExecutor-1] INFO  o.s.a.r.c.CachingConnectionFactory -Created new connection: rabbitConnectionFactory#2bf07dbd:0/SimpleConnection@a161778 [delegate=amqp://coolfish@114.55.132.207:5672/, localPort= 60507]
2018-04-18 18:09:42.882 [main] INFO  o.s.b.c.e.t.TomcatEmbeddedServletContainer -Tomcat started on port(s): 8081 (http)
2018-04-18 18:09:43.307 [main] INFO  org.com.coolfish.Application -Started Application in 6.749 seconds (JVM running for 7.2)
2018-04-18 18:14:45.694 [main] INFO  org.com.coolfish.Application -Starting Application on DESKTOP-KQUPCBR with PID 6080 (D:\DevelopTools\GitHub\coolfish-master\coolfish-telconsumer-cha\target\classes started by LINGHUI in D:\DevelopTools\GitHub\coolfish-master\coolfish-telconsumer-cha)
2018-04-18 18:14:45.704 [main] INFO  org.com.coolfish.Application -The following profiles are active: dev
2018-04-18 18:14:45.754 [main] INFO  o.s.b.c.e.AnnotationConfigEmbeddedWebApplicationContext -Refreshing org.springframework.boot.context.embedded.AnnotationConfigEmbeddedWebApplicationContext@247d8ae: startup date [Wed Apr 18 18:14:45 CST 2018]; root of context hierarchy
2018-04-18 18:14:46.393 [main] INFO  o.s.d.r.c.RepositoryConfigurationDelegate -Multiple Spring Data modules found, entering strict repository configuration mode!
2018-04-18 18:14:46.440 [main] INFO  o.s.d.r.c.RepositoryConfigurationDelegate -Multiple Spring Data modules found, entering strict repository configuration mode!
2018-04-18 18:14:46.470 [main] INFO  o.s.d.r.c.RepositoryConfigurationExtensionSupport -Spring Data Redis - Could not safely identify store assignment for repository candidate interface org.com.coolfish.repository.KuyuAccountRepository.
2018-04-18 18:14:46.480 [main] INFO  o.s.d.r.c.RepositoryConfigurationExtensionSupport -Spring Data Redis - Could not safely identify store assignment for repository candidate interface org.com.coolfish.repository.KuyuOperatorRepository.
2018-04-18 18:14:46.480 [main] INFO  o.s.d.r.c.RepositoryConfigurationExtensionSupport -Spring Data Redis - Could not safely identify store assignment for repository candidate interface org.com.coolfish.repository.KuyuCardRepository.
2018-04-18 18:14:46.480 [main] INFO  o.s.d.r.c.RepositoryConfigurationExtensionSupport -Spring Data Redis - Could not safely identify store assignment for repository candidate interface org.com.coolfish.repository.KuyuAddPackageRepository.
2018-04-18 18:14:46.771 [main] INFO  o.s.c.s.PostProcessorRegistrationDelegate$BeanPostProcessorChecker -Bean 'taskExecutorConfig' of type [org.com.coolfish.config.TaskExecutorConfig$$EnhancerBySpringCGLIB$$22fbe140] is not eligible for getting processed by all BeanPostProcessors (for example: not eligible for auto-proxying)
2018-04-18 18:14:46.771 [main] INFO  o.s.s.c.ThreadPoolTaskExecutor -Initializing ExecutorService 
2018-04-18 18:14:46.831 [main] INFO  o.s.c.s.PostProcessorRegistrationDelegate$BeanPostProcessorChecker -Bean 'org.springframework.amqp.rabbit.annotation.RabbitBootstrapConfiguration' of type [org.springframework.amqp.rabbit.annotation.RabbitBootstrapConfiguration$$EnhancerBySpringCGLIB$$59bedd99] is not eligible for getting processed by all BeanPostProcessors (for example: not eligible for auto-proxying)
2018-04-18 18:14:47.283 [main] INFO  o.s.b.c.e.t.TomcatEmbeddedServletContainer -Tomcat initialized with port(s): 8081 (http)
2018-04-18 18:14:47.293 [main] INFO  o.a.catalina.core.StandardService -Starting service [Tomcat]
2018-04-18 18:14:47.293 [main] INFO  o.a.catalina.core.StandardEngine -Starting Servlet Engine: Apache Tomcat/8.5.23
2018-04-18 18:14:47.383 [localhost-startStop-1] INFO  o.a.c.c.C.[Tomcat].[localhost].[/] -Initializing Spring embedded WebApplicationContext
2018-04-18 18:14:47.383 [localhost-startStop-1] INFO  o.s.web.context.ContextLoader -Root WebApplicationContext: initialization completed in 1629 ms
2018-04-18 18:14:47.543 [localhost-startStop-1] INFO  o.s.b.w.s.ServletRegistrationBean -Mapping servlet: 'dispatcherServlet' to [/]
2018-04-18 18:14:47.547 [localhost-startStop-1] INFO  o.s.b.w.s.FilterRegistrationBean -Mapping filter: 'characterEncodingFilter' to: [/*]
2018-04-18 18:14:47.547 [localhost-startStop-1] INFO  o.s.b.w.s.FilterRegistrationBean -Mapping filter: 'hiddenHttpMethodFilter' to: [/*]
2018-04-18 18:14:47.547 [localhost-startStop-1] INFO  o.s.b.w.s.FilterRegistrationBean -Mapping filter: 'httpPutFormContentFilter' to: [/*]
2018-04-18 18:14:47.547 [localhost-startStop-1] INFO  o.s.b.w.s.FilterRegistrationBean -Mapping filter: 'requestContextFilter' to: [/*]
2018-04-18 18:14:47.727 [main] INFO  o.s.o.j.LocalContainerEntityManagerFactoryBean -Building JPA container EntityManagerFactory for persistence unit 'default'
2018-04-18 18:14:47.747 [main] INFO  o.h.jpa.internal.util.LogHelper -HHH000204: Processing PersistenceUnitInfo [
	name: default
	...]
2018-04-18 18:14:47.807 [main] INFO  org.hibernate.Version -HHH000412: Hibernate Core {5.0.12.Final}
2018-04-18 18:14:47.807 [main] INFO  org.hibernate.cfg.Environment -HHH000206: hibernate.properties not found
2018-04-18 18:14:47.807 [main] INFO  org.hibernate.cfg.Environment -HHH000021: Bytecode provider name : javassist
2018-04-18 18:14:47.837 [main] INFO  o.h.annotations.common.Version -HCANN000001: Hibernate Commons Annotations {5.0.1.Final}
2018-04-18 18:14:48.027 [main] INFO  c.alibaba.druid.pool.DruidDataSource -{dataSource-1} inited
2018-04-18 18:14:48.302 [main] INFO  org.hibernate.dialect.Dialect -HHH000400: Using dialect: org.hibernate.dialect.MySQL5Dialect
2018-04-18 18:14:48.612 [main] INFO  org.hibernate.tuple.PojoInstantiator -HHH000182: No default (no-argument) constructor for class: org.com.coolfish.entity.KuyuCard (class must be instantiated by Interceptor)
2018-04-18 18:14:48.673 [main] INFO  o.h.tool.hbm2ddl.SchemaUpdate -HHH000228: Running hbm2ddl schema update
2018-04-18 18:14:49.533 [main] INFO  o.s.o.j.LocalContainerEntityManagerFactoryBean -Initialized JPA EntityManagerFactory for persistence unit 'default'
2018-04-18 18:14:49.923 [main] INFO  o.h.h.i.QueryTranslatorFactoryInitiator -HHH000397: Using ASTQueryTranslatorFactory
2018-04-18 18:14:50.501 [main] INFO  o.s.w.s.m.m.a.RequestMappingHandlerAdapter -Looking for @ControllerAdvice: org.springframework.boot.context.embedded.AnnotationConfigEmbeddedWebApplicationContext@247d8ae: startup date [Wed Apr 18 18:14:45 CST 2018]; root of context hierarchy
2018-04-18 18:14:50.571 [main] INFO  o.s.w.s.m.m.a.RequestMappingHandlerMapping -Mapped "{[/error]}" onto public org.springframework.http.ResponseEntity<java.util.Map<java.lang.String, java.lang.Object>> org.springframework.boot.autoconfigure.web.BasicErrorController.error(javax.servlet.http.HttpServletRequest)
2018-04-18 18:14:50.571 [main] INFO  o.s.w.s.m.m.a.RequestMappingHandlerMapping -Mapped "{[/error],produces=[text/html]}" onto public org.springframework.web.servlet.ModelAndView org.springframework.boot.autoconfigure.web.BasicErrorController.errorHtml(javax.servlet.http.HttpServletRequest,javax.servlet.http.HttpServletResponse)
2018-04-18 18:14:50.601 [main] INFO  o.s.w.s.h.SimpleUrlHandlerMapping -Mapped URL path [/webjars/**] onto handler of type [class org.springframework.web.servlet.resource.ResourceHttpRequestHandler]
2018-04-18 18:14:50.601 [main] INFO  o.s.w.s.h.SimpleUrlHandlerMapping -Mapped URL path [/**] onto handler of type [class org.springframework.web.servlet.resource.ResourceHttpRequestHandler]
2018-04-18 18:14:50.642 [main] INFO  o.s.w.s.h.SimpleUrlHandlerMapping -Mapped URL path [/**/favicon.ico] onto handler of type [class org.springframework.web.servlet.resource.ResourceHttpRequestHandler]
2018-04-18 18:14:51.042 [main] INFO  o.s.j.e.a.AnnotationMBeanExporter -Registering beans for JMX exposure on startup
2018-04-18 18:14:51.051 [main] INFO  o.s.j.e.a.AnnotationMBeanExporter -Bean with name 'dataSource' has been autodetected for JMX exposure
2018-04-18 18:14:51.051 [main] INFO  o.s.j.e.a.AnnotationMBeanExporter -Bean with name 'rabbitConnectionFactory' has been autodetected for JMX exposure
2018-04-18 18:14:51.051 [main] INFO  o.s.j.e.a.AnnotationMBeanExporter -Located MBean 'dataSource': registering with JMX server as MBean [com.alibaba.druid.pool:name=dataSource,type=DruidDataSource]
2018-04-18 18:14:51.051 [main] INFO  o.s.j.e.a.AnnotationMBeanExporter -Located managed bean 'rabbitConnectionFactory': registering with JMX server as MBean [org.springframework.amqp.rabbit.connection:name=rabbitConnectionFactory,type=CachingConnectionFactory]
2018-04-18 18:14:51.087 [main] INFO  o.s.c.s.DefaultLifecycleProcessor -Starting beans in phase 2147483647
2018-04-18 18:14:51.241 [SimpleAsyncTaskExecutor-1] INFO  o.s.a.r.c.CachingConnectionFactory -Created new connection: rabbitConnectionFactory#74d6a486:0/SimpleConnection@4a501495 [delegate=amqp://coolfish@114.55.132.207:5672/, localPort= 60676]
2018-04-18 18:14:51.421 [main] INFO  o.s.b.c.e.t.TomcatEmbeddedServletContainer -Tomcat started on port(s): 8081 (http)
2018-04-18 18:14:51.899 [main] INFO  org.com.coolfish.Application -Started Application in 6.515 seconds (JVM running for 6.972)
